2025-09-08 15:19:54.197 | INFO     | __main__:main:261 - Read 7272 rows from output/phys-prop/density-all/labelled-data.csv
2025-09-08 15:19:54.198 | INFO     | __main__:main:265 - Filtered to 1212 rows with specified force field Sage 2.0.0
2025-09-08 15:19:54.198 | INFO     | __main__:main:279 - Found 182 groups to compute
2025-09-08 15:20:10.976 | WARNING  | __main__:main:285 - Skipping group Aldehyde with only 4 entries
2025-09-08 15:20:25.461 | WARNING  | __main__:main:285 - Skipping group Carboxylic Acid with only 7 entries
2025-09-08 15:20:53.848 | WARNING  | __main__:main:285 - Skipping group Lactone with only 5 entries
2025-09-08 15:20:54.982 | WARNING  | __main__:main:285 - Skipping group Phenol with only 8 entries
2025-09-08 15:21:03.585 | WARNING  | __main__:main:285 - Skipping group Sulfone with only 1 entries
2025-09-08 15:21:30.673 | WARNING  | __main__:main:285 - Skipping group b11 with only 4 entries
2025-09-08 15:21:42.468 | WARNING  | __main__:main:285 - Skipping group b17 with only 1 entries
2025-09-08 15:21:54.662 | WARNING  | __main__:main:285 - Skipping group b56 with only 1 entries
2025-09-08 15:21:54.663 | WARNING  | __main__:main:285 - Skipping group b59 with only 1 entries
2025-09-08 15:23:17.770 | WARNING  | __main__:main:285 - Skipping group a31 with only 1 entries
2025-09-08 15:23:17.771 | WARNING  | __main__:main:285 - Skipping group a32 with only 1 entries
2025-09-08 15:23:19.086 | WARNING  | __main__:main:285 - Skipping group a41a with only 1 entries
2025-09-08 15:24:21.473 | WARNING  | __main__:main:285 - Skipping group t21 with only 1 entries
2025-09-08 15:24:22.146 | WARNING  | __main__:main:285 - Skipping group t43 with only 10 entries
2025-09-08 15:24:25.216 | WARNING  | __main__:main:285 - Skipping group t46 with only 6 entries
2025-09-08 15:24:25.216 | WARNING  | __main__:main:285 - Skipping group t47 with only 9 entries
2025-09-08 15:24:34.036 | WARNING  | __main__:main:285 - Skipping group t82 with only 4 entries
2025-09-08 15:24:34.036 | WARNING  | __main__:main:285 - Skipping group t83 with only 4 entries
2025-09-08 15:25:01.810 | WARNING  | __main__:main:285 - Skipping group t109 with only 7 entries
2025-09-08 15:25:05.807 | WARNING  | __main__:main:285 - Skipping group t111 with only 5 entries
2025-09-08 15:25:05.807 | WARNING  | __main__:main:285 - Skipping group t118 with only 1 entries
2025-09-08 15:25:05.807 | WARNING  | __main__:main:285 - Skipping group t119 with only 1 entries
2025-09-08 15:25:05.807 | WARNING  | __main__:main:285 - Skipping group t120 with only 1 entries
2025-09-08 15:25:17.060 | WARNING  | __main__:main:285 - Skipping group i7 with only 4 entries
2025-09-08 15:25:37.798 | WARNING  | __main__:main:285 - Skipping group n5 with only 4 entries
2025-09-08 15:26:27.551 | WARNING  | __main__:main:285 - Skipping group n21 with only 1 entries
2025-09-08 15:38:29.852 | INFO     | __main__:main:261 - Read 7272 rows from output/phys-prop/density-all/labelled-data.csv
2025-09-08 15:38:29.853 | INFO     | __main__:main:265 - Filtered to 1212 rows with specified force field Sage 2.2.1
2025-09-08 15:38:29.853 | INFO     | __main__:main:279 - Found 182 groups to compute
2025-09-08 15:38:47.236 | WARNING  | __main__:main:285 - Skipping group Aldehyde with only 4 entries
2025-09-08 15:39:02.132 | WARNING  | __main__:main:285 - Skipping group Carboxylic Acid with only 7 entries
2025-09-08 15:39:30.772 | WARNING  | __main__:main:285 - Skipping group Lactone with only 5 entries
2025-09-08 15:39:31.887 | WARNING  | __main__:main:285 - Skipping group Phenol with only 8 entries
2025-09-08 15:39:40.508 | WARNING  | __main__:main:285 - Skipping group Sulfone with only 1 entries
2025-09-08 15:40:07.912 | WARNING  | __main__:main:285 - Skipping group b11 with only 4 entries
2025-09-08 15:40:19.809 | WARNING  | __main__:main:285 - Skipping group b17 with only 1 entries
2025-09-08 15:40:32.200 | WARNING  | __main__:main:285 - Skipping group b56 with only 1 entries
2025-09-08 15:40:32.201 | WARNING  | __main__:main:285 - Skipping group b59 with only 1 entries
2025-09-08 15:41:57.836 | WARNING  | __main__:main:285 - Skipping group a31 with only 1 entries
2025-09-08 15:41:57.837 | WARNING  | __main__:main:285 - Skipping group a32 with only 1 entries
2025-09-08 15:41:59.186 | WARNING  | __main__:main:285 - Skipping group a41a with only 1 entries
2025-09-08 15:43:03.334 | WARNING  | __main__:main:285 - Skipping group t21 with only 1 entries
2025-09-08 15:43:04.007 | WARNING  | __main__:main:285 - Skipping group t43 with only 10 entries
2025-09-08 15:43:07.329 | WARNING  | __main__:main:285 - Skipping group t46 with only 6 entries
2025-09-08 15:43:07.329 | WARNING  | __main__:main:285 - Skipping group t47 with only 9 entries
2025-09-08 15:43:16.381 | WARNING  | __main__:main:285 - Skipping group t82 with only 4 entries
2025-09-08 15:43:16.381 | WARNING  | __main__:main:285 - Skipping group t83 with only 4 entries
2025-09-08 15:43:45.240 | WARNING  | __main__:main:285 - Skipping group t109 with only 7 entries
2025-09-08 15:43:49.907 | WARNING  | __main__:main:285 - Skipping group t111 with only 5 entries
2025-09-08 15:43:49.907 | WARNING  | __main__:main:285 - Skipping group t118 with only 1 entries
2025-09-08 15:43:49.907 | WARNING  | __main__:main:285 - Skipping group t119 with only 1 entries
2025-09-08 15:43:49.908 | WARNING  | __main__:main:285 - Skipping group t120 with only 1 entries
2025-09-08 15:44:01.698 | WARNING  | __main__:main:285 - Skipping group i7 with only 4 entries
2025-09-08 15:44:22.807 | WARNING  | __main__:main:285 - Skipping group n5 with only 4 entries
2025-09-08 15:45:14.119 | WARNING  | __main__:main:285 - Skipping group n21 with only 1 entries
2025-09-08 15:57:29.993 | INFO     | __main__:main:261 - Read 7272 rows from output/phys-prop/density-all/labelled-data.csv
2025-09-08 15:57:29.995 | INFO     | __main__:main:265 - Filtered to 1212 rows with specified force field Sage 2.3.0rc1
2025-09-08 15:57:29.995 | INFO     | __main__:main:279 - Found 182 groups to compute
2025-09-08 15:57:47.202 | WARNING  | __main__:main:285 - Skipping group Aldehyde with only 4 entries
2025-09-08 15:58:02.005 | WARNING  | __main__:main:285 - Skipping group Carboxylic Acid with only 7 entries
2025-09-08 15:58:30.915 | WARNING  | __main__:main:285 - Skipping group Lactone with only 5 entries
2025-09-08 15:58:32.052 | WARNING  | __main__:main:285 - Skipping group Phenol with only 8 entries
2025-09-08 15:58:40.873 | WARNING  | __main__:main:285 - Skipping group Sulfone with only 1 entries
2025-09-08 15:59:09.240 | WARNING  | __main__:main:285 - Skipping group b11 with only 4 entries
2025-09-08 15:59:21.681 | WARNING  | __main__:main:285 - Skipping group b17 with only 1 entries
2025-09-08 15:59:34.343 | WARNING  | __main__:main:285 - Skipping group b56 with only 1 entries
2025-09-08 15:59:34.344 | WARNING  | __main__:main:285 - Skipping group b59 with only 1 entries
2025-09-08 16:00:59.526 | WARNING  | __main__:main:285 - Skipping group a31 with only 1 entries
2025-09-08 16:00:59.527 | WARNING  | __main__:main:285 - Skipping group a32 with only 1 entries
2025-09-08 16:01:00.837 | WARNING  | __main__:main:285 - Skipping group a41a with only 1 entries
2025-09-08 16:02:04.806 | WARNING  | __main__:main:285 - Skipping group t21 with only 1 entries
2025-09-08 16:02:05.498 | WARNING  | __main__:main:285 - Skipping group t43 with only 10 entries
2025-09-08 16:02:08.588 | WARNING  | __main__:main:285 - Skipping group t46 with only 6 entries
2025-09-08 16:02:08.588 | WARNING  | __main__:main:285 - Skipping group t47 with only 9 entries
2025-09-08 16:02:17.477 | WARNING  | __main__:main:285 - Skipping group t82 with only 4 entries
2025-09-08 16:02:17.478 | WARNING  | __main__:main:285 - Skipping group t83 with only 4 entries
2025-09-08 16:02:46.728 | WARNING  | __main__:main:285 - Skipping group t109 with only 7 entries
2025-09-08 16:02:50.824 | WARNING  | __main__:main:285 - Skipping group t111 with only 5 entries
2025-09-08 16:02:50.824 | WARNING  | __main__:main:285 - Skipping group t118 with only 1 entries
2025-09-08 16:02:50.825 | WARNING  | __main__:main:285 - Skipping group t119 with only 1 entries
2025-09-08 16:02:50.825 | WARNING  | __main__:main:285 - Skipping group t120 with only 1 entries
2025-09-08 16:03:02.538 | WARNING  | __main__:main:285 - Skipping group i7 with only 4 entries
2025-09-08 16:03:23.936 | WARNING  | __main__:main:285 - Skipping group n5 with only 4 entries
2025-09-08 16:04:15.605 | WARNING  | __main__:main:285 - Skipping group n21 with only 1 entries
2025-09-08 16:04:22.139 | INFO     | __main__:main:299 - Saved combined stats to output/phys-prop/density-all/stats/Sage-2.3.0rc1.csv
2025-09-08 16:16:52.190 | INFO     | __main__:main:261 - Read 7272 rows from output/phys-prop/density-all/labelled-data.csv
2025-09-08 16:16:52.191 | INFO     | __main__:main:265 - Filtered to 1212 rows with specified force field v1-k100
2025-09-08 16:16:52.191 | INFO     | __main__:main:279 - Found 182 groups to compute
2025-09-08 16:17:08.897 | WARNING  | __main__:main:285 - Skipping group Aldehyde with only 4 entries
2025-09-08 16:17:23.149 | WARNING  | __main__:main:285 - Skipping group Carboxylic Acid with only 7 entries
2025-09-08 16:17:51.704 | WARNING  | __main__:main:285 - Skipping group Lactone with only 5 entries
2025-09-08 16:17:52.832 | WARNING  | __main__:main:285 - Skipping group Phenol with only 8 entries
2025-09-08 16:18:01.773 | WARNING  | __main__:main:285 - Skipping group Sulfone with only 1 entries
2025-09-08 16:18:29.716 | WARNING  | __main__:main:285 - Skipping group b11 with only 4 entries
2025-09-08 16:18:42.078 | WARNING  | __main__:main:285 - Skipping group b17 with only 1 entries
2025-09-08 16:18:54.309 | WARNING  | __main__:main:285 - Skipping group b56 with only 1 entries
2025-09-08 16:18:54.309 | WARNING  | __main__:main:285 - Skipping group b59 with only 1 entries
2025-09-08 16:20:17.100 | WARNING  | __main__:main:285 - Skipping group a31 with only 1 entries
2025-09-08 16:20:17.101 | WARNING  | __main__:main:285 - Skipping group a32 with only 1 entries
2025-09-08 16:20:18.423 | WARNING  | __main__:main:285 - Skipping group a41a with only 1 entries
2025-09-08 16:21:20.383 | WARNING  | __main__:main:285 - Skipping group t21 with only 1 entries
2025-09-08 16:21:21.056 | WARNING  | __main__:main:285 - Skipping group t43 with only 10 entries
2025-09-08 16:21:24.063 | WARNING  | __main__:main:285 - Skipping group t46 with only 6 entries
2025-09-08 16:21:24.063 | WARNING  | __main__:main:285 - Skipping group t47 with only 9 entries
2025-09-08 16:21:32.774 | WARNING  | __main__:main:285 - Skipping group t82 with only 4 entries
2025-09-08 16:21:32.774 | WARNING  | __main__:main:285 - Skipping group t83 with only 4 entries
2025-09-08 16:22:00.269 | WARNING  | __main__:main:285 - Skipping group t109 with only 7 entries
2025-09-08 16:22:04.279 | WARNING  | __main__:main:285 - Skipping group t111 with only 5 entries
2025-09-08 16:22:04.279 | WARNING  | __main__:main:285 - Skipping group t118 with only 1 entries
2025-09-08 16:22:04.279 | WARNING  | __main__:main:285 - Skipping group t119 with only 1 entries
2025-09-08 16:22:04.279 | WARNING  | __main__:main:285 - Skipping group t120 with only 1 entries
2025-09-08 16:22:15.196 | WARNING  | __main__:main:285 - Skipping group i7 with only 4 entries
2025-09-08 16:22:35.624 | WARNING  | __main__:main:285 - Skipping group n5 with only 4 entries
2025-09-08 16:23:25.156 | WARNING  | __main__:main:285 - Skipping group n21 with only 1 entries
2025-09-08 16:23:31.593 | INFO     | __main__:main:299 - Saved combined stats to output/phys-prop/density-all/stats/v1-k100.csv
2025-09-08 16:35:29.518 | INFO     | __main__:main:261 - Read 7272 rows from output/phys-prop/density-all/labelled-data.csv
2025-09-08 16:35:29.519 | INFO     | __main__:main:265 - Filtered to 1212 rows with specified force field v3-k100
2025-09-08 16:35:29.519 | INFO     | __main__:main:279 - Found 182 groups to compute
2025-09-08 16:35:46.195 | WARNING  | __main__:main:285 - Skipping group Aldehyde with only 4 entries
2025-09-08 16:36:00.634 | WARNING  | __main__:main:285 - Skipping group Carboxylic Acid with only 7 entries
2025-09-08 16:36:29.023 | WARNING  | __main__:main:285 - Skipping group Lactone with only 5 entries
2025-09-08 16:36:30.154 | WARNING  | __main__:main:285 - Skipping group Phenol with only 8 entries
2025-09-08 16:36:39.005 | WARNING  | __main__:main:285 - Skipping group Sulfone with only 1 entries
2025-09-08 16:37:06.602 | WARNING  | __main__:main:285 - Skipping group b11 with only 4 entries
2025-09-08 16:37:18.569 | WARNING  | __main__:main:285 - Skipping group b17 with only 1 entries
2025-09-08 16:37:31.054 | WARNING  | __main__:main:285 - Skipping group b56 with only 1 entries
2025-09-08 16:37:31.054 | WARNING  | __main__:main:285 - Skipping group b59 with only 1 entries
2025-09-08 16:38:54.820 | WARNING  | __main__:main:285 - Skipping group a31 with only 1 entries
2025-09-08 16:38:54.821 | WARNING  | __main__:main:285 - Skipping group a32 with only 1 entries
2025-09-08 16:38:56.157 | WARNING  | __main__:main:285 - Skipping group a41a with only 1 entries
2025-09-08 16:39:58.634 | WARNING  | __main__:main:285 - Skipping group t21 with only 1 entries
2025-09-08 16:39:59.311 | WARNING  | __main__:main:285 - Skipping group t43 with only 10 entries
2025-09-08 16:40:02.565 | WARNING  | __main__:main:285 - Skipping group t46 with only 6 entries
2025-09-08 16:40:02.565 | WARNING  | __main__:main:285 - Skipping group t47 with only 9 entries
2025-09-08 16:40:11.504 | WARNING  | __main__:main:285 - Skipping group t82 with only 4 entries
2025-09-08 16:40:11.507 | WARNING  | __main__:main:285 - Skipping group t83 with only 4 entries
2025-09-08 16:40:39.236 | WARNING  | __main__:main:285 - Skipping group t109 with only 7 entries
2025-09-08 16:40:43.234 | WARNING  | __main__:main:285 - Skipping group t111 with only 5 entries
2025-09-08 16:40:43.234 | WARNING  | __main__:main:285 - Skipping group t118 with only 1 entries
2025-09-08 16:40:43.234 | WARNING  | __main__:main:285 - Skipping group t119 with only 1 entries
2025-09-08 16:40:43.234 | WARNING  | __main__:main:285 - Skipping group t120 with only 1 entries
2025-09-08 16:40:54.301 | WARNING  | __main__:main:285 - Skipping group i7 with only 4 entries
2025-09-08 16:41:14.815 | WARNING  | __main__:main:285 - Skipping group n5 with only 4 entries
2025-09-08 16:42:04.521 | WARNING  | __main__:main:285 - Skipping group n21 with only 1 entries
2025-09-08 16:42:11.056 | INFO     | __main__:main:299 - Saved combined stats to output/phys-prop/density-all/stats/v3-k100.csv
2025-09-08 16:53:52.595 | INFO     | __main__:main:261 - Read 7272 rows from output/phys-prop/density-all/labelled-data.csv
2025-09-08 16:53:52.597 | INFO     | __main__:main:265 - Filtered to 1212 rows with specified force field smee-v2
2025-09-08 16:53:52.597 | INFO     | __main__:main:279 - Found 182 groups to compute
2025-09-08 16:54:09.131 | WARNING  | __main__:main:285 - Skipping group Aldehyde with only 4 entries
2025-09-08 16:54:23.450 | WARNING  | __main__:main:285 - Skipping group Carboxylic Acid with only 7 entries
2025-09-08 16:54:52.335 | WARNING  | __main__:main:285 - Skipping group Lactone with only 5 entries
2025-09-08 16:54:53.532 | WARNING  | __main__:main:285 - Skipping group Phenol with only 8 entries
2025-09-08 16:55:02.236 | WARNING  | __main__:main:285 - Skipping group Sulfone with only 1 entries
2025-09-08 16:55:30.645 | WARNING  | __main__:main:285 - Skipping group b11 with only 4 entries
2025-09-08 16:55:42.978 | WARNING  | __main__:main:285 - Skipping group b17 with only 1 entries
2025-09-08 16:55:55.839 | WARNING  | __main__:main:285 - Skipping group b56 with only 1 entries
2025-09-08 16:55:55.840 | WARNING  | __main__:main:285 - Skipping group b59 with only 1 entries
2025-09-08 16:57:25.842 | WARNING  | __main__:main:285 - Skipping group a31 with only 1 entries
2025-09-08 16:57:25.844 | WARNING  | __main__:main:285 - Skipping group a32 with only 1 entries
2025-09-08 16:57:27.222 | WARNING  | __main__:main:285 - Skipping group a41a with only 1 entries
2025-09-08 16:58:31.654 | WARNING  | __main__:main:285 - Skipping group t21 with only 1 entries
2025-09-08 16:58:32.325 | WARNING  | __main__:main:285 - Skipping group t43 with only 10 entries
2025-09-08 16:58:35.394 | WARNING  | __main__:main:285 - Skipping group t46 with only 6 entries
2025-09-08 16:58:35.394 | WARNING  | __main__:main:285 - Skipping group t47 with only 9 entries
2025-09-08 16:58:44.262 | WARNING  | __main__:main:285 - Skipping group t82 with only 4 entries
2025-09-08 16:58:44.262 | WARNING  | __main__:main:285 - Skipping group t83 with only 4 entries
2025-09-08 16:59:12.095 | WARNING  | __main__:main:285 - Skipping group t109 with only 7 entries
2025-09-08 16:59:16.086 | WARNING  | __main__:main:285 - Skipping group t111 with only 5 entries
2025-09-08 16:59:16.086 | WARNING  | __main__:main:285 - Skipping group t118 with only 1 entries
2025-09-08 16:59:16.087 | WARNING  | __main__:main:285 - Skipping group t119 with only 1 entries
2025-09-08 16:59:16.087 | WARNING  | __main__:main:285 - Skipping group t120 with only 1 entries
2025-09-08 16:59:27.297 | WARNING  | __main__:main:285 - Skipping group i7 with only 4 entries
2025-09-08 16:59:48.357 | WARNING  | __main__:main:285 - Skipping group n5 with only 4 entries
2025-09-08 17:00:39.010 | WARNING  | __main__:main:285 - Skipping group n21 with only 1 entries
2025-09-08 17:00:45.618 | INFO     | __main__:main:299 - Saved combined stats to output/phys-prop/density-all/stats/smee-v2.csv
