2025-09-08 15:29:55.180 | INFO     | __main__:main:261 - Read 5982 rows from output/phys-prop/dhmix-all/labelled-data.csv
2025-09-08 15:29:55.181 | INFO     | __main__:main:265 - Filtered to 997 rows with specified force field Sage 2.0.0
2025-09-08 15:29:55.181 | INFO     | __main__:main:279 - Found 162 groups to compute
2025-09-08 15:30:04.510 | WARNING  | __main__:main:285 - Skipping group 1,2 Aminoalcohol with only 9 entries
2025-09-08 15:30:08.954 | WARNING  | __main__:main:285 - Skipping group Aldehyde with only 3 entries
2025-09-08 15:30:10.979 | WARNING  | __main__:main:285 - Skipping group Alkene with only 9 entries
2025-09-08 15:30:49.215 | WARNING  | __main__:main:285 - Skipping group Phenol with only 6 entries
2025-09-08 15:30:54.446 | WARNING  | __main__:main:285 - Skipping group Secondary Alcohol with only 9 entries
2025-09-08 15:32:36.135 | WARNING  | __main__:main:285 - Skipping group a12 with only 9 entries
2025-09-08 15:33:51.371 | WARNING  | __main__:main:285 - Skipping group t20 with only 9 entries
2025-09-08 15:33:52.039 | WARNING  | __main__:main:285 - Skipping group t43 with only 9 entries
2025-09-08 15:33:54.794 | WARNING  | __main__:main:285 - Skipping group t46 with only 3 entries
2025-09-08 15:33:54.795 | WARNING  | __main__:main:285 - Skipping group t47 with only 6 entries
2025-09-08 15:34:40.796 | WARNING  | __main__:main:285 - Skipping group i6 with only 9 entries
2025-09-08 15:34:58.416 | WARNING  | __main__:main:285 - Skipping group n5 with only 3 entries
2025-09-08 15:48:49.261 | INFO     | __main__:main:261 - Read 5982 rows from output/phys-prop/dhmix-all/labelled-data.csv
2025-09-08 15:48:49.262 | INFO     | __main__:main:265 - Filtered to 997 rows with specified force field Sage 2.2.1
2025-09-08 15:48:49.262 | INFO     | __main__:main:279 - Found 162 groups to compute
2025-09-08 15:48:58.765 | WARNING  | __main__:main:285 - Skipping group 1,2 Aminoalcohol with only 9 entries
2025-09-08 15:49:03.228 | WARNING  | __main__:main:285 - Skipping group Aldehyde with only 3 entries
2025-09-08 15:49:05.221 | WARNING  | __main__:main:285 - Skipping group Alkene with only 9 entries
2025-09-08 15:49:43.213 | WARNING  | __main__:main:285 - Skipping group Phenol with only 6 entries
2025-09-08 15:49:48.505 | WARNING  | __main__:main:285 - Skipping group Secondary Alcohol with only 9 entries
2025-09-08 15:51:32.285 | WARNING  | __main__:main:285 - Skipping group a12 with only 9 entries
2025-09-08 15:52:47.783 | WARNING  | __main__:main:285 - Skipping group t20 with only 9 entries
2025-09-08 15:52:48.447 | WARNING  | __main__:main:285 - Skipping group t43 with only 9 entries
2025-09-08 15:52:51.334 | WARNING  | __main__:main:285 - Skipping group t46 with only 3 entries
2025-09-08 15:52:51.334 | WARNING  | __main__:main:285 - Skipping group t47 with only 6 entries
2025-09-08 15:53:37.808 | WARNING  | __main__:main:285 - Skipping group i6 with only 9 entries
2025-09-08 15:53:56.060 | WARNING  | __main__:main:285 - Skipping group n5 with only 3 entries
2025-09-08 15:54:45.889 | INFO     | __main__:main:299 - Saved combined stats to output/phys-prop/dhmix-all/stats/Sage-2.2.1.csv
2025-09-08 16:07:48.591 | INFO     | __main__:main:261 - Read 5982 rows from output/phys-prop/dhmix-all/labelled-data.csv
2025-09-08 16:07:48.593 | INFO     | __main__:main:265 - Filtered to 997 rows with specified force field Sage 2.3.0rc1
2025-09-08 16:07:48.593 | INFO     | __main__:main:279 - Found 162 groups to compute
2025-09-08 16:07:57.819 | WARNING  | __main__:main:285 - Skipping group 1,2 Aminoalcohol with only 9 entries
2025-09-08 16:08:02.488 | WARNING  | __main__:main:285 - Skipping group Aldehyde with only 3 entries
2025-09-08 16:08:04.481 | WARNING  | __main__:main:285 - Skipping group Alkene with only 9 entries
2025-09-08 16:08:41.798 | WARNING  | __main__:main:285 - Skipping group Phenol with only 6 entries
2025-09-08 16:08:46.988 | WARNING  | __main__:main:285 - Skipping group Secondary Alcohol with only 9 entries
2025-09-08 16:10:35.566 | WARNING  | __main__:main:285 - Skipping group a12 with only 9 entries
2025-09-08 16:12:00.588 | WARNING  | __main__:main:285 - Skipping group t20 with only 9 entries
2025-09-08 16:12:01.326 | WARNING  | __main__:main:285 - Skipping group t43 with only 9 entries
2025-09-08 16:12:04.488 | WARNING  | __main__:main:285 - Skipping group t46 with only 3 entries
2025-09-08 16:12:04.489 | WARNING  | __main__:main:285 - Skipping group t47 with only 6 entries
2025-09-08 16:12:57.145 | WARNING  | __main__:main:285 - Skipping group i6 with only 9 entries
2025-09-08 16:13:15.512 | WARNING  | __main__:main:285 - Skipping group n5 with only 3 entries
2025-09-08 16:14:08.457 | INFO     | __main__:main:299 - Saved combined stats to output/phys-prop/dhmix-all/stats/Sage-2.3.0rc1.csv
2025-09-08 16:26:59.120 | INFO     | __main__:main:261 - Read 5982 rows from output/phys-prop/dhmix-all/labelled-data.csv
2025-09-08 16:26:59.121 | INFO     | __main__:main:265 - Filtered to 997 rows with specified force field v1-k100
2025-09-08 16:26:59.121 | INFO     | __main__:main:279 - Found 162 groups to compute
2025-09-08 16:27:08.255 | WARNING  | __main__:main:285 - Skipping group 1,2 Aminoalcohol with only 9 entries
2025-09-08 16:27:12.620 | WARNING  | __main__:main:285 - Skipping group Aldehyde with only 3 entries
2025-09-08 16:27:14.586 | WARNING  | __main__:main:285 - Skipping group Alkene with only 9 entries
2025-09-08 16:27:51.946 | WARNING  | __main__:main:285 - Skipping group Phenol with only 6 entries
2025-09-08 16:27:57.100 | WARNING  | __main__:main:285 - Skipping group Secondary Alcohol with only 9 entries
2025-09-08 16:29:37.443 | WARNING  | __main__:main:285 - Skipping group a12 with only 9 entries
2025-09-08 16:30:51.578 | WARNING  | __main__:main:285 - Skipping group t20 with only 9 entries
2025-09-08 16:30:52.246 | WARNING  | __main__:main:285 - Skipping group t43 with only 9 entries
2025-09-08 16:30:55.016 | WARNING  | __main__:main:285 - Skipping group t46 with only 3 entries
2025-09-08 16:30:55.016 | WARNING  | __main__:main:285 - Skipping group t47 with only 6 entries
2025-09-08 16:31:40.487 | WARNING  | __main__:main:285 - Skipping group i6 with only 9 entries
2025-09-08 16:31:57.939 | WARNING  | __main__:main:285 - Skipping group n5 with only 3 entries
2025-09-08 16:32:46.712 | INFO     | __main__:main:299 - Saved combined stats to output/phys-prop/dhmix-all/stats/v1-k100.csv
2025-09-08 16:45:29.680 | INFO     | __main__:main:261 - Read 5982 rows from output/phys-prop/dhmix-all/labelled-data.csv
2025-09-08 16:45:29.681 | INFO     | __main__:main:265 - Filtered to 997 rows with specified force field v3-k100
2025-09-08 16:45:29.681 | INFO     | __main__:main:279 - Found 162 groups to compute
2025-09-08 16:45:38.651 | WARNING  | __main__:main:285 - Skipping group 1,2 Aminoalcohol with only 9 entries
2025-09-08 16:45:42.907 | WARNING  | __main__:main:285 - Skipping group Aldehyde with only 3 entries
2025-09-08 16:45:44.842 | WARNING  | __main__:main:285 - Skipping group Alkene with only 9 entries
2025-09-08 16:46:21.256 | WARNING  | __main__:main:285 - Skipping group Phenol with only 6 entries
2025-09-08 16:46:26.315 | WARNING  | __main__:main:285 - Skipping group Secondary Alcohol with only 9 entries
2025-09-08 16:48:04.009 | WARNING  | __main__:main:285 - Skipping group a12 with only 9 entries
2025-09-08 16:49:17.062 | WARNING  | __main__:main:285 - Skipping group t20 with only 9 entries
2025-09-08 16:49:17.725 | WARNING  | __main__:main:285 - Skipping group t43 with only 9 entries
2025-09-08 16:49:20.537 | WARNING  | __main__:main:285 - Skipping group t46 with only 3 entries
2025-09-08 16:49:20.537 | WARNING  | __main__:main:285 - Skipping group t47 with only 6 entries
2025-09-08 16:50:05.353 | WARNING  | __main__:main:285 - Skipping group i6 with only 9 entries
2025-09-08 16:50:22.708 | WARNING  | __main__:main:285 - Skipping group n5 with only 3 entries
2025-09-08 16:51:11.308 | INFO     | __main__:main:299 - Saved combined stats to output/phys-prop/dhmix-all/stats/v3-k100.csv
2025-09-08 17:04:06.983 | INFO     | __main__:main:261 - Read 5982 rows from output/phys-prop/dhmix-all/labelled-data.csv
2025-09-08 17:04:06.984 | INFO     | __main__:main:265 - Filtered to 997 rows with specified force field smee-v2
2025-09-08 17:04:06.984 | INFO     | __main__:main:279 - Found 162 groups to compute
2025-09-08 17:04:16.558 | WARNING  | __main__:main:285 - Skipping group 1,2 Aminoalcohol with only 9 entries
2025-09-08 17:04:21.109 | WARNING  | __main__:main:285 - Skipping group Aldehyde with only 3 entries
2025-09-08 17:04:23.153 | WARNING  | __main__:main:285 - Skipping group Alkene with only 9 entries
2025-09-08 17:05:02.236 | WARNING  | __main__:main:285 - Skipping group Phenol with only 6 entries
2025-09-08 17:05:07.822 | WARNING  | __main__:main:285 - Skipping group Secondary Alcohol with only 9 entries
2025-09-08 17:06:50.019 | WARNING  | __main__:main:285 - Skipping group a12 with only 9 entries
2025-09-08 17:08:05.142 | WARNING  | __main__:main:285 - Skipping group t20 with only 9 entries
2025-09-08 17:08:05.805 | WARNING  | __main__:main:285 - Skipping group t43 with only 9 entries
2025-09-08 17:08:08.586 | WARNING  | __main__:main:285 - Skipping group t46 with only 3 entries
2025-09-08 17:08:08.587 | WARNING  | __main__:main:285 - Skipping group t47 with only 6 entries
2025-09-08 17:08:54.452 | WARNING  | __main__:main:285 - Skipping group i6 with only 9 entries
2025-09-08 17:09:12.049 | WARNING  | __main__:main:285 - Skipping group n5 with only 3 entries
2025-09-08 17:10:01.791 | INFO     | __main__:main:299 - Saved combined stats to output/phys-prop/dhmix-all/stats/smee-v2.csv
