2025-09-08 15:20:26.596 | INFO     | __main__:main:261 - Read 2674 rows from output/sfes/mnsol/labelled-data.csv
2025-09-08 15:20:26.597 | INFO     | __main__:main:265 - Filtered to 382 rows with specified force field Sage 2.2.1 + AmberTools
2025-09-08 15:20:26.597 | INFO     | __main__:main:279 - Found 183 groups to compute
2025-09-08 15:20:30.358 | WARNING  | __main__:main:285 - Skipping group 1,2 Diol with only 1 entries
2025-09-08 15:20:33.635 | WARNING  | __main__:main:285 - Skipping group Alkene with only 3 entries
2025-09-08 15:20:33.635 | WARNING  | __main__:main:285 - Skipping group Alkyl Bromide with only 10 entries
2025-09-08 15:20:34.677 | WARNING  | __main__:main:285 - Skipping group Alkylthiol with only 3 entries
2025-09-08 15:20:38.458 | WARNING  | __main__:main:285 - Skipping group Aryl Chloride with only 9 entries
2025-09-08 15:20:41.624 | WARNING  | __main__:main:285 - Skipping group Carboxylic Acid Primary Amide with only 7 entries
2025-09-08 15:20:41.624 | WARNING  | __main__:main:285 - Skipping group Carboxylic Acid Secondary Amide with only 5 entries
2025-09-08 15:20:48.432 | WARNING  | __main__:main:285 - Skipping group Lactam with only 1 entries
2025-09-08 15:20:48.432 | WARNING  | __main__:main:285 - Skipping group Lactone with only 2 entries
2025-09-08 15:20:48.432 | WARNING  | __main__:main:285 - Skipping group Nitrile with only 2 entries
2025-09-08 15:20:48.432 | WARNING  | __main__:main:285 - Skipping group Nitro Compound with only 1 entries
2025-09-08 15:20:48.432 | WARNING  | __main__:main:285 - Skipping group Oxohetarene with only 4 entries
2025-09-08 15:20:53.018 | WARNING  | __main__:main:285 - Skipping group Secondary Alcohol with only 8 entries
2025-09-08 15:20:54.087 | WARNING  | __main__:main:285 - Skipping group Secondary Mixed Amine with only 1 entries
2025-09-08 15:20:54.087 | WARNING  | __main__:main:285 - Skipping group Tertiary Alcohol with only 3 entries
2025-09-08 15:20:55.058 | WARNING  | __main__:main:285 - Skipping group Thioether with only 1 entries
2025-09-08 15:20:55.059 | WARNING  | __main__:main:285 - Skipping group Thiol with only 3 entries
2025-09-08 15:21:03.769 | WARNING  | __main__:main:285 - Skipping group b6 with only 10 entries
2025-09-08 15:21:05.199 | WARNING  | __main__:main:285 - Skipping group b8a with only 1 entries
2025-09-08 15:21:09.725 | WARNING  | __main__:main:285 - Skipping group b17 with only 1 entries
2025-09-08 15:21:13.050 | WARNING  | __main__:main:285 - Skipping group b24 with only 2 entries
2025-09-08 15:21:13.050 | WARNING  | __main__:main:285 - Skipping group b27 with only 2 entries
2025-09-08 15:21:13.050 | WARNING  | __main__:main:285 - Skipping group b42 with only 1 entries
2025-09-08 15:21:13.050 | WARNING  | __main__:main:285 - Skipping group b45 with only 4 entries
2025-09-08 15:21:13.051 | WARNING  | __main__:main:285 - Skipping group b51 with only 4 entries
2025-09-08 15:21:13.051 | WARNING  | __main__:main:285 - Skipping group b52 with only 2 entries
2025-09-08 15:21:14.067 | WARNING  | __main__:main:285 - Skipping group b70 with only 10 entries
2025-09-08 15:21:15.161 | WARNING  | __main__:main:285 - Skipping group b73 with only 10 entries
2025-09-08 15:21:37.679 | WARNING  | __main__:main:285 - Skipping group a12 with only 7 entries
2025-09-08 15:21:37.680 | WARNING  | __main__:main:285 - Skipping group a14 with only 5 entries
2025-09-08 15:21:38.344 | WARNING  | __main__:main:285 - Skipping group a16 with only 2 entries
2025-09-08 15:21:41.648 | WARNING  | __main__:main:285 - Skipping group a25 with only 1 entries
2025-09-08 15:21:41.648 | WARNING  | __main__:main:285 - Skipping group a26 with only 1 entries
2025-09-08 15:21:44.522 | WARNING  | __main__:main:285 - Skipping group a34 with only 4 entries
2025-09-08 15:21:44.523 | WARNING  | __main__:main:285 - Skipping group a38 with only 1 entries
2025-09-08 15:21:45.033 | WARNING  | __main__:main:285 - Skipping group a41 with only 10 entries
2025-09-08 15:21:45.034 | WARNING  | __main__:main:285 - Skipping group a41a with only 1 entries
2025-09-08 15:21:45.034 | WARNING  | __main__:main:285 - Skipping group a18a with only 2 entries
2025-09-08 15:21:57.831 | WARNING  | __main__:main:285 - Skipping group t12 with only 10 entries
2025-09-08 15:22:02.400 | WARNING  | __main__:main:285 - Skipping group t20 with only 3 entries
2025-09-08 15:22:02.401 | WARNING  | __main__:main:285 - Skipping group t23 with only 1 entries
2025-09-08 15:22:02.401 | WARNING  | __main__:main:285 - Skipping group t43 with only 2 entries
2025-09-08 15:22:02.401 | WARNING  | __main__:main:285 - Skipping group t43a with only 1 entries
2025-09-08 15:22:04.544 | WARNING  | __main__:main:285 - Skipping group t45 with only 10 entries
2025-09-08 15:22:05.223 | WARNING  | __main__:main:285 - Skipping group t47a with only 2 entries
2025-09-08 15:22:05.223 | WARNING  | __main__:main:285 - Skipping group t48 with only 4 entries
2025-09-08 15:22:07.172 | WARNING  | __main__:main:285 - Skipping group t67 with only 1 entries
2025-09-08 15:22:07.173 | WARNING  | __main__:main:285 - Skipping group t73 with only 4 entries
2025-09-08 15:22:08.286 | WARNING  | __main__:main:285 - Skipping group t76 with only 4 entries
2025-09-08 15:22:09.288 | WARNING  | __main__:main:285 - Skipping group t80 with only 2 entries
2025-09-08 15:22:09.288 | WARNING  | __main__:main:285 - Skipping group t83a with only 1 entries
2025-09-08 15:22:18.287 | WARNING  | __main__:main:285 - Skipping group t111 with only 2 entries
2025-09-08 15:22:18.288 | WARNING  | __main__:main:285 - Skipping group t115 with only 4 entries
2025-09-08 15:22:18.288 | WARNING  | __main__:main:285 - Skipping group t116 with only 5 entries
2025-09-08 15:22:18.289 | WARNING  | __main__:main:285 - Skipping group t117a with only 1 entries
2025-09-08 15:22:19.307 | WARNING  | __main__:main:285 - Skipping group t166 with only 2 entries
2025-09-08 15:22:23.402 | WARNING  | __main__:main:285 - Skipping group i6 with only 1 entries
2025-09-08 15:22:36.227 | WARNING  | __main__:main:285 - Skipping group n13 with only 4 entries
2025-09-08 15:22:39.074 | WARNING  | __main__:main:285 - Skipping group n15 with only 2 entries
2025-09-08 15:22:48.959 | WARNING  | __main__:main:285 - Skipping group n21 with only 6 entries
2025-09-08 15:25:42.587 | INFO     | __main__:main:261 - Read 2674 rows from output/sfes/mnsol/labelled-data.csv
2025-09-08 15:25:42.588 | INFO     | __main__:main:265 - Filtered to 382 rows with specified force field Sage 2.2.1 + AshGC
2025-09-08 15:25:42.588 | INFO     | __main__:main:279 - Found 183 groups to compute
2025-09-08 15:25:46.356 | WARNING  | __main__:main:285 - Skipping group 1,2 Diol with only 1 entries
2025-09-08 15:25:49.643 | WARNING  | __main__:main:285 - Skipping group Alkene with only 3 entries
2025-09-08 15:25:49.644 | WARNING  | __main__:main:285 - Skipping group Alkyl Bromide with only 10 entries
2025-09-08 15:25:50.675 | WARNING  | __main__:main:285 - Skipping group Alkylthiol with only 3 entries
2025-09-08 15:25:54.405 | WARNING  | __main__:main:285 - Skipping group Aryl Chloride with only 9 entries
2025-09-08 15:25:57.578 | WARNING  | __main__:main:285 - Skipping group Carboxylic Acid Primary Amide with only 7 entries
2025-09-08 15:25:57.579 | WARNING  | __main__:main:285 - Skipping group Carboxylic Acid Secondary Amide with only 5 entries
2025-09-08 15:26:04.361 | WARNING  | __main__:main:285 - Skipping group Lactam with only 1 entries
2025-09-08 15:26:04.362 | WARNING  | __main__:main:285 - Skipping group Lactone with only 2 entries
2025-09-08 15:26:04.362 | WARNING  | __main__:main:285 - Skipping group Nitrile with only 2 entries
2025-09-08 15:26:04.362 | WARNING  | __main__:main:285 - Skipping group Nitro Compound with only 1 entries
2025-09-08 15:26:04.363 | WARNING  | __main__:main:285 - Skipping group Oxohetarene with only 4 entries
2025-09-08 15:26:08.967 | WARNING  | __main__:main:285 - Skipping group Secondary Alcohol with only 8 entries
2025-09-08 15:26:10.045 | WARNING  | __main__:main:285 - Skipping group Secondary Mixed Amine with only 1 entries
2025-09-08 15:26:10.046 | WARNING  | __main__:main:285 - Skipping group Tertiary Alcohol with only 3 entries
2025-09-08 15:26:11.016 | WARNING  | __main__:main:285 - Skipping group Thioether with only 1 entries
2025-09-08 15:26:11.016 | WARNING  | __main__:main:285 - Skipping group Thiol with only 3 entries
2025-09-08 15:26:19.691 | WARNING  | __main__:main:285 - Skipping group b6 with only 10 entries
2025-09-08 15:26:21.129 | WARNING  | __main__:main:285 - Skipping group b8a with only 1 entries
2025-09-08 15:26:25.699 | WARNING  | __main__:main:285 - Skipping group b17 with only 1 entries
2025-09-08 15:26:29.030 | WARNING  | __main__:main:285 - Skipping group b24 with only 2 entries
2025-09-08 15:26:29.030 | WARNING  | __main__:main:285 - Skipping group b27 with only 2 entries
2025-09-08 15:26:29.030 | WARNING  | __main__:main:285 - Skipping group b42 with only 1 entries
2025-09-08 15:26:29.030 | WARNING  | __main__:main:285 - Skipping group b45 with only 4 entries
2025-09-08 15:26:29.030 | WARNING  | __main__:main:285 - Skipping group b51 with only 4 entries
2025-09-08 15:26:29.030 | WARNING  | __main__:main:285 - Skipping group b52 with only 2 entries
2025-09-08 15:26:30.054 | WARNING  | __main__:main:285 - Skipping group b70 with only 10 entries
2025-09-08 15:26:31.137 | WARNING  | __main__:main:285 - Skipping group b73 with only 10 entries
2025-09-08 15:26:53.688 | WARNING  | __main__:main:285 - Skipping group a12 with only 7 entries
2025-09-08 15:26:53.689 | WARNING  | __main__:main:285 - Skipping group a14 with only 5 entries
2025-09-08 15:26:54.358 | WARNING  | __main__:main:285 - Skipping group a16 with only 2 entries
2025-09-08 15:26:57.678 | WARNING  | __main__:main:285 - Skipping group a25 with only 1 entries
2025-09-08 15:26:57.679 | WARNING  | __main__:main:285 - Skipping group a26 with only 1 entries
2025-09-08 15:27:00.549 | WARNING  | __main__:main:285 - Skipping group a34 with only 4 entries
2025-09-08 15:27:00.550 | WARNING  | __main__:main:285 - Skipping group a38 with only 1 entries
2025-09-08 15:27:01.066 | WARNING  | __main__:main:285 - Skipping group a41 with only 10 entries
2025-09-08 15:27:01.066 | WARNING  | __main__:main:285 - Skipping group a41a with only 1 entries
2025-09-08 15:27:01.066 | WARNING  | __main__:main:285 - Skipping group a18a with only 2 entries
2025-09-08 15:27:13.993 | WARNING  | __main__:main:285 - Skipping group t12 with only 10 entries
2025-09-08 15:27:18.585 | WARNING  | __main__:main:285 - Skipping group t20 with only 3 entries
2025-09-08 15:27:18.585 | WARNING  | __main__:main:285 - Skipping group t23 with only 1 entries
2025-09-08 15:27:18.585 | WARNING  | __main__:main:285 - Skipping group t43 with only 2 entries
2025-09-08 15:27:18.585 | WARNING  | __main__:main:285 - Skipping group t43a with only 1 entries
2025-09-08 15:27:20.744 | WARNING  | __main__:main:285 - Skipping group t45 with only 10 entries
2025-09-08 15:27:21.390 | WARNING  | __main__:main:285 - Skipping group t47a with only 2 entries
2025-09-08 15:27:21.390 | WARNING  | __main__:main:285 - Skipping group t48 with only 4 entries
2025-09-08 15:27:23.355 | WARNING  | __main__:main:285 - Skipping group t67 with only 1 entries
2025-09-08 15:27:23.355 | WARNING  | __main__:main:285 - Skipping group t73 with only 4 entries
2025-09-08 15:27:24.475 | WARNING  | __main__:main:285 - Skipping group t76 with only 4 entries
2025-09-08 15:27:25.496 | WARNING  | __main__:main:285 - Skipping group t80 with only 2 entries
2025-09-08 15:27:25.496 | WARNING  | __main__:main:285 - Skipping group t83a with only 1 entries
2025-09-08 15:27:34.549 | WARNING  | __main__:main:285 - Skipping group t111 with only 2 entries
2025-09-08 15:27:34.550 | WARNING  | __main__:main:285 - Skipping group t115 with only 4 entries
2025-09-08 15:27:34.550 | WARNING  | __main__:main:285 - Skipping group t116 with only 5 entries
2025-09-08 15:27:34.550 | WARNING  | __main__:main:285 - Skipping group t117a with only 1 entries
2025-09-08 15:27:35.582 | WARNING  | __main__:main:285 - Skipping group t166 with only 2 entries
2025-09-08 15:27:39.762 | WARNING  | __main__:main:285 - Skipping group i6 with only 1 entries
2025-09-08 15:27:52.804 | WARNING  | __main__:main:285 - Skipping group n13 with only 4 entries
2025-09-08 15:27:55.682 | WARNING  | __main__:main:285 - Skipping group n15 with only 2 entries
2025-09-08 15:28:05.573 | WARNING  | __main__:main:285 - Skipping group n21 with only 6 entries
2025-09-08 15:31:03.448 | INFO     | __main__:main:261 - Read 2674 rows from output/sfes/mnsol/labelled-data.csv
2025-09-08 15:31:03.449 | INFO     | __main__:main:265 - Filtered to 382 rows with specified force field Sage 2.2.1 + ELF10
2025-09-08 15:31:03.449 | INFO     | __main__:main:279 - Found 183 groups to compute
2025-09-08 15:31:07.300 | WARNING  | __main__:main:285 - Skipping group 1,2 Diol with only 1 entries
2025-09-08 15:31:10.635 | WARNING  | __main__:main:285 - Skipping group Alkene with only 3 entries
2025-09-08 15:31:10.636 | WARNING  | __main__:main:285 - Skipping group Alkyl Bromide with only 10 entries
2025-09-08 15:31:11.684 | WARNING  | __main__:main:285 - Skipping group Alkylthiol with only 3 entries
2025-09-08 15:31:15.454 | WARNING  | __main__:main:285 - Skipping group Aryl Chloride with only 9 entries
2025-09-08 15:31:18.646 | WARNING  | __main__:main:285 - Skipping group Carboxylic Acid Primary Amide with only 7 entries
2025-09-08 15:31:18.646 | WARNING  | __main__:main:285 - Skipping group Carboxylic Acid Secondary Amide with only 5 entries
2025-09-08 15:31:25.414 | WARNING  | __main__:main:285 - Skipping group Lactam with only 1 entries
2025-09-08 15:31:25.415 | WARNING  | __main__:main:285 - Skipping group Lactone with only 2 entries
2025-09-08 15:31:25.415 | WARNING  | __main__:main:285 - Skipping group Nitrile with only 2 entries
2025-09-08 15:31:25.415 | WARNING  | __main__:main:285 - Skipping group Nitro Compound with only 1 entries
2025-09-08 15:31:25.415 | WARNING  | __main__:main:285 - Skipping group Oxohetarene with only 4 entries
2025-09-08 15:31:30.021 | WARNING  | __main__:main:285 - Skipping group Secondary Alcohol with only 8 entries
2025-09-08 15:31:31.171 | WARNING  | __main__:main:285 - Skipping group Secondary Mixed Amine with only 1 entries
2025-09-08 15:31:31.172 | WARNING  | __main__:main:285 - Skipping group Tertiary Alcohol with only 3 entries
2025-09-08 15:31:32.161 | WARNING  | __main__:main:285 - Skipping group Thioether with only 1 entries
2025-09-08 15:31:32.161 | WARNING  | __main__:main:285 - Skipping group Thiol with only 3 entries
2025-09-08 15:31:41.092 | WARNING  | __main__:main:285 - Skipping group b6 with only 10 entries
2025-09-08 15:31:42.541 | WARNING  | __main__:main:285 - Skipping group b8a with only 1 entries
2025-09-08 15:31:47.107 | WARNING  | __main__:main:285 - Skipping group b17 with only 1 entries
2025-09-08 15:31:50.461 | WARNING  | __main__:main:285 - Skipping group b24 with only 2 entries
2025-09-08 15:31:50.462 | WARNING  | __main__:main:285 - Skipping group b27 with only 2 entries
2025-09-08 15:31:50.462 | WARNING  | __main__:main:285 - Skipping group b42 with only 1 entries
2025-09-08 15:31:50.462 | WARNING  | __main__:main:285 - Skipping group b45 with only 4 entries
2025-09-08 15:31:50.462 | WARNING  | __main__:main:285 - Skipping group b51 with only 4 entries
2025-09-08 15:31:50.462 | WARNING  | __main__:main:285 - Skipping group b52 with only 2 entries
2025-09-08 15:31:51.507 | WARNING  | __main__:main:285 - Skipping group b70 with only 10 entries
2025-09-08 15:31:52.638 | WARNING  | __main__:main:285 - Skipping group b73 with only 10 entries
2025-09-08 15:32:15.406 | WARNING  | __main__:main:285 - Skipping group a12 with only 7 entries
2025-09-08 15:32:15.407 | WARNING  | __main__:main:285 - Skipping group a14 with only 5 entries
2025-09-08 15:32:16.082 | WARNING  | __main__:main:285 - Skipping group a16 with only 2 entries
2025-09-08 15:32:19.416 | WARNING  | __main__:main:285 - Skipping group a25 with only 1 entries
2025-09-08 15:32:19.416 | WARNING  | __main__:main:285 - Skipping group a26 with only 1 entries
2025-09-08 15:32:22.282 | WARNING  | __main__:main:285 - Skipping group a34 with only 4 entries
2025-09-08 15:32:22.282 | WARNING  | __main__:main:285 - Skipping group a38 with only 1 entries
2025-09-08 15:32:22.793 | WARNING  | __main__:main:285 - Skipping group a41 with only 10 entries
2025-09-08 15:32:22.793 | WARNING  | __main__:main:285 - Skipping group a41a with only 1 entries
2025-09-08 15:32:22.794 | WARNING  | __main__:main:285 - Skipping group a18a with only 2 entries
2025-09-08 15:32:35.694 | WARNING  | __main__:main:285 - Skipping group t12 with only 10 entries
2025-09-08 15:32:40.370 | WARNING  | __main__:main:285 - Skipping group t20 with only 3 entries
2025-09-08 15:32:40.370 | WARNING  | __main__:main:285 - Skipping group t23 with only 1 entries
2025-09-08 15:32:40.370 | WARNING  | __main__:main:285 - Skipping group t43 with only 2 entries
2025-09-08 15:32:40.370 | WARNING  | __main__:main:285 - Skipping group t43a with only 1 entries
2025-09-08 15:32:42.537 | WARNING  | __main__:main:285 - Skipping group t45 with only 10 entries
2025-09-08 15:32:43.187 | WARNING  | __main__:main:285 - Skipping group t47a with only 2 entries
2025-09-08 15:32:43.187 | WARNING  | __main__:main:285 - Skipping group t48 with only 4 entries
2025-09-08 15:32:45.175 | WARNING  | __main__:main:285 - Skipping group t67 with only 1 entries
2025-09-08 15:32:45.175 | WARNING  | __main__:main:285 - Skipping group t73 with only 4 entries
2025-09-08 15:32:46.311 | WARNING  | __main__:main:285 - Skipping group t76 with only 4 entries
2025-09-08 15:32:47.327 | WARNING  | __main__:main:285 - Skipping group t80 with only 2 entries
2025-09-08 15:32:47.327 | WARNING  | __main__:main:285 - Skipping group t83a with only 1 entries
2025-09-08 15:32:56.394 | WARNING  | __main__:main:285 - Skipping group t111 with only 2 entries
2025-09-08 15:32:56.395 | WARNING  | __main__:main:285 - Skipping group t115 with only 4 entries
2025-09-08 15:32:56.395 | WARNING  | __main__:main:285 - Skipping group t116 with only 5 entries
2025-09-08 15:32:56.395 | WARNING  | __main__:main:285 - Skipping group t117a with only 1 entries
2025-09-08 15:32:57.451 | WARNING  | __main__:main:285 - Skipping group t166 with only 2 entries
2025-09-08 15:33:01.647 | WARNING  | __main__:main:285 - Skipping group i6 with only 1 entries
2025-09-08 15:33:14.481 | WARNING  | __main__:main:285 - Skipping group n13 with only 4 entries
2025-09-08 15:33:17.356 | WARNING  | __main__:main:285 - Skipping group n15 with only 2 entries
2025-09-08 15:33:27.330 | WARNING  | __main__:main:285 - Skipping group n21 with only 6 entries
2025-09-08 15:36:22.068 | INFO     | __main__:main:261 - Read 2674 rows from output/sfes/mnsol/labelled-data.csv
2025-09-08 15:36:22.069 | INFO     | __main__:main:265 - Filtered to 382 rows with specified force field Sage 2.3.0rc1
2025-09-08 15:36:22.069 | INFO     | __main__:main:279 - Found 183 groups to compute
2025-09-08 15:36:26.110 | WARNING  | __main__:main:285 - Skipping group 1,2 Diol with only 1 entries
2025-09-08 15:36:29.483 | WARNING  | __main__:main:285 - Skipping group Alkene with only 3 entries
2025-09-08 15:36:29.483 | WARNING  | __main__:main:285 - Skipping group Alkyl Bromide with only 10 entries
2025-09-08 15:36:30.564 | WARNING  | __main__:main:285 - Skipping group Alkylthiol with only 3 entries
2025-09-08 15:36:34.322 | WARNING  | __main__:main:285 - Skipping group Aryl Chloride with only 9 entries
2025-09-08 15:36:37.640 | WARNING  | __main__:main:285 - Skipping group Carboxylic Acid Primary Amide with only 7 entries
2025-09-08 15:36:37.641 | WARNING  | __main__:main:285 - Skipping group Carboxylic Acid Secondary Amide with only 5 entries
2025-09-08 15:36:44.723 | WARNING  | __main__:main:285 - Skipping group Lactam with only 1 entries
2025-09-08 15:36:44.724 | WARNING  | __main__:main:285 - Skipping group Lactone with only 2 entries
2025-09-08 15:36:44.724 | WARNING  | __main__:main:285 - Skipping group Nitrile with only 2 entries
2025-09-08 15:36:44.724 | WARNING  | __main__:main:285 - Skipping group Nitro Compound with only 1 entries
2025-09-08 15:36:44.724 | WARNING  | __main__:main:285 - Skipping group Oxohetarene with only 4 entries
2025-09-08 15:36:49.372 | WARNING  | __main__:main:285 - Skipping group Secondary Alcohol with only 8 entries
2025-09-08 15:36:50.460 | WARNING  | __main__:main:285 - Skipping group Secondary Mixed Amine with only 1 entries
2025-09-08 15:36:50.461 | WARNING  | __main__:main:285 - Skipping group Tertiary Alcohol with only 3 entries
2025-09-08 15:36:51.460 | WARNING  | __main__:main:285 - Skipping group Thioether with only 1 entries
2025-09-08 15:36:51.460 | WARNING  | __main__:main:285 - Skipping group Thiol with only 3 entries
2025-09-08 15:37:00.323 | WARNING  | __main__:main:285 - Skipping group b6 with only 10 entries
2025-09-08 15:37:01.816 | WARNING  | __main__:main:285 - Skipping group b8a with only 1 entries
2025-09-08 15:37:06.459 | WARNING  | __main__:main:285 - Skipping group b17 with only 1 entries
2025-09-08 15:37:10.068 | WARNING  | __main__:main:285 - Skipping group b24 with only 2 entries
2025-09-08 15:37:10.069 | WARNING  | __main__:main:285 - Skipping group b27 with only 2 entries
2025-09-08 15:37:10.069 | WARNING  | __main__:main:285 - Skipping group b42 with only 1 entries
2025-09-08 15:37:10.069 | WARNING  | __main__:main:285 - Skipping group b45 with only 4 entries
2025-09-08 15:37:10.069 | WARNING  | __main__:main:285 - Skipping group b51 with only 4 entries
2025-09-08 15:37:10.069 | WARNING  | __main__:main:285 - Skipping group b52 with only 2 entries
2025-09-08 15:37:11.124 | WARNING  | __main__:main:285 - Skipping group b70 with only 10 entries
2025-09-08 15:37:12.254 | WARNING  | __main__:main:285 - Skipping group b73 with only 10 entries
2025-09-08 15:37:35.340 | WARNING  | __main__:main:285 - Skipping group a12 with only 7 entries
2025-09-08 15:37:35.340 | WARNING  | __main__:main:285 - Skipping group a14 with only 5 entries
2025-09-08 15:37:36.012 | WARNING  | __main__:main:285 - Skipping group a16 with only 2 entries
2025-09-08 15:37:39.500 | WARNING  | __main__:main:285 - Skipping group a25 with only 1 entries
2025-09-08 15:37:39.500 | WARNING  | __main__:main:285 - Skipping group a26 with only 1 entries
2025-09-08 15:37:42.538 | WARNING  | __main__:main:285 - Skipping group a34 with only 4 entries
2025-09-08 15:37:42.538 | WARNING  | __main__:main:285 - Skipping group a38 with only 1 entries
2025-09-08 15:37:43.073 | WARNING  | __main__:main:285 - Skipping group a41 with only 10 entries
2025-09-08 15:37:43.073 | WARNING  | __main__:main:285 - Skipping group a41a with only 1 entries
2025-09-08 15:37:43.073 | WARNING  | __main__:main:285 - Skipping group a18a with only 2 entries
2025-09-08 15:37:56.419 | WARNING  | __main__:main:285 - Skipping group t12 with only 10 entries
2025-09-08 15:38:01.243 | WARNING  | __main__:main:285 - Skipping group t20 with only 3 entries
2025-09-08 15:38:01.243 | WARNING  | __main__:main:285 - Skipping group t23 with only 1 entries
2025-09-08 15:38:01.243 | WARNING  | __main__:main:285 - Skipping group t43 with only 2 entries
2025-09-08 15:38:01.243 | WARNING  | __main__:main:285 - Skipping group t43a with only 1 entries
2025-09-08 15:38:03.421 | WARNING  | __main__:main:285 - Skipping group t45 with only 10 entries
2025-09-08 15:38:04.069 | WARNING  | __main__:main:285 - Skipping group t47a with only 2 entries
2025-09-08 15:38:04.070 | WARNING  | __main__:main:285 - Skipping group t48 with only 4 entries
2025-09-08 15:38:06.122 | WARNING  | __main__:main:285 - Skipping group t67 with only 1 entries
2025-09-08 15:38:06.123 | WARNING  | __main__:main:285 - Skipping group t73 with only 4 entries
2025-09-08 15:38:07.462 | WARNING  | __main__:main:285 - Skipping group t76 with only 4 entries
2025-09-08 15:38:08.519 | WARNING  | __main__:main:285 - Skipping group t80 with only 2 entries
2025-09-08 15:38:08.519 | WARNING  | __main__:main:285 - Skipping group t83a with only 1 entries
2025-09-08 15:38:17.948 | WARNING  | __main__:main:285 - Skipping group t111 with only 2 entries
2025-09-08 15:38:17.949 | WARNING  | __main__:main:285 - Skipping group t115 with only 4 entries
2025-09-08 15:38:17.949 | WARNING  | __main__:main:285 - Skipping group t116 with only 5 entries
2025-09-08 15:38:17.949 | WARNING  | __main__:main:285 - Skipping group t117a with only 1 entries
2025-09-08 15:38:18.983 | WARNING  | __main__:main:285 - Skipping group t166 with only 2 entries
2025-09-08 15:38:23.083 | WARNING  | __main__:main:285 - Skipping group i6 with only 1 entries
2025-09-08 15:38:36.616 | WARNING  | __main__:main:285 - Skipping group n13 with only 4 entries
2025-09-08 15:38:39.644 | WARNING  | __main__:main:285 - Skipping group n15 with only 2 entries
2025-09-08 15:38:49.872 | WARNING  | __main__:main:285 - Skipping group n21 with only 6 entries
2025-09-08 15:41:44.912 | INFO     | __main__:main:261 - Read 2674 rows from output/sfes/mnsol/labelled-data.csv
2025-09-08 15:41:44.913 | INFO     | __main__:main:265 - Filtered to 382 rows with specified force field v1-k100
2025-09-08 15:41:44.913 | INFO     | __main__:main:279 - Found 183 groups to compute
2025-09-08 15:41:48.941 | WARNING  | __main__:main:285 - Skipping group 1,2 Diol with only 1 entries
2025-09-08 15:41:52.412 | WARNING  | __main__:main:285 - Skipping group Alkene with only 3 entries
2025-09-08 15:41:52.413 | WARNING  | __main__:main:285 - Skipping group Alkyl Bromide with only 10 entries
2025-09-08 15:41:53.464 | WARNING  | __main__:main:285 - Skipping group Alkylthiol with only 3 entries
2025-09-08 15:41:57.392 | WARNING  | __main__:main:285 - Skipping group Aryl Chloride with only 9 entries
2025-09-08 15:42:00.599 | WARNING  | __main__:main:285 - Skipping group Carboxylic Acid Primary Amide with only 7 entries
2025-09-08 15:42:00.600 | WARNING  | __main__:main:285 - Skipping group Carboxylic Acid Secondary Amide with only 5 entries
2025-09-08 15:42:07.498 | WARNING  | __main__:main:285 - Skipping group Lactam with only 1 entries
2025-09-08 15:42:07.499 | WARNING  | __main__:main:285 - Skipping group Lactone with only 2 entries
2025-09-08 15:42:07.499 | WARNING  | __main__:main:285 - Skipping group Nitrile with only 2 entries
2025-09-08 15:42:07.499 | WARNING  | __main__:main:285 - Skipping group Nitro Compound with only 1 entries
2025-09-08 15:42:07.499 | WARNING  | __main__:main:285 - Skipping group Oxohetarene with only 4 entries
2025-09-08 15:42:12.178 | WARNING  | __main__:main:285 - Skipping group Secondary Alcohol with only 8 entries
2025-09-08 15:42:13.261 | WARNING  | __main__:main:285 - Skipping group Secondary Mixed Amine with only 1 entries
2025-09-08 15:42:13.261 | WARNING  | __main__:main:285 - Skipping group Tertiary Alcohol with only 3 entries
2025-09-08 15:42:14.246 | WARNING  | __main__:main:285 - Skipping group Thioether with only 1 entries
2025-09-08 15:42:14.246 | WARNING  | __main__:main:285 - Skipping group Thiol with only 3 entries
2025-09-08 15:42:23.402 | WARNING  | __main__:main:285 - Skipping group b6 with only 10 entries
2025-09-08 15:42:24.846 | WARNING  | __main__:main:285 - Skipping group b8a with only 1 entries
2025-09-08 15:42:29.441 | WARNING  | __main__:main:285 - Skipping group b17 with only 1 entries
2025-09-08 15:42:32.817 | WARNING  | __main__:main:285 - Skipping group b24 with only 2 entries
2025-09-08 15:42:32.817 | WARNING  | __main__:main:285 - Skipping group b27 with only 2 entries
2025-09-08 15:42:32.818 | WARNING  | __main__:main:285 - Skipping group b42 with only 1 entries
2025-09-08 15:42:32.818 | WARNING  | __main__:main:285 - Skipping group b45 with only 4 entries
2025-09-08 15:42:32.818 | WARNING  | __main__:main:285 - Skipping group b51 with only 4 entries
2025-09-08 15:42:32.818 | WARNING  | __main__:main:285 - Skipping group b52 with only 2 entries
2025-09-08 15:42:33.857 | WARNING  | __main__:main:285 - Skipping group b70 with only 10 entries
2025-09-08 15:42:35.016 | WARNING  | __main__:main:285 - Skipping group b73 with only 10 entries
2025-09-08 15:42:58.744 | WARNING  | __main__:main:285 - Skipping group a12 with only 7 entries
2025-09-08 15:42:58.744 | WARNING  | __main__:main:285 - Skipping group a14 with only 5 entries
2025-09-08 15:42:59.408 | WARNING  | __main__:main:285 - Skipping group a16 with only 2 entries
2025-09-08 15:43:02.778 | WARNING  | __main__:main:285 - Skipping group a25 with only 1 entries
2025-09-08 15:43:02.779 | WARNING  | __main__:main:285 - Skipping group a26 with only 1 entries
2025-09-08 15:43:05.903 | WARNING  | __main__:main:285 - Skipping group a34 with only 4 entries
2025-09-08 15:43:05.904 | WARNING  | __main__:main:285 - Skipping group a38 with only 1 entries
2025-09-08 15:43:06.442 | WARNING  | __main__:main:285 - Skipping group a41 with only 10 entries
2025-09-08 15:43:06.443 | WARNING  | __main__:main:285 - Skipping group a41a with only 1 entries
2025-09-08 15:43:06.443 | WARNING  | __main__:main:285 - Skipping group a18a with only 2 entries
2025-09-08 15:43:19.837 | WARNING  | __main__:main:285 - Skipping group t12 with only 10 entries
2025-09-08 15:43:24.671 | WARNING  | __main__:main:285 - Skipping group t20 with only 3 entries
2025-09-08 15:43:24.671 | WARNING  | __main__:main:285 - Skipping group t23 with only 1 entries
2025-09-08 15:43:24.671 | WARNING  | __main__:main:285 - Skipping group t43 with only 2 entries
2025-09-08 15:43:24.671 | WARNING  | __main__:main:285 - Skipping group t43a with only 1 entries
2025-09-08 15:43:26.966 | WARNING  | __main__:main:285 - Skipping group t45 with only 10 entries
2025-09-08 15:43:27.628 | WARNING  | __main__:main:285 - Skipping group t47a with only 2 entries
2025-09-08 15:43:27.628 | WARNING  | __main__:main:285 - Skipping group t48 with only 4 entries
2025-09-08 15:43:29.709 | WARNING  | __main__:main:285 - Skipping group t67 with only 1 entries
2025-09-08 15:43:29.709 | WARNING  | __main__:main:285 - Skipping group t73 with only 4 entries
2025-09-08 15:43:30.883 | WARNING  | __main__:main:285 - Skipping group t76 with only 4 entries
2025-09-08 15:43:31.957 | WARNING  | __main__:main:285 - Skipping group t80 with only 2 entries
2025-09-08 15:43:31.958 | WARNING  | __main__:main:285 - Skipping group t83a with only 1 entries
2025-09-08 15:43:41.394 | WARNING  | __main__:main:285 - Skipping group t111 with only 2 entries
2025-09-08 15:43:41.395 | WARNING  | __main__:main:285 - Skipping group t115 with only 4 entries
2025-09-08 15:43:41.395 | WARNING  | __main__:main:285 - Skipping group t116 with only 5 entries
2025-09-08 15:43:41.395 | WARNING  | __main__:main:285 - Skipping group t117a with only 1 entries
2025-09-08 15:43:42.627 | WARNING  | __main__:main:285 - Skipping group t166 with only 2 entries
2025-09-08 15:43:47.010 | WARNING  | __main__:main:285 - Skipping group i6 with only 1 entries
2025-09-08 15:44:01.188 | WARNING  | __main__:main:285 - Skipping group n13 with only 4 entries
2025-09-08 15:44:04.156 | WARNING  | __main__:main:285 - Skipping group n15 with only 2 entries
2025-09-08 15:44:14.392 | WARNING  | __main__:main:285 - Skipping group n21 with only 6 entries
2025-09-08 15:47:16.845 | INFO     | __main__:main:261 - Read 2674 rows from output/sfes/mnsol/labelled-data.csv
2025-09-08 15:47:16.846 | INFO     | __main__:main:265 - Filtered to 382 rows with specified force field v3-k100
2025-09-08 15:47:16.846 | INFO     | __main__:main:279 - Found 183 groups to compute
2025-09-08 15:47:20.715 | WARNING  | __main__:main:285 - Skipping group 1,2 Diol with only 1 entries
2025-09-08 15:47:24.257 | WARNING  | __main__:main:285 - Skipping group Alkene with only 3 entries
2025-09-08 15:47:24.257 | WARNING  | __main__:main:285 - Skipping group Alkyl Bromide with only 10 entries
2025-09-08 15:47:25.312 | WARNING  | __main__:main:285 - Skipping group Alkylthiol with only 3 entries
2025-09-08 15:47:29.057 | WARNING  | __main__:main:285 - Skipping group Aryl Chloride with only 9 entries
2025-09-08 15:47:32.234 | WARNING  | __main__:main:285 - Skipping group Carboxylic Acid Primary Amide with only 7 entries
2025-09-08 15:47:32.235 | WARNING  | __main__:main:285 - Skipping group Carboxylic Acid Secondary Amide with only 5 entries
2025-09-08 15:47:39.151 | WARNING  | __main__:main:285 - Skipping group Lactam with only 1 entries
2025-09-08 15:47:39.151 | WARNING  | __main__:main:285 - Skipping group Lactone with only 2 entries
2025-09-08 15:47:39.151 | WARNING  | __main__:main:285 - Skipping group Nitrile with only 2 entries
2025-09-08 15:47:39.151 | WARNING  | __main__:main:285 - Skipping group Nitro Compound with only 1 entries
2025-09-08 15:47:39.151 | WARNING  | __main__:main:285 - Skipping group Oxohetarene with only 4 entries
2025-09-08 15:47:43.676 | WARNING  | __main__:main:285 - Skipping group Secondary Alcohol with only 8 entries
2025-09-08 15:47:44.739 | WARNING  | __main__:main:285 - Skipping group Secondary Mixed Amine with only 1 entries
2025-09-08 15:47:44.739 | WARNING  | __main__:main:285 - Skipping group Tertiary Alcohol with only 3 entries
2025-09-08 15:47:45.708 | WARNING  | __main__:main:285 - Skipping group Thioether with only 1 entries
2025-09-08 15:47:45.708 | WARNING  | __main__:main:285 - Skipping group Thiol with only 3 entries
2025-09-08 15:47:54.429 | WARNING  | __main__:main:285 - Skipping group b6 with only 10 entries
2025-09-08 15:47:55.889 | WARNING  | __main__:main:285 - Skipping group b8a with only 1 entries
2025-09-08 15:48:00.580 | WARNING  | __main__:main:285 - Skipping group b17 with only 1 entries
2025-09-08 15:48:04.009 | WARNING  | __main__:main:285 - Skipping group b24 with only 2 entries
2025-09-08 15:48:04.009 | WARNING  | __main__:main:285 - Skipping group b27 with only 2 entries
2025-09-08 15:48:04.009 | WARNING  | __main__:main:285 - Skipping group b42 with only 1 entries
2025-09-08 15:48:04.009 | WARNING  | __main__:main:285 - Skipping group b45 with only 4 entries
2025-09-08 15:48:04.009 | WARNING  | __main__:main:285 - Skipping group b51 with only 4 entries
2025-09-08 15:48:04.009 | WARNING  | __main__:main:285 - Skipping group b52 with only 2 entries
2025-09-08 15:48:05.048 | WARNING  | __main__:main:285 - Skipping group b70 with only 10 entries
2025-09-08 15:48:06.235 | WARNING  | __main__:main:285 - Skipping group b73 with only 10 entries
2025-09-08 15:48:29.068 | WARNING  | __main__:main:285 - Skipping group a12 with only 7 entries
2025-09-08 15:48:29.069 | WARNING  | __main__:main:285 - Skipping group a14 with only 5 entries
2025-09-08 15:48:29.790 | WARNING  | __main__:main:285 - Skipping group a16 with only 2 entries
2025-09-08 15:48:33.164 | WARNING  | __main__:main:285 - Skipping group a25 with only 1 entries
2025-09-08 15:48:33.164 | WARNING  | __main__:main:285 - Skipping group a26 with only 1 entries
2025-09-08 15:48:36.361 | WARNING  | __main__:main:285 - Skipping group a34 with only 4 entries
2025-09-08 15:48:36.362 | WARNING  | __main__:main:285 - Skipping group a38 with only 1 entries
2025-09-08 15:48:36.866 | WARNING  | __main__:main:285 - Skipping group a41 with only 10 entries
2025-09-08 15:48:36.866 | WARNING  | __main__:main:285 - Skipping group a41a with only 1 entries
2025-09-08 15:48:36.866 | WARNING  | __main__:main:285 - Skipping group a18a with only 2 entries
2025-09-08 15:48:50.076 | WARNING  | __main__:main:285 - Skipping group t12 with only 10 entries
2025-09-08 15:48:54.779 | WARNING  | __main__:main:285 - Skipping group t20 with only 3 entries
2025-09-08 15:48:54.779 | WARNING  | __main__:main:285 - Skipping group t23 with only 1 entries
2025-09-08 15:48:54.779 | WARNING  | __main__:main:285 - Skipping group t43 with only 2 entries
2025-09-08 15:48:54.779 | WARNING  | __main__:main:285 - Skipping group t43a with only 1 entries
2025-09-08 15:48:56.981 | WARNING  | __main__:main:285 - Skipping group t45 with only 10 entries
2025-09-08 15:48:57.667 | WARNING  | __main__:main:285 - Skipping group t47a with only 2 entries
2025-09-08 15:48:57.667 | WARNING  | __main__:main:285 - Skipping group t48 with only 4 entries
2025-09-08 15:48:59.625 | WARNING  | __main__:main:285 - Skipping group t67 with only 1 entries
2025-09-08 15:48:59.625 | WARNING  | __main__:main:285 - Skipping group t73 with only 4 entries
2025-09-08 15:49:00.763 | WARNING  | __main__:main:285 - Skipping group t76 with only 4 entries
2025-09-08 15:49:01.812 | WARNING  | __main__:main:285 - Skipping group t80 with only 2 entries
2025-09-08 15:49:01.812 | WARNING  | __main__:main:285 - Skipping group t83a with only 1 entries
2025-09-08 15:49:10.984 | WARNING  | __main__:main:285 - Skipping group t111 with only 2 entries
2025-09-08 15:49:10.985 | WARNING  | __main__:main:285 - Skipping group t115 with only 4 entries
2025-09-08 15:49:10.985 | WARNING  | __main__:main:285 - Skipping group t116 with only 5 entries
2025-09-08 15:49:10.985 | WARNING  | __main__:main:285 - Skipping group t117a with only 1 entries
2025-09-08 15:49:12.033 | WARNING  | __main__:main:285 - Skipping group t166 with only 2 entries
2025-09-08 15:49:16.243 | WARNING  | __main__:main:285 - Skipping group i6 with only 1 entries
2025-09-08 15:49:29.133 | WARNING  | __main__:main:285 - Skipping group n13 with only 4 entries
2025-09-08 15:49:32.003 | WARNING  | __main__:main:285 - Skipping group n15 with only 2 entries
2025-09-08 15:49:42.184 | WARNING  | __main__:main:285 - Skipping group n21 with only 6 entries
