2025-09-22 15:25:34.244 | INFO     | __main__:main:261 - Read 1698 rows from output/jacs/ddG/labelled-properties.csv
2025-09-22 15:25:34.245 | INFO     | __main__:main:265 - Filtered to 283 rows with specified force field Sage 2.2.1 + ELF10
2025-09-22 15:25:34.245 | INFO     | __main__:main:279 - Found 237 groups to compute
2025-09-22 15:25:37.153 | WARNING  | __main__:main:285 - Skipping group 1,2 Aminoalcohol with only 6 entries
2025-09-22 15:25:37.153 | WARNING  | __main__:main:285 - Skipping group 1,2 Diol with only 2 entries
2025-09-22 15:25:37.724 | WARNING  | __main__:main:285 - Skipping group Alkyl Chloride with only 2 entries
2025-09-22 15:25:37.724 | WARNING  | __main__:main:285 - Skipping group Alkyl Fluoride with only 3 entries
2025-09-22 15:25:39.482 | WARNING  | __main__:main:285 - Skipping group Alkyne with only 2 entries
2025-09-22 15:25:48.443 | WARNING  | __main__:main:285 - Skipping group Aryl Iodide with only 2 entries
2025-09-22 15:25:48.444 | WARNING  | __main__:main:285 - Skipping group Carbamic Acid Derivative with only 9 entries
2025-09-22 15:25:48.444 | WARNING  | __main__:main:285 - Skipping group Carbamic Acid Ester with only 9 entries
2025-09-22 15:25:52.220 | WARNING  | __main__:main:285 - Skipping group Carboxylic Acid Primary Amide with only 2 entries
2025-09-22 15:26:08.446 | WARNING  | __main__:main:285 - Skipping group Nitro Compound with only 2 entries
2025-09-22 15:26:09.281 | WARNING  | __main__:main:285 - Skipping group Phenol with only 4 entries
2025-09-22 15:26:11.880 | WARNING  | __main__:main:285 - Skipping group Secondary Alcohol with only 4 entries
2025-09-22 15:26:16.433 | WARNING  | __main__:main:285 - Skipping group Sulfoxide with only 5 entries
2025-09-22 15:26:16.434 | WARNING  | __main__:main:285 - Skipping group Tertiary Alcohol with only 3 entries
2025-09-22 15:26:16.434 | WARNING  | __main__:main:285 - Skipping group Thioether with only 4 entries
2025-09-22 15:26:16.434 | WARNING  | __main__:main:285 - Skipping group Urea with only 3 entries
2025-09-22 15:26:44.084 | WARNING  | __main__:main:285 - Skipping group b18 with only 4 entries
2025-09-22 15:26:45.984 | WARNING  | __main__:main:285 - Skipping group b20 with only 9 entries
2025-09-22 15:26:49.721 | WARNING  | __main__:main:285 - Skipping group b25 with only 6 entries
2025-09-22 15:26:50.393 | WARNING  | __main__:main:285 - Skipping group b28 with only 2 entries
2025-09-22 15:26:50.393 | WARNING  | __main__:main:285 - Skipping group b35 with only 2 entries
2025-09-22 15:26:50.393 | WARNING  | __main__:main:285 - Skipping group b38 with only 2 entries
2025-09-22 15:26:50.393 | WARNING  | __main__:main:285 - Skipping group b42 with only 2 entries
2025-09-22 15:26:50.393 | WARNING  | __main__:main:285 - Skipping group b51 with only 2 entries
2025-09-22 15:26:54.091 | WARNING  | __main__:main:285 - Skipping group b69 with only 8 entries
2025-09-22 15:26:55.457 | WARNING  | __main__:main:285 - Skipping group b71 with only 2 entries
2025-09-22 15:26:56.169 | WARNING  | __main__:main:285 - Skipping group b74 with only 2 entries
2025-09-22 15:27:11.333 | WARNING  | __main__:main:285 - Skipping group a5 with only 2 entries
2025-09-22 15:27:11.904 | WARNING  | __main__:main:285 - Skipping group a7 with only 4 entries
2025-09-22 15:27:11.904 | WARNING  | __main__:main:285 - Skipping group a8 with only 4 entries
2025-09-22 15:27:11.904 | WARNING  | __main__:main:285 - Skipping group a9 with only 4 entries
2025-09-22 15:27:30.171 | WARNING  | __main__:main:285 - Skipping group a25 with only 2 entries
2025-09-22 15:27:30.172 | WARNING  | __main__:main:285 - Skipping group a26 with only 2 entries
2025-09-22 15:27:33.844 | WARNING  | __main__:main:285 - Skipping group a33 with only 5 entries
2025-09-22 15:27:34.531 | WARNING  | __main__:main:285 - Skipping group a38 with only 2 entries
2025-09-22 15:27:45.348 | WARNING  | __main__:main:285 - Skipping group t5 with only 6 entries
2025-09-22 15:27:58.029 | WARNING  | __main__:main:285 - Skipping group t21 with only 10 entries
2025-09-22 15:27:59.790 | WARNING  | __main__:main:285 - Skipping group t25 with only 2 entries
2025-09-22 15:27:59.790 | WARNING  | __main__:main:285 - Skipping group t27 with only 7 entries
2025-09-22 15:27:59.790 | WARNING  | __main__:main:285 - Skipping group t42 with only 7 entries
2025-09-22 15:28:11.551 | WARNING  | __main__:main:285 - Skipping group t56 with only 2 entries
2025-09-22 15:28:11.552 | WARNING  | __main__:main:285 - Skipping group t57 with only 2 entries
2025-09-22 15:28:14.839 | WARNING  | __main__:main:285 - Skipping group t69 with only 1 entries
2025-09-22 15:28:24.811 | WARNING  | __main__:main:285 - Skipping group t82 with only 4 entries
2025-09-22 15:28:25.412 | WARNING  | __main__:main:285 - Skipping group t83a with only 2 entries
2025-09-22 15:28:37.796 | WARNING  | __main__:main:285 - Skipping group t106 with only 4 entries
2025-09-22 15:28:37.797 | WARNING  | __main__:main:285 - Skipping group t107 with only 9 entries
2025-09-22 15:28:37.797 | WARNING  | __main__:main:285 - Skipping group t110 with only 9 entries
2025-09-22 15:28:37.797 | WARNING  | __main__:main:285 - Skipping group t111 with only 7 entries
2025-09-22 15:28:38.631 | WARNING  | __main__:main:285 - Skipping group t116 with only 4 entries
2025-09-22 15:28:40.115 | WARNING  | __main__:main:285 - Skipping group t118a with only 5 entries
2025-09-22 15:28:41.553 | WARNING  | __main__:main:285 - Skipping group t121a with only 5 entries
2025-09-22 15:28:41.553 | WARNING  | __main__:main:285 - Skipping group t122 with only 6 entries
2025-09-22 15:28:41.553 | WARNING  | __main__:main:285 - Skipping group t122a with only 5 entries
2025-09-22 15:28:41.553 | WARNING  | __main__:main:285 - Skipping group t138 with only 2 entries
2025-09-22 15:28:41.553 | WARNING  | __main__:main:285 - Skipping group t140 with only 2 entries
2025-09-22 15:28:41.553 | WARNING  | __main__:main:285 - Skipping group t145b with only 9 entries
2025-09-22 15:28:41.553 | WARNING  | __main__:main:285 - Skipping group t146b with only 9 entries
2025-09-22 15:28:41.553 | WARNING  | __main__:main:285 - Skipping group t147b with only 6 entries
2025-09-22 15:28:41.553 | WARNING  | __main__:main:285 - Skipping group t148b with only 9 entries
2025-09-22 15:28:42.040 | WARNING  | __main__:main:285 - Skipping group t150 with only 2 entries
2025-09-22 15:28:42.040 | WARNING  | __main__:main:285 - Skipping group t152 with only 2 entries
2025-09-22 15:28:42.040 | WARNING  | __main__:main:285 - Skipping group t165 with only 2 entries
2025-09-22 15:29:24.419 | WARNING  | __main__:main:285 - Skipping group n26 with only 2 entries
2025-09-22 15:32:13.281 | INFO     | __main__:main:261 - Read 1698 rows from output/jacs/ddG/labelled-properties.csv
2025-09-22 15:32:13.282 | INFO     | __main__:main:265 - Filtered to 283 rows with specified force field Sage 2.2.1 + AshGC
2025-09-22 15:32:13.282 | INFO     | __main__:main:279 - Found 237 groups to compute
2025-09-22 15:32:16.121 | WARNING  | __main__:main:285 - Skipping group 1,2 Aminoalcohol with only 6 entries
2025-09-22 15:32:16.121 | WARNING  | __main__:main:285 - Skipping group 1,2 Diol with only 2 entries
2025-09-22 15:32:16.675 | WARNING  | __main__:main:285 - Skipping group Alkyl Chloride with only 2 entries
2025-09-22 15:32:16.675 | WARNING  | __main__:main:285 - Skipping group Alkyl Fluoride with only 3 entries
2025-09-22 15:32:18.355 | WARNING  | __main__:main:285 - Skipping group Alkyne with only 2 entries
2025-09-22 15:32:26.924 | WARNING  | __main__:main:285 - Skipping group Aryl Iodide with only 2 entries
2025-09-22 15:32:26.925 | WARNING  | __main__:main:285 - Skipping group Carbamic Acid Derivative with only 9 entries
2025-09-22 15:32:26.926 | WARNING  | __main__:main:285 - Skipping group Carbamic Acid Ester with only 9 entries
2025-09-22 15:32:30.552 | WARNING  | __main__:main:285 - Skipping group Carboxylic Acid Primary Amide with only 2 entries
2025-09-22 15:32:46.302 | WARNING  | __main__:main:285 - Skipping group Nitro Compound with only 2 entries
2025-09-22 15:32:47.101 | WARNING  | __main__:main:285 - Skipping group Phenol with only 4 entries
2025-09-22 15:32:49.605 | WARNING  | __main__:main:285 - Skipping group Secondary Alcohol with only 4 entries
2025-09-22 15:32:54.002 | WARNING  | __main__:main:285 - Skipping group Sulfoxide with only 5 entries
2025-09-22 15:32:54.003 | WARNING  | __main__:main:285 - Skipping group Tertiary Alcohol with only 3 entries
2025-09-22 15:32:54.004 | WARNING  | __main__:main:285 - Skipping group Thioether with only 4 entries
2025-09-22 15:32:54.004 | WARNING  | __main__:main:285 - Skipping group Urea with only 3 entries
2025-09-22 15:33:21.434 | WARNING  | __main__:main:285 - Skipping group b18 with only 4 entries
2025-09-22 15:33:23.327 | WARNING  | __main__:main:285 - Skipping group b20 with only 9 entries
2025-09-22 15:33:27.061 | WARNING  | __main__:main:285 - Skipping group b25 with only 6 entries
2025-09-22 15:33:27.733 | WARNING  | __main__:main:285 - Skipping group b28 with only 2 entries
2025-09-22 15:33:27.734 | WARNING  | __main__:main:285 - Skipping group b35 with only 2 entries
2025-09-22 15:33:27.734 | WARNING  | __main__:main:285 - Skipping group b38 with only 2 entries
2025-09-22 15:33:27.734 | WARNING  | __main__:main:285 - Skipping group b42 with only 2 entries
2025-09-22 15:33:27.734 | WARNING  | __main__:main:285 - Skipping group b51 with only 2 entries
2025-09-22 15:33:31.543 | WARNING  | __main__:main:285 - Skipping group b69 with only 8 entries
2025-09-22 15:33:32.897 | WARNING  | __main__:main:285 - Skipping group b71 with only 2 entries
2025-09-22 15:33:33.619 | WARNING  | __main__:main:285 - Skipping group b74 with only 2 entries
2025-09-22 15:33:48.746 | WARNING  | __main__:main:285 - Skipping group a5 with only 2 entries
2025-09-22 15:33:49.319 | WARNING  | __main__:main:285 - Skipping group a7 with only 4 entries
2025-09-22 15:33:49.319 | WARNING  | __main__:main:285 - Skipping group a8 with only 4 entries
2025-09-22 15:33:49.319 | WARNING  | __main__:main:285 - Skipping group a9 with only 4 entries
2025-09-22 15:34:07.607 | WARNING  | __main__:main:285 - Skipping group a25 with only 2 entries
2025-09-22 15:34:07.608 | WARNING  | __main__:main:285 - Skipping group a26 with only 2 entries
2025-09-22 15:34:11.174 | WARNING  | __main__:main:285 - Skipping group a33 with only 5 entries
2025-09-22 15:34:11.946 | WARNING  | __main__:main:285 - Skipping group a38 with only 2 entries
2025-09-22 15:34:22.789 | WARNING  | __main__:main:285 - Skipping group t5 with only 6 entries
2025-09-22 15:34:35.569 | WARNING  | __main__:main:285 - Skipping group t21 with only 10 entries
2025-09-22 15:34:37.409 | WARNING  | __main__:main:285 - Skipping group t25 with only 2 entries
2025-09-22 15:34:37.409 | WARNING  | __main__:main:285 - Skipping group t27 with only 7 entries
2025-09-22 15:34:37.410 | WARNING  | __main__:main:285 - Skipping group t42 with only 7 entries
2025-09-22 15:34:49.196 | WARNING  | __main__:main:285 - Skipping group t56 with only 2 entries
2025-09-22 15:34:49.196 | WARNING  | __main__:main:285 - Skipping group t57 with only 2 entries
2025-09-22 15:34:52.475 | WARNING  | __main__:main:285 - Skipping group t69 with only 1 entries
2025-09-22 15:35:02.413 | WARNING  | __main__:main:285 - Skipping group t82 with only 4 entries
2025-09-22 15:35:03.012 | WARNING  | __main__:main:285 - Skipping group t83a with only 2 entries
2025-09-22 15:35:15.239 | WARNING  | __main__:main:285 - Skipping group t106 with only 4 entries
2025-09-22 15:35:15.239 | WARNING  | __main__:main:285 - Skipping group t107 with only 9 entries
2025-09-22 15:35:15.239 | WARNING  | __main__:main:285 - Skipping group t110 with only 9 entries
2025-09-22 15:35:15.239 | WARNING  | __main__:main:285 - Skipping group t111 with only 7 entries
2025-09-22 15:35:16.070 | WARNING  | __main__:main:285 - Skipping group t116 with only 4 entries
2025-09-22 15:35:17.453 | WARNING  | __main__:main:285 - Skipping group t118a with only 5 entries
2025-09-22 15:35:18.869 | WARNING  | __main__:main:285 - Skipping group t121a with only 5 entries
2025-09-22 15:35:18.869 | WARNING  | __main__:main:285 - Skipping group t122 with only 6 entries
2025-09-22 15:35:18.869 | WARNING  | __main__:main:285 - Skipping group t122a with only 5 entries
2025-09-22 15:35:18.870 | WARNING  | __main__:main:285 - Skipping group t138 with only 2 entries
2025-09-22 15:35:18.870 | WARNING  | __main__:main:285 - Skipping group t140 with only 2 entries
2025-09-22 15:35:18.870 | WARNING  | __main__:main:285 - Skipping group t145b with only 9 entries
2025-09-22 15:35:18.870 | WARNING  | __main__:main:285 - Skipping group t146b with only 9 entries
2025-09-22 15:35:18.870 | WARNING  | __main__:main:285 - Skipping group t147b with only 6 entries
2025-09-22 15:35:18.870 | WARNING  | __main__:main:285 - Skipping group t148b with only 9 entries
2025-09-22 15:35:19.358 | WARNING  | __main__:main:285 - Skipping group t150 with only 2 entries
2025-09-22 15:35:19.358 | WARNING  | __main__:main:285 - Skipping group t152 with only 2 entries
2025-09-22 15:35:19.358 | WARNING  | __main__:main:285 - Skipping group t165 with only 2 entries
2025-09-22 15:36:01.862 | WARNING  | __main__:main:285 - Skipping group n26 with only 2 entries
2025-09-22 15:38:54.445 | INFO     | __main__:main:261 - Read 1698 rows from output/jacs/ddG/labelled-properties.csv
2025-09-22 15:38:54.446 | INFO     | __main__:main:265 - Filtered to 283 rows with specified force field Sage 2.3.0rc1 + AshGC
2025-09-22 15:38:54.446 | INFO     | __main__:main:279 - Found 237 groups to compute
2025-09-22 15:38:57.335 | WARNING  | __main__:main:285 - Skipping group 1,2 Aminoalcohol with only 6 entries
2025-09-22 15:38:57.335 | WARNING  | __main__:main:285 - Skipping group 1,2 Diol with only 2 entries
2025-09-22 15:38:57.883 | WARNING  | __main__:main:285 - Skipping group Alkyl Chloride with only 2 entries
2025-09-22 15:38:57.883 | WARNING  | __main__:main:285 - Skipping group Alkyl Fluoride with only 3 entries
2025-09-22 15:38:59.540 | WARNING  | __main__:main:285 - Skipping group Alkyne with only 2 entries
2025-09-22 15:39:08.127 | WARNING  | __main__:main:285 - Skipping group Aryl Iodide with only 2 entries
2025-09-22 15:39:08.127 | WARNING  | __main__:main:285 - Skipping group Carbamic Acid Derivative with only 9 entries
2025-09-22 15:39:08.127 | WARNING  | __main__:main:285 - Skipping group Carbamic Acid Ester with only 9 entries
2025-09-22 15:39:11.921 | WARNING  | __main__:main:285 - Skipping group Carboxylic Acid Primary Amide with only 2 entries
2025-09-22 15:39:27.825 | WARNING  | __main__:main:285 - Skipping group Nitro Compound with only 2 entries
2025-09-22 15:39:28.621 | WARNING  | __main__:main:285 - Skipping group Phenol with only 4 entries
2025-09-22 15:39:31.246 | WARNING  | __main__:main:285 - Skipping group Secondary Alcohol with only 4 entries
2025-09-22 15:39:35.662 | WARNING  | __main__:main:285 - Skipping group Sulfoxide with only 5 entries
2025-09-22 15:39:35.663 | WARNING  | __main__:main:285 - Skipping group Tertiary Alcohol with only 3 entries
2025-09-22 15:39:35.663 | WARNING  | __main__:main:285 - Skipping group Thioether with only 4 entries
2025-09-22 15:39:35.663 | WARNING  | __main__:main:285 - Skipping group Urea with only 3 entries
2025-09-22 15:40:03.648 | WARNING  | __main__:main:285 - Skipping group b18 with only 4 entries
2025-09-22 15:40:05.534 | WARNING  | __main__:main:285 - Skipping group b20 with only 9 entries
2025-09-22 15:40:09.547 | WARNING  | __main__:main:285 - Skipping group b25 with only 6 entries
2025-09-22 15:40:10.286 | WARNING  | __main__:main:285 - Skipping group b28 with only 2 entries
2025-09-22 15:40:10.286 | WARNING  | __main__:main:285 - Skipping group b35 with only 2 entries
2025-09-22 15:40:10.286 | WARNING  | __main__:main:285 - Skipping group b38 with only 2 entries
2025-09-22 15:40:10.286 | WARNING  | __main__:main:285 - Skipping group b42 with only 2 entries
2025-09-22 15:40:10.286 | WARNING  | __main__:main:285 - Skipping group b51 with only 2 entries
2025-09-22 15:40:14.087 | WARNING  | __main__:main:285 - Skipping group b69 with only 8 entries
2025-09-22 15:40:15.430 | WARNING  | __main__:main:285 - Skipping group b71 with only 2 entries
2025-09-22 15:40:16.140 | WARNING  | __main__:main:285 - Skipping group b74 with only 2 entries
2025-09-22 15:40:31.729 | WARNING  | __main__:main:285 - Skipping group a5 with only 2 entries
2025-09-22 15:40:32.300 | WARNING  | __main__:main:285 - Skipping group a7 with only 4 entries
2025-09-22 15:40:32.301 | WARNING  | __main__:main:285 - Skipping group a8 with only 4 entries
2025-09-22 15:40:32.301 | WARNING  | __main__:main:285 - Skipping group a9 with only 4 entries
2025-09-22 15:40:51.074 | WARNING  | __main__:main:285 - Skipping group a25 with only 2 entries
2025-09-22 15:40:51.075 | WARNING  | __main__:main:285 - Skipping group a26 with only 2 entries
2025-09-22 15:40:54.577 | WARNING  | __main__:main:285 - Skipping group a33 with only 5 entries
2025-09-22 15:40:55.253 | WARNING  | __main__:main:285 - Skipping group a38 with only 2 entries
2025-09-22 15:41:05.942 | WARNING  | __main__:main:285 - Skipping group t5 with only 6 entries
2025-09-22 15:41:18.796 | WARNING  | __main__:main:285 - Skipping group t21 with only 10 entries
2025-09-22 15:41:20.591 | WARNING  | __main__:main:285 - Skipping group t25 with only 2 entries
2025-09-22 15:41:20.591 | WARNING  | __main__:main:285 - Skipping group t27 with only 7 entries
2025-09-22 15:41:20.591 | WARNING  | __main__:main:285 - Skipping group t42 with only 7 entries
2025-09-22 15:41:32.543 | WARNING  | __main__:main:285 - Skipping group t56 with only 2 entries
2025-09-22 15:41:32.543 | WARNING  | __main__:main:285 - Skipping group t57 with only 2 entries
2025-09-22 15:41:35.780 | WARNING  | __main__:main:285 - Skipping group t69 with only 1 entries
2025-09-22 15:41:45.778 | WARNING  | __main__:main:285 - Skipping group t82 with only 4 entries
2025-09-22 15:41:46.417 | WARNING  | __main__:main:285 - Skipping group t83a with only 2 entries
2025-09-22 15:41:59.052 | WARNING  | __main__:main:285 - Skipping group t106 with only 4 entries
2025-09-22 15:41:59.053 | WARNING  | __main__:main:285 - Skipping group t107 with only 9 entries
2025-09-22 15:41:59.053 | WARNING  | __main__:main:285 - Skipping group t110 with only 9 entries
2025-09-22 15:41:59.053 | WARNING  | __main__:main:285 - Skipping group t111 with only 7 entries
2025-09-22 15:41:59.874 | WARNING  | __main__:main:285 - Skipping group t116 with only 4 entries
2025-09-22 15:42:01.330 | WARNING  | __main__:main:285 - Skipping group t118a with only 5 entries
2025-09-22 15:42:02.758 | WARNING  | __main__:main:285 - Skipping group t121a with only 5 entries
2025-09-22 15:42:02.759 | WARNING  | __main__:main:285 - Skipping group t122 with only 6 entries
2025-09-22 15:42:02.759 | WARNING  | __main__:main:285 - Skipping group t122a with only 5 entries
2025-09-22 15:42:02.759 | WARNING  | __main__:main:285 - Skipping group t138 with only 2 entries
2025-09-22 15:42:02.759 | WARNING  | __main__:main:285 - Skipping group t140 with only 2 entries
2025-09-22 15:42:02.759 | WARNING  | __main__:main:285 - Skipping group t145b with only 9 entries
2025-09-22 15:42:02.759 | WARNING  | __main__:main:285 - Skipping group t146b with only 9 entries
2025-09-22 15:42:02.759 | WARNING  | __main__:main:285 - Skipping group t147b with only 6 entries
2025-09-22 15:42:02.759 | WARNING  | __main__:main:285 - Skipping group t148b with only 9 entries
2025-09-22 15:42:03.262 | WARNING  | __main__:main:285 - Skipping group t150 with only 2 entries
2025-09-22 15:42:03.262 | WARNING  | __main__:main:285 - Skipping group t152 with only 2 entries
2025-09-22 15:42:03.262 | WARNING  | __main__:main:285 - Skipping group t165 with only 2 entries
2025-09-22 15:42:46.497 | WARNING  | __main__:main:285 - Skipping group n26 with only 2 entries
2025-09-22 15:45:43.181 | INFO     | __main__:main:261 - Read 1698 rows from output/jacs/ddG/labelled-properties.csv
2025-09-22 15:45:43.182 | INFO     | __main__:main:265 - Filtered to 283 rows with specified force field Sage 2.2.1+AM1-BCC
2025-09-22 15:45:43.182 | INFO     | __main__:main:279 - Found 237 groups to compute
2025-09-22 15:45:46.171 | WARNING  | __main__:main:285 - Skipping group 1,2 Aminoalcohol with only 6 entries
2025-09-22 15:45:46.172 | WARNING  | __main__:main:285 - Skipping group 1,2 Diol with only 2 entries
2025-09-22 15:45:46.818 | WARNING  | __main__:main:285 - Skipping group Alkyl Chloride with only 2 entries
2025-09-22 15:45:46.818 | WARNING  | __main__:main:285 - Skipping group Alkyl Fluoride with only 3 entries
2025-09-22 15:45:48.593 | WARNING  | __main__:main:285 - Skipping group Alkyne with only 2 entries
2025-09-22 15:45:57.726 | WARNING  | __main__:main:285 - Skipping group Aryl Iodide with only 2 entries
2025-09-22 15:45:57.726 | WARNING  | __main__:main:285 - Skipping group Carbamic Acid Derivative with only 9 entries
2025-09-22 15:45:57.727 | WARNING  | __main__:main:285 - Skipping group Carbamic Acid Ester with only 9 entries
2025-09-22 15:46:01.604 | WARNING  | __main__:main:285 - Skipping group Carboxylic Acid Primary Amide with only 2 entries
2025-09-22 15:46:19.476 | WARNING  | __main__:main:285 - Skipping group Nitro Compound with only 2 entries
2025-09-22 15:46:20.313 | WARNING  | __main__:main:285 - Skipping group Phenol with only 4 entries
2025-09-22 15:46:22.853 | WARNING  | __main__:main:285 - Skipping group Secondary Alcohol with only 4 entries
2025-09-22 15:46:27.376 | WARNING  | __main__:main:285 - Skipping group Sulfoxide with only 5 entries
2025-09-22 15:46:27.376 | WARNING  | __main__:main:285 - Skipping group Tertiary Alcohol with only 3 entries
2025-09-22 15:46:27.377 | WARNING  | __main__:main:285 - Skipping group Thioether with only 4 entries
2025-09-22 15:46:27.377 | WARNING  | __main__:main:285 - Skipping group Urea with only 3 entries
2025-09-22 15:46:56.336 | WARNING  | __main__:main:285 - Skipping group b18 with only 4 entries
2025-09-22 15:46:58.383 | WARNING  | __main__:main:285 - Skipping group b20 with only 9 entries
2025-09-22 15:47:02.311 | WARNING  | __main__:main:285 - Skipping group b25 with only 6 entries
2025-09-22 15:47:03.017 | WARNING  | __main__:main:285 - Skipping group b28 with only 2 entries
2025-09-22 15:47:03.017 | WARNING  | __main__:main:285 - Skipping group b35 with only 2 entries
2025-09-22 15:47:03.017 | WARNING  | __main__:main:285 - Skipping group b38 with only 2 entries
2025-09-22 15:47:03.017 | WARNING  | __main__:main:285 - Skipping group b42 with only 2 entries
2025-09-22 15:47:03.017 | WARNING  | __main__:main:285 - Skipping group b51 with only 2 entries
2025-09-22 15:47:06.913 | WARNING  | __main__:main:285 - Skipping group b69 with only 8 entries
2025-09-22 15:47:08.477 | WARNING  | __main__:main:285 - Skipping group b71 with only 2 entries
2025-09-22 15:47:09.216 | WARNING  | __main__:main:285 - Skipping group b74 with only 2 entries
2025-09-22 15:47:24.969 | WARNING  | __main__:main:285 - Skipping group a5 with only 2 entries
2025-09-22 15:47:25.603 | WARNING  | __main__:main:285 - Skipping group a7 with only 4 entries
2025-09-22 15:47:25.604 | WARNING  | __main__:main:285 - Skipping group a8 with only 4 entries
2025-09-22 15:47:25.604 | WARNING  | __main__:main:285 - Skipping group a9 with only 4 entries
2025-09-22 15:47:46.186 | WARNING  | __main__:main:285 - Skipping group a25 with only 2 entries
2025-09-22 15:47:46.186 | WARNING  | __main__:main:285 - Skipping group a26 with only 2 entries
2025-09-22 15:47:50.011 | WARNING  | __main__:main:285 - Skipping group a33 with only 5 entries
2025-09-22 15:47:50.737 | WARNING  | __main__:main:285 - Skipping group a38 with only 2 entries
2025-09-22 15:48:02.549 | WARNING  | __main__:main:285 - Skipping group t5 with only 6 entries
2025-09-22 15:48:17.240 | WARNING  | __main__:main:285 - Skipping group t21 with only 10 entries
2025-09-22 15:48:19.140 | WARNING  | __main__:main:285 - Skipping group t25 with only 2 entries
2025-09-22 15:48:19.140 | WARNING  | __main__:main:285 - Skipping group t27 with only 7 entries
2025-09-22 15:48:19.140 | WARNING  | __main__:main:285 - Skipping group t42 with only 7 entries
2025-09-22 15:48:31.963 | WARNING  | __main__:main:285 - Skipping group t56 with only 2 entries
2025-09-22 15:48:31.963 | WARNING  | __main__:main:285 - Skipping group t57 with only 2 entries
2025-09-22 15:48:35.468 | WARNING  | __main__:main:285 - Skipping group t69 with only 1 entries
2025-09-22 15:48:46.935 | WARNING  | __main__:main:285 - Skipping group t82 with only 4 entries
2025-09-22 15:48:47.653 | WARNING  | __main__:main:285 - Skipping group t83a with only 2 entries
2025-09-22 15:49:00.757 | WARNING  | __main__:main:285 - Skipping group t106 with only 4 entries
2025-09-22 15:49:00.757 | WARNING  | __main__:main:285 - Skipping group t107 with only 9 entries
2025-09-22 15:49:00.757 | WARNING  | __main__:main:285 - Skipping group t110 with only 9 entries
2025-09-22 15:49:00.757 | WARNING  | __main__:main:285 - Skipping group t111 with only 7 entries
2025-09-22 15:49:01.625 | WARNING  | __main__:main:285 - Skipping group t116 with only 4 entries
2025-09-22 15:49:03.059 | WARNING  | __main__:main:285 - Skipping group t118a with only 5 entries
2025-09-22 15:49:04.553 | WARNING  | __main__:main:285 - Skipping group t121a with only 5 entries
2025-09-22 15:49:04.554 | WARNING  | __main__:main:285 - Skipping group t122 with only 6 entries
2025-09-22 15:49:04.554 | WARNING  | __main__:main:285 - Skipping group t122a with only 5 entries
2025-09-22 15:49:04.554 | WARNING  | __main__:main:285 - Skipping group t138 with only 2 entries
2025-09-22 15:49:04.554 | WARNING  | __main__:main:285 - Skipping group t140 with only 2 entries
2025-09-22 15:49:04.554 | WARNING  | __main__:main:285 - Skipping group t145b with only 9 entries
2025-09-22 15:49:04.554 | WARNING  | __main__:main:285 - Skipping group t146b with only 9 entries
2025-09-22 15:49:04.554 | WARNING  | __main__:main:285 - Skipping group t147b with only 6 entries
2025-09-22 15:49:04.554 | WARNING  | __main__:main:285 - Skipping group t148b with only 9 entries
2025-09-22 15:49:05.052 | WARNING  | __main__:main:285 - Skipping group t150 with only 2 entries
2025-09-22 15:49:05.053 | WARNING  | __main__:main:285 - Skipping group t152 with only 2 entries
2025-09-22 15:49:05.053 | WARNING  | __main__:main:285 - Skipping group t165 with only 2 entries
2025-09-22 15:49:50.220 | WARNING  | __main__:main:285 - Skipping group n26 with only 2 entries
