2025-10-03 11:32:58.875 | INFO     | __main__:main:261 - Read 2776 rows from output/sfes/tfes/labelled-data.csv
2025-10-03 11:32:58.876 | INFO     | __main__:main:265 - Filtered to 0 rows with specified force field fit-iter-1
2025-10-03 11:32:58.876 | INFO     | __main__:main:279 - Found 169 groups to compute
2025-10-03 11:32:58.891 | WARNING  | __main__:main:285 - Skipping group All with only 0 entries
2025-10-03 11:32:58.891 | WARNING  | __main__:main:285 - Skipping group 1,2 Diol with only 0 entries
2025-10-03 11:32:58.892 | WARNING  | __main__:main:285 - Skipping group Alcohol with only 0 entries
2025-10-03 11:32:58.892 | WARNING  | __main__:main:285 - Skipping group Aldehyde with only 0 entries
2025-10-03 11:32:58.892 | WARNING  | __main__:main:285 - Skipping group Alkane with only 0 entries
2025-10-03 11:32:58.892 | WARNING  | __main__:main:285 - Skipping group Alkene with only 0 entries
2025-10-03 11:32:58.892 | WARNING  | __main__:main:285 - Skipping group Alkyl Bromide with only 0 entries
2025-10-03 11:32:58.892 | WARNING  | __main__:main:285 - Skipping group Alkyl Chloride with only 0 entries
2025-10-03 11:32:58.893 | WARNING  | __main__:main:285 - Skipping group Alkylarylether with only 0 entries
2025-10-03 11:32:58.893 | WARNING  | __main__:main:285 - Skipping group Alkylthiol with only 0 entries
2025-10-03 11:32:58.893 | WARNING  | __main__:main:285 - Skipping group Amine with only 0 entries
2025-10-03 11:32:58.893 | WARNING  | __main__:main:285 - Skipping group Aromatic with only 0 entries
2025-10-03 11:32:58.893 | WARNING  | __main__:main:285 - Skipping group Aryl Bromide with only 0 entries
2025-10-03 11:32:58.893 | WARNING  | __main__:main:285 - Skipping group Aryl Chloride with only 0 entries
2025-10-03 11:32:58.893 | WARNING  | __main__:main:285 - Skipping group Carbonyl with only 0 entries
2025-10-03 11:32:58.893 | WARNING  | __main__:main:285 - Skipping group Carboxylic Acid Amide with only 0 entries
2025-10-03 11:32:58.893 | WARNING  | __main__:main:285 - Skipping group Carboxylic Acid Derivative with only 0 entries
2025-10-03 11:32:58.893 | WARNING  | __main__:main:285 - Skipping group Carboxylic Acid Ester with only 0 entries
2025-10-03 11:32:58.893 | WARNING  | __main__:main:285 - Skipping group Carboxylic Acid Primary Amide with only 0 entries
2025-10-03 11:32:58.893 | WARNING  | __main__:main:285 - Skipping group Carboxylic Acid Secondary Amide with only 0 entries
2025-10-03 11:32:58.893 | WARNING  | __main__:main:285 - Skipping group Carboxylic Acid Tertiary Amide with only 0 entries
2025-10-03 11:32:58.894 | WARNING  | __main__:main:285 - Skipping group Dialkylether with only 0 entries
2025-10-03 11:32:58.894 | WARNING  | __main__:main:285 - Skipping group Ether with only 0 entries
2025-10-03 11:32:58.894 | WARNING  | __main__:main:285 - Skipping group Halogen Derivative with only 0 entries
2025-10-03 11:32:58.894 | WARNING  | __main__:main:285 - Skipping group Heterocycle with only 0 entries
2025-10-03 11:32:58.894 | WARNING  | __main__:main:285 - Skipping group Hydroxy with only 0 entries
2025-10-03 11:32:58.894 | WARNING  | __main__:main:285 - Skipping group Ketone with only 0 entries
2025-10-03 11:32:58.894 | WARNING  | __main__:main:285 - Skipping group Nitro Compound with only 0 entries
2025-10-03 11:32:58.894 | WARNING  | __main__:main:285 - Skipping group Oxohetarene with only 0 entries
2025-10-03 11:32:58.894 | WARNING  | __main__:main:285 - Skipping group Phenol with only 0 entries
2025-10-03 11:32:58.894 | WARNING  | __main__:main:285 - Skipping group Phosphoric Acid Derivative with only 0 entries
2025-10-03 11:32:58.894 | WARNING  | __main__:main:285 - Skipping group Phosphoric Acid Ester with only 0 entries
2025-10-03 11:32:58.894 | WARNING  | __main__:main:285 - Skipping group Primary Alcohol with only 0 entries
2025-10-03 11:32:58.894 | WARNING  | __main__:main:285 - Skipping group Primary Aliphatic Amine with only 0 entries
2025-10-03 11:32:58.895 | WARNING  | __main__:main:285 - Skipping group Primary Amine with only 0 entries
2025-10-03 11:32:58.895 | WARNING  | __main__:main:285 - Skipping group Primary Aromatic Amine with only 0 entries
2025-10-03 11:32:58.895 | WARNING  | __main__:main:285 - Skipping group Secondary Alcohol with only 0 entries
2025-10-03 11:32:58.895 | WARNING  | __main__:main:285 - Skipping group Secondary Aliphatic Amine with only 0 entries
2025-10-03 11:32:58.895 | WARNING  | __main__:main:285 - Skipping group Secondary Amine with only 0 entries
2025-10-03 11:32:58.895 | WARNING  | __main__:main:285 - Skipping group Secondary Mixed Amine with only 0 entries
2025-10-03 11:32:58.895 | WARNING  | __main__:main:285 - Skipping group Tertiary Alcohol with only 0 entries
2025-10-03 11:32:58.895 | WARNING  | __main__:main:285 - Skipping group Tertiary Aliphatic Amine with only 0 entries
2025-10-03 11:32:58.895 | WARNING  | __main__:main:285 - Skipping group Tertiary Amine with only 0 entries
2025-10-03 11:32:58.895 | WARNING  | __main__:main:285 - Skipping group Thioether with only 0 entries
2025-10-03 11:32:58.895 | WARNING  | __main__:main:285 - Skipping group Thiol with only 0 entries
2025-10-03 11:32:58.895 | WARNING  | __main__:main:285 - Skipping group b1 with only 0 entries
2025-10-03 11:32:58.895 | WARNING  | __main__:main:285 - Skipping group b2 with only 0 entries
2025-10-03 11:32:58.896 | WARNING  | __main__:main:285 - Skipping group b3 with only 0 entries
2025-10-03 11:32:58.896 | WARNING  | __main__:main:285 - Skipping group b4 with only 0 entries
2025-10-03 11:32:58.896 | WARNING  | __main__:main:285 - Skipping group b5 with only 0 entries
2025-10-03 11:32:58.896 | WARNING  | __main__:main:285 - Skipping group b6 with only 0 entries
2025-10-03 11:32:58.896 | WARNING  | __main__:main:285 - Skipping group b7 with only 0 entries
2025-10-03 11:32:58.896 | WARNING  | __main__:main:285 - Skipping group b8 with only 0 entries
2025-10-03 11:32:58.896 | WARNING  | __main__:main:285 - Skipping group b8a with only 0 entries
2025-10-03 11:32:58.896 | WARNING  | __main__:main:285 - Skipping group b9 with only 0 entries
2025-10-03 11:32:58.896 | WARNING  | __main__:main:285 - Skipping group b10 with only 0 entries
2025-10-03 11:32:58.896 | WARNING  | __main__:main:285 - Skipping group b12 with only 0 entries
2025-10-03 11:32:58.897 | WARNING  | __main__:main:285 - Skipping group b14 with only 0 entries
2025-10-03 11:32:58.897 | WARNING  | __main__:main:285 - Skipping group b16 with only 0 entries
2025-10-03 11:32:58.897 | WARNING  | __main__:main:285 - Skipping group b18 with only 0 entries
2025-10-03 11:32:58.897 | WARNING  | __main__:main:285 - Skipping group b19 with only 0 entries
2025-10-03 11:32:58.897 | WARNING  | __main__:main:285 - Skipping group b20 with only 0 entries
2025-10-03 11:32:58.897 | WARNING  | __main__:main:285 - Skipping group b21 with only 0 entries
2025-10-03 11:32:58.897 | WARNING  | __main__:main:285 - Skipping group b42 with only 0 entries
2025-10-03 11:32:58.897 | WARNING  | __main__:main:285 - Skipping group b45 with only 0 entries
2025-10-03 11:32:58.897 | WARNING  | __main__:main:285 - Skipping group b51 with only 0 entries
2025-10-03 11:32:58.897 | WARNING  | __main__:main:285 - Skipping group b52 with only 0 entries
2025-10-03 11:32:58.897 | WARNING  | __main__:main:285 - Skipping group b64 with only 0 entries
2025-10-03 11:32:58.897 | WARNING  | __main__:main:285 - Skipping group b65 with only 0 entries
2025-10-03 11:32:58.897 | WARNING  | __main__:main:285 - Skipping group b70 with only 0 entries
2025-10-03 11:32:58.898 | WARNING  | __main__:main:285 - Skipping group b71 with only 0 entries
2025-10-03 11:32:58.898 | WARNING  | __main__:main:285 - Skipping group b72 with only 0 entries
2025-10-03 11:32:58.898 | WARNING  | __main__:main:285 - Skipping group b73 with only 0 entries
2025-10-03 11:32:58.898 | WARNING  | __main__:main:285 - Skipping group b84 with only 0 entries
2025-10-03 11:32:58.898 | WARNING  | __main__:main:285 - Skipping group b85 with only 0 entries
2025-10-03 11:32:58.898 | WARNING  | __main__:main:285 - Skipping group b87 with only 0 entries
2025-10-03 11:32:58.898 | WARNING  | __main__:main:285 - Skipping group b88 with only 0 entries
2025-10-03 11:32:58.898 | WARNING  | __main__:main:285 - Skipping group a1 with only 0 entries
2025-10-03 11:32:58.898 | WARNING  | __main__:main:285 - Skipping group a2 with only 0 entries
2025-10-03 11:32:58.898 | WARNING  | __main__:main:285 - Skipping group a10 with only 0 entries
2025-10-03 11:32:58.898 | WARNING  | __main__:main:285 - Skipping group a10a with only 0 entries
2025-10-03 11:32:58.898 | WARNING  | __main__:main:285 - Skipping group a11 with only 0 entries
2025-10-03 11:32:58.898 | WARNING  | __main__:main:285 - Skipping group a11a with only 0 entries
2025-10-03 11:32:58.899 | WARNING  | __main__:main:285 - Skipping group a12 with only 0 entries
2025-10-03 11:32:58.899 | WARNING  | __main__:main:285 - Skipping group a14 with only 0 entries
2025-10-03 11:32:58.899 | WARNING  | __main__:main:285 - Skipping group a15 with only 0 entries
2025-10-03 11:32:58.899 | WARNING  | __main__:main:285 - Skipping group a18 with only 0 entries
2025-10-03 11:32:58.899 | WARNING  | __main__:main:285 - Skipping group a19 with only 0 entries
2025-10-03 11:32:58.899 | WARNING  | __main__:main:285 - Skipping group a20 with only 0 entries
2025-10-03 11:32:58.899 | WARNING  | __main__:main:285 - Skipping group a21 with only 0 entries
2025-10-03 11:32:58.899 | WARNING  | __main__:main:285 - Skipping group a22 with only 0 entries
2025-10-03 11:32:58.899 | WARNING  | __main__:main:285 - Skipping group a25 with only 0 entries
2025-10-03 11:32:58.899 | WARNING  | __main__:main:285 - Skipping group a26 with only 0 entries
2025-10-03 11:32:58.899 | WARNING  | __main__:main:285 - Skipping group a28 with only 0 entries
2025-10-03 11:32:58.899 | WARNING  | __main__:main:285 - Skipping group a28a with only 0 entries
2025-10-03 11:32:58.899 | WARNING  | __main__:main:285 - Skipping group a34 with only 0 entries
2025-10-03 11:32:58.900 | WARNING  | __main__:main:285 - Skipping group a38 with only 0 entries
2025-10-03 11:32:58.900 | WARNING  | __main__:main:285 - Skipping group a40 with only 0 entries
2025-10-03 11:32:58.900 | WARNING  | __main__:main:285 - Skipping group a41 with only 0 entries
2025-10-03 11:32:58.900 | WARNING  | __main__:main:285 - Skipping group a41a with only 0 entries
2025-10-03 11:32:58.900 | WARNING  | __main__:main:285 - Skipping group a18a with only 0 entries
2025-10-03 11:32:58.900 | WARNING  | __main__:main:285 - Skipping group t1 with only 0 entries
2025-10-03 11:32:58.900 | WARNING  | __main__:main:285 - Skipping group t2 with only 0 entries
2025-10-03 11:32:58.900 | WARNING  | __main__:main:285 - Skipping group t3 with only 0 entries
2025-10-03 11:32:58.901 | WARNING  | __main__:main:285 - Skipping group t4 with only 0 entries
2025-10-03 11:32:58.901 | WARNING  | __main__:main:285 - Skipping group t5 with only 0 entries
2025-10-03 11:32:58.901 | WARNING  | __main__:main:285 - Skipping group t9 with only 0 entries
2025-10-03 11:32:58.901 | WARNING  | __main__:main:285 - Skipping group t11 with only 0 entries
2025-10-03 11:32:58.901 | WARNING  | __main__:main:285 - Skipping group t12 with only 0 entries
2025-10-03 11:32:58.901 | WARNING  | __main__:main:285 - Skipping group t17 with only 0 entries
2025-10-03 11:32:58.901 | WARNING  | __main__:main:285 - Skipping group t17a with only 0 entries
2025-10-03 11:32:58.901 | WARNING  | __main__:main:285 - Skipping group t18 with only 0 entries
2025-10-03 11:32:58.901 | WARNING  | __main__:main:285 - Skipping group t19 with only 0 entries
2025-10-03 11:32:58.901 | WARNING  | __main__:main:285 - Skipping group t20 with only 0 entries
2025-10-03 11:32:58.901 | WARNING  | __main__:main:285 - Skipping group t43 with only 0 entries
2025-10-03 11:32:58.901 | WARNING  | __main__:main:285 - Skipping group t44 with only 0 entries
2025-10-03 11:32:58.901 | WARNING  | __main__:main:285 - Skipping group t45 with only 0 entries
2025-10-03 11:32:58.901 | WARNING  | __main__:main:285 - Skipping group t47 with only 0 entries
2025-10-03 11:32:58.902 | WARNING  | __main__:main:285 - Skipping group t48 with only 0 entries
2025-10-03 11:32:58.902 | WARNING  | __main__:main:285 - Skipping group t51 with only 0 entries
2025-10-03 11:32:58.902 | WARNING  | __main__:main:285 - Skipping group t58a with only 0 entries
2025-10-03 11:32:58.902 | WARNING  | __main__:main:285 - Skipping group t64 with only 0 entries
2025-10-03 11:32:58.902 | WARNING  | __main__:main:285 - Skipping group t73 with only 0 entries
2025-10-03 11:32:58.902 | WARNING  | __main__:main:285 - Skipping group t74 with only 0 entries
2025-10-03 11:32:58.902 | WARNING  | __main__:main:285 - Skipping group t75 with only 0 entries
2025-10-03 11:32:58.902 | WARNING  | __main__:main:285 - Skipping group t76 with only 0 entries
2025-10-03 11:32:58.902 | WARNING  | __main__:main:285 - Skipping group t77 with only 0 entries
2025-10-03 11:32:58.902 | WARNING  | __main__:main:285 - Skipping group t78 with only 0 entries
2025-10-03 11:32:58.902 | WARNING  | __main__:main:285 - Skipping group t80 with only 0 entries
2025-10-03 11:32:58.902 | WARNING  | __main__:main:285 - Skipping group t83a with only 0 entries
2025-10-03 11:32:58.903 | WARNING  | __main__:main:285 - Skipping group t84 with only 0 entries
2025-10-03 11:32:58.903 | WARNING  | __main__:main:285 - Skipping group t85 with only 0 entries
2025-10-03 11:32:58.903 | WARNING  | __main__:main:285 - Skipping group t93 with only 0 entries
2025-10-03 11:32:58.903 | WARNING  | __main__:main:285 - Skipping group t94 with only 0 entries
2025-10-03 11:32:58.903 | WARNING  | __main__:main:285 - Skipping group t95 with only 0 entries
2025-10-03 11:32:58.903 | WARNING  | __main__:main:285 - Skipping group t96 with only 0 entries
2025-10-03 11:32:58.903 | WARNING  | __main__:main:285 - Skipping group t97 with only 0 entries
2025-10-03 11:32:58.903 | WARNING  | __main__:main:285 - Skipping group t105 with only 0 entries
2025-10-03 11:32:58.903 | WARNING  | __main__:main:285 - Skipping group t106 with only 0 entries
2025-10-03 11:32:58.903 | WARNING  | __main__:main:285 - Skipping group t107 with only 0 entries
2025-10-03 11:32:58.904 | WARNING  | __main__:main:285 - Skipping group t110 with only 0 entries
2025-10-03 11:32:58.904 | WARNING  | __main__:main:285 - Skipping group t115 with only 0 entries
2025-10-03 11:32:58.904 | WARNING  | __main__:main:285 - Skipping group t116 with only 0 entries
2025-10-03 11:32:58.904 | WARNING  | __main__:main:285 - Skipping group t117a with only 0 entries
2025-10-03 11:32:58.904 | WARNING  | __main__:main:285 - Skipping group t159 with only 0 entries
2025-10-03 11:32:58.904 | WARNING  | __main__:main:285 - Skipping group t160 with only 0 entries
2025-10-03 11:32:58.904 | WARNING  | __main__:main:285 - Skipping group i1 with only 0 entries
2025-10-03 11:32:58.904 | WARNING  | __main__:main:285 - Skipping group i2 with only 0 entries
2025-10-03 11:32:58.904 | WARNING  | __main__:main:285 - Skipping group i4 with only 0 entries
2025-10-03 11:32:58.904 | WARNING  | __main__:main:285 - Skipping group i6 with only 0 entries
2025-10-03 11:32:58.904 | WARNING  | __main__:main:285 - Skipping group n2 with only 0 entries
2025-10-03 11:32:58.904 | WARNING  | __main__:main:285 - Skipping group n3 with only 0 entries
2025-10-03 11:32:58.904 | WARNING  | __main__:main:285 - Skipping group n4 with only 0 entries
2025-10-03 11:32:58.904 | WARNING  | __main__:main:285 - Skipping group n7 with only 0 entries
2025-10-03 11:32:58.904 | WARNING  | __main__:main:285 - Skipping group n8 with only 0 entries
2025-10-03 11:32:58.905 | WARNING  | __main__:main:285 - Skipping group n9 with only 0 entries
2025-10-03 11:32:58.905 | WARNING  | __main__:main:285 - Skipping group n11 with only 0 entries
2025-10-03 11:32:58.905 | WARNING  | __main__:main:285 - Skipping group n12 with only 0 entries
2025-10-03 11:32:58.905 | WARNING  | __main__:main:285 - Skipping group n13 with only 0 entries
2025-10-03 11:32:58.905 | WARNING  | __main__:main:285 - Skipping group n14 with only 0 entries
2025-10-03 11:32:58.905 | WARNING  | __main__:main:285 - Skipping group n16 with only 0 entries
2025-10-03 11:32:58.905 | WARNING  | __main__:main:285 - Skipping group n17 with only 0 entries
2025-10-03 11:32:58.905 | WARNING  | __main__:main:285 - Skipping group n18 with only 0 entries
2025-10-03 11:32:58.905 | WARNING  | __main__:main:285 - Skipping group n19 with only 0 entries
2025-10-03 11:32:58.905 | WARNING  | __main__:main:285 - Skipping group n20 with only 0 entries
2025-10-03 11:32:58.905 | WARNING  | __main__:main:285 - Skipping group n21 with only 0 entries
2025-10-03 11:32:58.905 | WARNING  | __main__:main:285 - Skipping group n22 with only 0 entries
2025-10-03 11:32:58.905 | WARNING  | __main__:main:285 - Skipping group n24 with only 0 entries
2025-10-03 11:32:58.905 | WARNING  | __main__:main:285 - Skipping group n25 with only 0 entries
2025-10-03 11:36:17.936 | INFO     | __main__:main:261 - Read 2776 rows from output/sfes/tfes/labelled-data.csv
2025-10-03 11:36:17.937 | INFO     | __main__:main:265 - Filtered to 0 rows with specified force field vdw-refit
2025-10-03 11:36:17.937 | INFO     | __main__:main:279 - Found 169 groups to compute
2025-10-03 11:36:17.946 | WARNING  | __main__:main:285 - Skipping group All with only 0 entries
2025-10-03 11:36:17.946 | WARNING  | __main__:main:285 - Skipping group 1,2 Diol with only 0 entries
2025-10-03 11:36:17.946 | WARNING  | __main__:main:285 - Skipping group Alcohol with only 0 entries
2025-10-03 11:36:17.947 | WARNING  | __main__:main:285 - Skipping group Aldehyde with only 0 entries
2025-10-03 11:36:17.947 | WARNING  | __main__:main:285 - Skipping group Alkane with only 0 entries
2025-10-03 11:36:17.947 | WARNING  | __main__:main:285 - Skipping group Alkene with only 0 entries
2025-10-03 11:36:17.947 | WARNING  | __main__:main:285 - Skipping group Alkyl Bromide with only 0 entries
2025-10-03 11:36:17.947 | WARNING  | __main__:main:285 - Skipping group Alkyl Chloride with only 0 entries
2025-10-03 11:36:17.947 | WARNING  | __main__:main:285 - Skipping group Alkylarylether with only 0 entries
2025-10-03 11:36:17.947 | WARNING  | __main__:main:285 - Skipping group Alkylthiol with only 0 entries
2025-10-03 11:36:17.947 | WARNING  | __main__:main:285 - Skipping group Amine with only 0 entries
2025-10-03 11:36:17.947 | WARNING  | __main__:main:285 - Skipping group Aromatic with only 0 entries
2025-10-03 11:36:17.947 | WARNING  | __main__:main:285 - Skipping group Aryl Bromide with only 0 entries
2025-10-03 11:36:17.947 | WARNING  | __main__:main:285 - Skipping group Aryl Chloride with only 0 entries
2025-10-03 11:36:17.948 | WARNING  | __main__:main:285 - Skipping group Carbonyl with only 0 entries
2025-10-03 11:36:17.948 | WARNING  | __main__:main:285 - Skipping group Carboxylic Acid Amide with only 0 entries
2025-10-03 11:36:17.948 | WARNING  | __main__:main:285 - Skipping group Carboxylic Acid Derivative with only 0 entries
2025-10-03 11:36:17.948 | WARNING  | __main__:main:285 - Skipping group Carboxylic Acid Ester with only 0 entries
2025-10-03 11:36:17.948 | WARNING  | __main__:main:285 - Skipping group Carboxylic Acid Primary Amide with only 0 entries
2025-10-03 11:36:17.948 | WARNING  | __main__:main:285 - Skipping group Carboxylic Acid Secondary Amide with only 0 entries
2025-10-03 11:36:17.948 | WARNING  | __main__:main:285 - Skipping group Carboxylic Acid Tertiary Amide with only 0 entries
2025-10-03 11:36:17.948 | WARNING  | __main__:main:285 - Skipping group Dialkylether with only 0 entries
2025-10-03 11:36:17.948 | WARNING  | __main__:main:285 - Skipping group Ether with only 0 entries
2025-10-03 11:36:17.948 | WARNING  | __main__:main:285 - Skipping group Halogen Derivative with only 0 entries
2025-10-03 11:36:17.948 | WARNING  | __main__:main:285 - Skipping group Heterocycle with only 0 entries
2025-10-03 11:36:17.948 | WARNING  | __main__:main:285 - Skipping group Hydroxy with only 0 entries
2025-10-03 11:36:17.949 | WARNING  | __main__:main:285 - Skipping group Ketone with only 0 entries
2025-10-03 11:36:17.949 | WARNING  | __main__:main:285 - Skipping group Nitro Compound with only 0 entries
2025-10-03 11:36:17.949 | WARNING  | __main__:main:285 - Skipping group Oxohetarene with only 0 entries
2025-10-03 11:36:17.949 | WARNING  | __main__:main:285 - Skipping group Phenol with only 0 entries
2025-10-03 11:36:17.949 | WARNING  | __main__:main:285 - Skipping group Phosphoric Acid Derivative with only 0 entries
2025-10-03 11:36:17.949 | WARNING  | __main__:main:285 - Skipping group Phosphoric Acid Ester with only 0 entries
2025-10-03 11:36:17.949 | WARNING  | __main__:main:285 - Skipping group Primary Alcohol with only 0 entries
2025-10-03 11:36:17.949 | WARNING  | __main__:main:285 - Skipping group Primary Aliphatic Amine with only 0 entries
2025-10-03 11:36:17.949 | WARNING  | __main__:main:285 - Skipping group Primary Amine with only 0 entries
2025-10-03 11:36:17.949 | WARNING  | __main__:main:285 - Skipping group Primary Aromatic Amine with only 0 entries
2025-10-03 11:36:17.949 | WARNING  | __main__:main:285 - Skipping group Secondary Alcohol with only 0 entries
2025-10-03 11:36:17.949 | WARNING  | __main__:main:285 - Skipping group Secondary Aliphatic Amine with only 0 entries
2025-10-03 11:36:17.950 | WARNING  | __main__:main:285 - Skipping group Secondary Amine with only 0 entries
2025-10-03 11:36:17.950 | WARNING  | __main__:main:285 - Skipping group Secondary Mixed Amine with only 0 entries
2025-10-03 11:36:17.950 | WARNING  | __main__:main:285 - Skipping group Tertiary Alcohol with only 0 entries
2025-10-03 11:36:17.950 | WARNING  | __main__:main:285 - Skipping group Tertiary Aliphatic Amine with only 0 entries
2025-10-03 11:36:17.950 | WARNING  | __main__:main:285 - Skipping group Tertiary Amine with only 0 entries
2025-10-03 11:36:17.950 | WARNING  | __main__:main:285 - Skipping group Thioether with only 0 entries
2025-10-03 11:36:17.950 | WARNING  | __main__:main:285 - Skipping group Thiol with only 0 entries
2025-10-03 11:36:17.950 | WARNING  | __main__:main:285 - Skipping group b1 with only 0 entries
2025-10-03 11:36:17.950 | WARNING  | __main__:main:285 - Skipping group b2 with only 0 entries
2025-10-03 11:36:17.950 | WARNING  | __main__:main:285 - Skipping group b3 with only 0 entries
2025-10-03 11:36:17.950 | WARNING  | __main__:main:285 - Skipping group b4 with only 0 entries
2025-10-03 11:36:17.950 | WARNING  | __main__:main:285 - Skipping group b5 with only 0 entries
2025-10-03 11:36:17.950 | WARNING  | __main__:main:285 - Skipping group b6 with only 0 entries
2025-10-03 11:36:17.951 | WARNING  | __main__:main:285 - Skipping group b7 with only 0 entries
2025-10-03 11:36:17.951 | WARNING  | __main__:main:285 - Skipping group b8 with only 0 entries
2025-10-03 11:36:17.951 | WARNING  | __main__:main:285 - Skipping group b8a with only 0 entries
2025-10-03 11:36:17.951 | WARNING  | __main__:main:285 - Skipping group b9 with only 0 entries
2025-10-03 11:36:17.951 | WARNING  | __main__:main:285 - Skipping group b10 with only 0 entries
2025-10-03 11:36:17.951 | WARNING  | __main__:main:285 - Skipping group b12 with only 0 entries
2025-10-03 11:36:17.951 | WARNING  | __main__:main:285 - Skipping group b14 with only 0 entries
2025-10-03 11:36:17.951 | WARNING  | __main__:main:285 - Skipping group b16 with only 0 entries
2025-10-03 11:36:17.951 | WARNING  | __main__:main:285 - Skipping group b18 with only 0 entries
2025-10-03 11:36:17.952 | WARNING  | __main__:main:285 - Skipping group b19 with only 0 entries
2025-10-03 11:36:17.952 | WARNING  | __main__:main:285 - Skipping group b20 with only 0 entries
2025-10-03 11:36:17.952 | WARNING  | __main__:main:285 - Skipping group b21 with only 0 entries
2025-10-03 11:36:17.952 | WARNING  | __main__:main:285 - Skipping group b42 with only 0 entries
2025-10-03 11:36:17.952 | WARNING  | __main__:main:285 - Skipping group b45 with only 0 entries
2025-10-03 11:36:17.952 | WARNING  | __main__:main:285 - Skipping group b51 with only 0 entries
2025-10-03 11:36:17.952 | WARNING  | __main__:main:285 - Skipping group b52 with only 0 entries
2025-10-03 11:36:17.952 | WARNING  | __main__:main:285 - Skipping group b64 with only 0 entries
2025-10-03 11:36:17.952 | WARNING  | __main__:main:285 - Skipping group b65 with only 0 entries
2025-10-03 11:36:17.952 | WARNING  | __main__:main:285 - Skipping group b70 with only 0 entries
2025-10-03 11:36:17.953 | WARNING  | __main__:main:285 - Skipping group b71 with only 0 entries
2025-10-03 11:36:17.953 | WARNING  | __main__:main:285 - Skipping group b72 with only 0 entries
2025-10-03 11:36:17.953 | WARNING  | __main__:main:285 - Skipping group b73 with only 0 entries
2025-10-03 11:36:17.953 | WARNING  | __main__:main:285 - Skipping group b84 with only 0 entries
2025-10-03 11:36:17.953 | WARNING  | __main__:main:285 - Skipping group b85 with only 0 entries
2025-10-03 11:36:17.953 | WARNING  | __main__:main:285 - Skipping group b87 with only 0 entries
2025-10-03 11:36:17.953 | WARNING  | __main__:main:285 - Skipping group b88 with only 0 entries
2025-10-03 11:36:17.953 | WARNING  | __main__:main:285 - Skipping group a1 with only 0 entries
2025-10-03 11:36:17.953 | WARNING  | __main__:main:285 - Skipping group a2 with only 0 entries
2025-10-03 11:36:17.953 | WARNING  | __main__:main:285 - Skipping group a10 with only 0 entries
2025-10-03 11:36:17.953 | WARNING  | __main__:main:285 - Skipping group a10a with only 0 entries
2025-10-03 11:36:17.953 | WARNING  | __main__:main:285 - Skipping group a11 with only 0 entries
2025-10-03 11:36:17.953 | WARNING  | __main__:main:285 - Skipping group a11a with only 0 entries
2025-10-03 11:36:17.954 | WARNING  | __main__:main:285 - Skipping group a12 with only 0 entries
2025-10-03 11:36:17.954 | WARNING  | __main__:main:285 - Skipping group a14 with only 0 entries
2025-10-03 11:36:17.954 | WARNING  | __main__:main:285 - Skipping group a15 with only 0 entries
2025-10-03 11:36:17.954 | WARNING  | __main__:main:285 - Skipping group a18 with only 0 entries
2025-10-03 11:36:17.954 | WARNING  | __main__:main:285 - Skipping group a19 with only 0 entries
2025-10-03 11:36:17.954 | WARNING  | __main__:main:285 - Skipping group a20 with only 0 entries
2025-10-03 11:36:17.954 | WARNING  | __main__:main:285 - Skipping group a21 with only 0 entries
2025-10-03 11:36:17.954 | WARNING  | __main__:main:285 - Skipping group a22 with only 0 entries
2025-10-03 11:36:17.954 | WARNING  | __main__:main:285 - Skipping group a25 with only 0 entries
2025-10-03 11:36:17.954 | WARNING  | __main__:main:285 - Skipping group a26 with only 0 entries
2025-10-03 11:36:17.954 | WARNING  | __main__:main:285 - Skipping group a28 with only 0 entries
2025-10-03 11:36:17.954 | WARNING  | __main__:main:285 - Skipping group a28a with only 0 entries
2025-10-03 11:36:17.954 | WARNING  | __main__:main:285 - Skipping group a34 with only 0 entries
2025-10-03 11:36:17.954 | WARNING  | __main__:main:285 - Skipping group a38 with only 0 entries
2025-10-03 11:36:17.955 | WARNING  | __main__:main:285 - Skipping group a40 with only 0 entries
2025-10-03 11:36:17.955 | WARNING  | __main__:main:285 - Skipping group a41 with only 0 entries
2025-10-03 11:36:17.955 | WARNING  | __main__:main:285 - Skipping group a41a with only 0 entries
2025-10-03 11:36:17.955 | WARNING  | __main__:main:285 - Skipping group a18a with only 0 entries
2025-10-03 11:36:17.955 | WARNING  | __main__:main:285 - Skipping group t1 with only 0 entries
2025-10-03 11:36:17.955 | WARNING  | __main__:main:285 - Skipping group t2 with only 0 entries
2025-10-03 11:36:17.955 | WARNING  | __main__:main:285 - Skipping group t3 with only 0 entries
2025-10-03 11:36:17.955 | WARNING  | __main__:main:285 - Skipping group t4 with only 0 entries
2025-10-03 11:36:17.955 | WARNING  | __main__:main:285 - Skipping group t5 with only 0 entries
2025-10-03 11:36:17.955 | WARNING  | __main__:main:285 - Skipping group t9 with only 0 entries
2025-10-03 11:36:17.955 | WARNING  | __main__:main:285 - Skipping group t11 with only 0 entries
2025-10-03 11:36:17.956 | WARNING  | __main__:main:285 - Skipping group t12 with only 0 entries
2025-10-03 11:36:17.956 | WARNING  | __main__:main:285 - Skipping group t17 with only 0 entries
2025-10-03 11:36:17.956 | WARNING  | __main__:main:285 - Skipping group t17a with only 0 entries
2025-10-03 11:36:17.956 | WARNING  | __main__:main:285 - Skipping group t18 with only 0 entries
2025-10-03 11:36:17.956 | WARNING  | __main__:main:285 - Skipping group t19 with only 0 entries
2025-10-03 11:36:17.956 | WARNING  | __main__:main:285 - Skipping group t20 with only 0 entries
2025-10-03 11:36:17.956 | WARNING  | __main__:main:285 - Skipping group t43 with only 0 entries
2025-10-03 11:36:17.956 | WARNING  | __main__:main:285 - Skipping group t44 with only 0 entries
2025-10-03 11:36:17.956 | WARNING  | __main__:main:285 - Skipping group t45 with only 0 entries
2025-10-03 11:36:17.956 | WARNING  | __main__:main:285 - Skipping group t47 with only 0 entries
2025-10-03 11:36:17.956 | WARNING  | __main__:main:285 - Skipping group t48 with only 0 entries
2025-10-03 11:36:17.956 | WARNING  | __main__:main:285 - Skipping group t51 with only 0 entries
2025-10-03 11:36:17.956 | WARNING  | __main__:main:285 - Skipping group t58a with only 0 entries
2025-10-03 11:36:17.957 | WARNING  | __main__:main:285 - Skipping group t64 with only 0 entries
2025-10-03 11:36:17.957 | WARNING  | __main__:main:285 - Skipping group t73 with only 0 entries
2025-10-03 11:36:17.957 | WARNING  | __main__:main:285 - Skipping group t74 with only 0 entries
2025-10-03 11:36:17.957 | WARNING  | __main__:main:285 - Skipping group t75 with only 0 entries
2025-10-03 11:36:17.957 | WARNING  | __main__:main:285 - Skipping group t76 with only 0 entries
2025-10-03 11:36:17.957 | WARNING  | __main__:main:285 - Skipping group t77 with only 0 entries
2025-10-03 11:36:17.957 | WARNING  | __main__:main:285 - Skipping group t78 with only 0 entries
2025-10-03 11:36:17.957 | WARNING  | __main__:main:285 - Skipping group t80 with only 0 entries
2025-10-03 11:36:17.957 | WARNING  | __main__:main:285 - Skipping group t83a with only 0 entries
2025-10-03 11:36:17.957 | WARNING  | __main__:main:285 - Skipping group t84 with only 0 entries
2025-10-03 11:36:17.957 | WARNING  | __main__:main:285 - Skipping group t85 with only 0 entries
2025-10-03 11:36:17.958 | WARNING  | __main__:main:285 - Skipping group t93 with only 0 entries
2025-10-03 11:36:17.958 | WARNING  | __main__:main:285 - Skipping group t94 with only 0 entries
2025-10-03 11:36:17.958 | WARNING  | __main__:main:285 - Skipping group t95 with only 0 entries
2025-10-03 11:36:17.958 | WARNING  | __main__:main:285 - Skipping group t96 with only 0 entries
2025-10-03 11:36:17.958 | WARNING  | __main__:main:285 - Skipping group t97 with only 0 entries
2025-10-03 11:36:17.958 | WARNING  | __main__:main:285 - Skipping group t105 with only 0 entries
2025-10-03 11:36:17.958 | WARNING  | __main__:main:285 - Skipping group t106 with only 0 entries
2025-10-03 11:36:17.958 | WARNING  | __main__:main:285 - Skipping group t107 with only 0 entries
2025-10-03 11:36:17.958 | WARNING  | __main__:main:285 - Skipping group t110 with only 0 entries
2025-10-03 11:36:17.958 | WARNING  | __main__:main:285 - Skipping group t115 with only 0 entries
2025-10-03 11:36:17.958 | WARNING  | __main__:main:285 - Skipping group t116 with only 0 entries
2025-10-03 11:36:17.958 | WARNING  | __main__:main:285 - Skipping group t117a with only 0 entries
2025-10-03 11:36:17.958 | WARNING  | __main__:main:285 - Skipping group t159 with only 0 entries
2025-10-03 11:36:17.959 | WARNING  | __main__:main:285 - Skipping group t160 with only 0 entries
2025-10-03 11:36:17.959 | WARNING  | __main__:main:285 - Skipping group i1 with only 0 entries
2025-10-03 11:36:17.959 | WARNING  | __main__:main:285 - Skipping group i2 with only 0 entries
2025-10-03 11:36:17.959 | WARNING  | __main__:main:285 - Skipping group i4 with only 0 entries
2025-10-03 11:36:17.959 | WARNING  | __main__:main:285 - Skipping group i6 with only 0 entries
2025-10-03 11:36:17.959 | WARNING  | __main__:main:285 - Skipping group n2 with only 0 entries
2025-10-03 11:36:17.959 | WARNING  | __main__:main:285 - Skipping group n3 with only 0 entries
2025-10-03 11:36:17.959 | WARNING  | __main__:main:285 - Skipping group n4 with only 0 entries
2025-10-03 11:36:17.959 | WARNING  | __main__:main:285 - Skipping group n7 with only 0 entries
2025-10-03 11:36:17.959 | WARNING  | __main__:main:285 - Skipping group n8 with only 0 entries
2025-10-03 11:36:17.960 | WARNING  | __main__:main:285 - Skipping group n9 with only 0 entries
2025-10-03 11:36:17.960 | WARNING  | __main__:main:285 - Skipping group n11 with only 0 entries
2025-10-03 11:36:17.960 | WARNING  | __main__:main:285 - Skipping group n12 with only 0 entries
2025-10-03 11:36:17.960 | WARNING  | __main__:main:285 - Skipping group n13 with only 0 entries
2025-10-03 11:36:17.960 | WARNING  | __main__:main:285 - Skipping group n14 with only 0 entries
2025-10-03 11:36:17.960 | WARNING  | __main__:main:285 - Skipping group n16 with only 0 entries
2025-10-03 11:36:17.960 | WARNING  | __main__:main:285 - Skipping group n17 with only 0 entries
2025-10-03 11:36:17.960 | WARNING  | __main__:main:285 - Skipping group n18 with only 0 entries
2025-10-03 11:36:17.960 | WARNING  | __main__:main:285 - Skipping group n19 with only 0 entries
2025-10-03 11:36:17.960 | WARNING  | __main__:main:285 - Skipping group n20 with only 0 entries
2025-10-03 11:36:17.960 | WARNING  | __main__:main:285 - Skipping group n21 with only 0 entries
2025-10-03 11:36:17.960 | WARNING  | __main__:main:285 - Skipping group n22 with only 0 entries
2025-10-03 11:36:17.960 | WARNING  | __main__:main:285 - Skipping group n24 with only 0 entries
2025-10-03 11:36:17.961 | WARNING  | __main__:main:285 - Skipping group n25 with only 0 entries
