2025-11-13 18:56:13.008 | INFO     | __main__:main:212 - Read 3681 entries from ../04_benchmark/rbfes/output/ddG.csv
2025-11-13 18:56:13.008 | INFO     | __main__:main:215 - Read 3681 entries from 1 files
2025-11-13 18:56:13.010 | INFO     | __main__:main:227 - Filtered to 1132 entries with known forcefields
2025-11-13 18:56:13.011 | INFO     | __main__:main:238 - Filtered to 1132 entries with all 4 forcefields
2025-11-13 18:56:13.011 | INFO     | __main__:main:244 - Found 199 unique SMILES to label
2025-11-13 18:56:13.045 | INFO     | __main__:main:250 - Loaded 1990 checkmol labels from labels/checkmol
2025-11-13 18:56:13.192 | INFO     | __main__:main:255 - Loaded 10931 forcefield labels from labels/forcefields/v3-k100
2025-11-13 18:56:13.469 | INFO     | __main__:main:293 - Found 50 unique Checkmol groups
2025-11-13 18:56:13.469 | INFO     | __main__:main:300 - Found 35 unique Angles forcefield parameters
2025-11-13 18:56:13.469 | INFO     | __main__:main:300 - Found 44 unique Bonds forcefield parameters
2025-11-13 18:56:13.469 | INFO     | __main__:main:300 - Found 6 unique ImproperTorsions forcefield parameters
2025-11-13 18:56:13.469 | INFO     | __main__:main:300 - Found 87 unique ProperTorsions forcefield parameters
2025-11-13 18:56:13.469 | INFO     | __main__:main:300 - Found 20 unique vdW forcefield parameters
2025-11-13 18:56:14.712 | INFO     | __main__:main:328 - Wrote 1132 entries to output/jacs/ddG/labelled-properties.csv
2025-11-13 18:56:14.712 | INFO     | __main__:main:343 - Using abs error threshold 1.2
2025-11-13 18:56:14.713 | INFO     | __main__:main:367 - Found 86 high error entries for Sage 2.2.1 + AshGC
2025-11-13 18:56:14.720 | INFO     | __main__:main:367 - Found 83 high error entries for Sage 2.2.1 + ELF10
2025-11-13 18:56:14.725 | INFO     | __main__:main:367 - Found 70 high error entries for Sage 2.3.0rc2 + AshGC
2025-11-13 18:56:14.731 | INFO     | __main__:main:367 - Found 62 high error entries for Sage 2.3.0rc2 + ELF10
2025-11-13 18:56:14.738 | INFO     | __main__:main:412 - Found 116 overrepresented groups (ratio_representation > 1.5) across 4 forcefields
2025-11-13 18:56:14.738 | INFO     | __main__:main:416 - Overrepresented groups: t69, a5, a5, t69, t69, a37, a5, t69, a5, a37, Urea, Urea, t120, t119, b38, a7a, a8, b35, t140, t152, t150, a9, t57, t56, t138, 1,2 Aminoalcohol, Tertiary Alcohol, t76, Urea, 1,2 Aminoalcohol, t119, t120, t83a, t152, t25, t138, t150, t56, b8a, t57, t140, a25, t82, a26, Nitro Compound, b42, b38, b35, t119, t120, t21, t111, t76, t19a, t18a, a9, Thioether, t56, a8, a7a, t57, b38, b35, t138, 1,2 Diol, t150, t152, t140, t18a, t19a, a41a, t117a, t76, Sulfone, t152, t138, b28, b35, b38, t94, t57, t140, t165, t56, t150, a7a, Secondary Alcohol, 1,2 Diol, Alkyne, a9, a8, Thioether, t19a, t18a, t118, Sulfone, t58a, b52, t76, t115, t115, b52, a41a, t117a, i2, Secondary Mixed Amine, Carboxylic Acid Salt, b22, 1,2 Aminoalcohol, a15a, Anion, t48a, t119, t120, b17, t146b
2025-11-13 18:56:14.742 | INFO     | __main__:main:420 - Wrote 968 ratio representation entries to output/jacs/ddG/ratio_representation_1.2.csv
