2025-09-16 10:19:34.738 | INFO     | __main__:main:222 - Saving plots to images/mnsol-by-solute/v3-vs-221+elf10
2025-09-16 10:19:34.749 | INFO     | __main__:main:225 - Plotting Solute: Brc1ccc(Br)cc1 with 1 items
2025-09-16 10:19:34.910 | INFO     | __main__:main:241 - Saved plot to images/mnsol-by-solute/v3-vs-221+elf10/Solute-Brc1ccc(Br)cc1-0.png
2025-09-16 10:19:34.911 | INFO     | __main__:main:225 - Plotting Solute: Brc1ccccc1 with 4 items
2025-09-16 10:19:34.997 | INFO     | __main__:main:241 - Saved plot to images/mnsol-by-solute/v3-vs-221+elf10/Solute-Brc1ccccc1-1.png
2025-09-16 10:19:34.997 | INFO     | __main__:main:225 - Plotting Solute: C1CCCCC1 with 1 items
2025-09-16 10:19:35.064 | INFO     | __main__:main:241 - Saved plot to images/mnsol-by-solute/v3-vs-221+elf10/Solute-C1CCCCC1-2.png
2025-09-16 10:19:35.065 | INFO     | __main__:main:225 - Plotting Solute: C1CCNCC1 with 4 items
2025-09-16 10:19:35.148 | INFO     | __main__:main:241 - Saved plot to images/mnsol-by-solute/v3-vs-221+elf10/Solute-C1CCNCC1-3.png
2025-09-16 10:19:35.148 | INFO     | __main__:main:225 - Plotting Solute: C1CCOCC1 with 1 items
2025-09-16 10:19:35.220 | INFO     | __main__:main:241 - Saved plot to images/mnsol-by-solute/v3-vs-221+elf10/Solute-C1CCOCC1-4.png
2025-09-16 10:19:35.220 | INFO     | __main__:main:225 - Plotting Solute: C1CNCCN1 with 1 items
2025-09-16 10:19:35.285 | INFO     | __main__:main:241 - Saved plot to images/mnsol-by-solute/v3-vs-221+elf10/Solute-C1CNCCN1-5.png
2025-09-16 10:19:35.286 | INFO     | __main__:main:225 - Plotting Solute: C1COCCO1 with 24 items
2025-09-16 10:19:35.569 | INFO     | __main__:main:241 - Saved plot to images/mnsol-by-solute/v3-vs-221+elf10/Solute-C1COCCO1-6.png
2025-09-16 10:19:35.570 | INFO     | __main__:main:225 - Plotting Solute: C=CC with 1 items
2025-09-16 10:19:35.644 | INFO     | __main__:main:241 - Saved plot to images/mnsol-by-solute/v3-vs-221+elf10/Solute-C=CC-7.png
2025-09-16 10:19:35.644 | INFO     | __main__:main:225 - Plotting Solute: C=CCC with 1 items
2025-09-16 10:19:35.711 | INFO     | __main__:main:241 - Saved plot to images/mnsol-by-solute/v3-vs-221+elf10/Solute-C=CCC-8.png
2025-09-16 10:19:35.711 | INFO     | __main__:main:225 - Plotting Solute: C=CCO with 1 items
2025-09-16 10:19:35.787 | INFO     | __main__:main:241 - Saved plot to images/mnsol-by-solute/v3-vs-221+elf10/Solute-C=CCO-9.png
2025-09-16 10:19:35.787 | INFO     | __main__:main:225 - Plotting Solute: C=O with 4 items
2025-09-16 10:19:35.866 | INFO     | __main__:main:241 - Saved plot to images/mnsol-by-solute/v3-vs-221+elf10/Solute-C=O-10.png
2025-09-16 10:19:35.867 | INFO     | __main__:main:225 - Plotting Solute: CC(=O)C(C)(C)C with 12 items
2025-09-16 10:19:36.023 | INFO     | __main__:main:241 - Saved plot to images/mnsol-by-solute/v3-vs-221+elf10/Solute-CC(=O)C(C)(C)C-11.png
2025-09-16 10:19:36.023 | INFO     | __main__:main:225 - Plotting Solute: CC(=O)N(C)C with 1 items
2025-09-16 10:19:36.115 | INFO     | __main__:main:241 - Saved plot to images/mnsol-by-solute/v3-vs-221+elf10/Solute-CC(=O)N(C)C-12.png
2025-09-16 10:19:36.115 | INFO     | __main__:main:225 - Plotting Solute: CC(=O)c1ccccc1 with 3 items
2025-09-16 10:19:36.190 | INFO     | __main__:main:241 - Saved plot to images/mnsol-by-solute/v3-vs-221+elf10/Solute-CC(=O)c1ccccc1-13.png
2025-09-16 10:19:36.191 | INFO     | __main__:main:225 - Plotting Solute: CC(C)(C)O with 3 items
2025-09-16 10:19:36.267 | INFO     | __main__:main:241 - Saved plot to images/mnsol-by-solute/v3-vs-221+elf10/Solute-CC(C)(C)O-14.png
2025-09-16 10:19:36.267 | INFO     | __main__:main:225 - Plotting Solute: CC(C)=O with 6 items
2025-09-16 10:19:36.363 | INFO     | __main__:main:241 - Saved plot to images/mnsol-by-solute/v3-vs-221+elf10/Solute-CC(C)=O-15.png
2025-09-16 10:19:36.363 | INFO     | __main__:main:225 - Plotting Solute: CC(C)O with 3 items
2025-09-16 10:19:36.437 | INFO     | __main__:main:241 - Saved plot to images/mnsol-by-solute/v3-vs-221+elf10/Solute-CC(C)O-16.png
2025-09-16 10:19:36.437 | INFO     | __main__:main:225 - Plotting Solute: CC(N)=O with 1 items
2025-09-16 10:19:36.502 | INFO     | __main__:main:241 - Saved plot to images/mnsol-by-solute/v3-vs-221+elf10/Solute-CC(N)=O-17.png
2025-09-16 10:19:36.503 | INFO     | __main__:main:225 - Plotting Solute: CC=O with 1 items
2025-09-16 10:19:36.570 | INFO     | __main__:main:241 - Saved plot to images/mnsol-by-solute/v3-vs-221+elf10/Solute-CC=O-18.png
2025-09-16 10:19:36.570 | INFO     | __main__:main:225 - Plotting Solute: CCC with 1 items
2025-09-16 10:19:36.641 | INFO     | __main__:main:241 - Saved plot to images/mnsol-by-solute/v3-vs-221+elf10/Solute-CCC-19.png
2025-09-16 10:19:36.641 | INFO     | __main__:main:225 - Plotting Solute: CCC(=O)CC with 1 items
2025-09-16 10:19:36.718 | INFO     | __main__:main:241 - Saved plot to images/mnsol-by-solute/v3-vs-221+elf10/Solute-CCC(=O)CC-20.png
2025-09-16 10:19:36.718 | INFO     | __main__:main:225 - Plotting Solute: CCC(=O)OC with 2 items
2025-09-16 10:19:36.791 | INFO     | __main__:main:241 - Saved plot to images/mnsol-by-solute/v3-vs-221+elf10/Solute-CCC(=O)OC-21.png
2025-09-16 10:19:36.791 | INFO     | __main__:main:225 - Plotting Solute: CCC(C)=O with 24 items
2025-09-16 10:19:37.063 | INFO     | __main__:main:241 - Saved plot to images/mnsol-by-solute/v3-vs-221+elf10/Solute-CCC(C)=O-22.png
2025-09-16 10:19:37.063 | INFO     | __main__:main:225 - Plotting Solute: CCCC with 1 items
2025-09-16 10:19:37.133 | INFO     | __main__:main:241 - Saved plot to images/mnsol-by-solute/v3-vs-221+elf10/Solute-CCCC-23.png
2025-09-16 10:19:37.134 | INFO     | __main__:main:225 - Plotting Solute: CCCC(C)=O with 2 items
2025-09-16 10:19:37.209 | INFO     | __main__:main:241 - Saved plot to images/mnsol-by-solute/v3-vs-221+elf10/Solute-CCCC(C)=O-24.png
2025-09-16 10:19:37.209 | INFO     | __main__:main:225 - Plotting Solute: CCCC=O with 2 items
2025-09-16 10:19:37.284 | INFO     | __main__:main:241 - Saved plot to images/mnsol-by-solute/v3-vs-221+elf10/Solute-CCCC=O-25.png
2025-09-16 10:19:37.284 | INFO     | __main__:main:225 - Plotting Solute: CCCCC with 2 items
2025-09-16 10:19:37.354 | INFO     | __main__:main:241 - Saved plot to images/mnsol-by-solute/v3-vs-221+elf10/Solute-CCCCC-26.png
2025-09-16 10:19:37.354 | INFO     | __main__:main:225 - Plotting Solute: CCCCC(=O)OC with 7 items
2025-09-16 10:19:37.463 | INFO     | __main__:main:241 - Saved plot to images/mnsol-by-solute/v3-vs-221+elf10/Solute-CCCCC(=O)OC-27.png
2025-09-16 10:19:37.463 | INFO     | __main__:main:225 - Plotting Solute: CCCCC=O with 1 items
2025-09-16 10:19:37.530 | INFO     | __main__:main:241 - Saved plot to images/mnsol-by-solute/v3-vs-221+elf10/Solute-CCCCC=O-28.png
2025-09-16 10:19:37.530 | INFO     | __main__:main:225 - Plotting Solute: CCCCCC(=O)OC with 2 items
2025-09-16 10:19:37.634 | INFO     | __main__:main:241 - Saved plot to images/mnsol-by-solute/v3-vs-221+elf10/Solute-CCCCCC(=O)OC-29.png
2025-09-16 10:19:37.634 | INFO     | __main__:main:225 - Plotting Solute: CCCCCC(C)=O with 1 items
2025-09-16 10:19:37.700 | INFO     | __main__:main:241 - Saved plot to images/mnsol-by-solute/v3-vs-221+elf10/Solute-CCCCCC(C)=O-30.png
2025-09-16 10:19:37.700 | INFO     | __main__:main:225 - Plotting Solute: CCCCCCCC with 23 items
2025-09-16 10:19:37.963 | INFO     | __main__:main:241 - Saved plot to images/mnsol-by-solute/v3-vs-221+elf10/Solute-CCCCCCCC-31.png
2025-09-16 10:19:37.963 | INFO     | __main__:main:225 - Plotting Solute: CCCCCCCO with 1 items
2025-09-16 10:19:38.031 | INFO     | __main__:main:241 - Saved plot to images/mnsol-by-solute/v3-vs-221+elf10/Solute-CCCCCCCO-32.png
2025-09-16 10:19:38.032 | INFO     | __main__:main:225 - Plotting Solute: CCCCCCO with 1 items
2025-09-16 10:19:38.099 | INFO     | __main__:main:241 - Saved plot to images/mnsol-by-solute/v3-vs-221+elf10/Solute-CCCCCCO-33.png
2025-09-16 10:19:38.099 | INFO     | __main__:main:225 - Plotting Solute: CCCCCO with 4 items
2025-09-16 10:19:38.180 | INFO     | __main__:main:241 - Saved plot to images/mnsol-by-solute/v3-vs-221+elf10/Solute-CCCCCO-34.png
2025-09-16 10:19:38.181 | INFO     | __main__:main:225 - Plotting Solute: CCCCCOC(C)=O with 2 items
2025-09-16 10:19:38.259 | INFO     | __main__:main:241 - Saved plot to images/mnsol-by-solute/v3-vs-221+elf10/Solute-CCCCCOC(C)=O-35.png
2025-09-16 10:19:38.260 | INFO     | __main__:main:225 - Plotting Solute: CCCCN with 6 items
2025-09-16 10:19:38.362 | INFO     | __main__:main:241 - Saved plot to images/mnsol-by-solute/v3-vs-221+elf10/Solute-CCCCN-36.png
2025-09-16 10:19:38.362 | INFO     | __main__:main:225 - Plotting Solute: CCCCO with 1 items
2025-09-16 10:19:38.435 | INFO     | __main__:main:241 - Saved plot to images/mnsol-by-solute/v3-vs-221+elf10/Solute-CCCCO-37.png
2025-09-16 10:19:38.435 | INFO     | __main__:main:225 - Plotting Solute: CCCCOC(C)=O with 2 items
2025-09-16 10:19:38.508 | INFO     | __main__:main:241 - Saved plot to images/mnsol-by-solute/v3-vs-221+elf10/Solute-CCCCOC(C)=O-38.png
2025-09-16 10:19:38.508 | INFO     | __main__:main:225 - Plotting Solute: CCCN with 5 items
2025-09-16 10:19:38.593 | INFO     | __main__:main:241 - Saved plot to images/mnsol-by-solute/v3-vs-221+elf10/Solute-CCCN-39.png
2025-09-16 10:19:38.593 | INFO     | __main__:main:225 - Plotting Solute: CCCNCCC with 1 items
2025-09-16 10:19:38.677 | INFO     | __main__:main:241 - Saved plot to images/mnsol-by-solute/v3-vs-221+elf10/Solute-CCCNCCC-40.png
2025-09-16 10:19:38.678 | INFO     | __main__:main:225 - Plotting Solute: CCCO with 1 items
2025-09-16 10:19:38.751 | INFO     | __main__:main:241 - Saved plot to images/mnsol-by-solute/v3-vs-221+elf10/Solute-CCCO-41.png
2025-09-16 10:19:38.751 | INFO     | __main__:main:225 - Plotting Solute: CCCS with 2 items
2025-09-16 10:19:38.827 | INFO     | __main__:main:241 - Saved plot to images/mnsol-by-solute/v3-vs-221+elf10/Solute-CCCS-42.png
2025-09-16 10:19:38.827 | INFO     | __main__:main:225 - Plotting Solute: CCN with 10 items
2025-09-16 10:19:38.967 | INFO     | __main__:main:241 - Saved plot to images/mnsol-by-solute/v3-vs-221+elf10/Solute-CCN-43.png
2025-09-16 10:19:38.967 | INFO     | __main__:main:225 - Plotting Solute: CCNCC with 7 items
2025-09-16 10:19:39.110 | INFO     | __main__:main:241 - Saved plot to images/mnsol-by-solute/v3-vs-221+elf10/Solute-CCNCC-44.png
2025-09-16 10:19:39.111 | INFO     | __main__:main:225 - Plotting Solute: CCO with 21 items
2025-09-16 10:19:39.361 | INFO     | __main__:main:241 - Saved plot to images/mnsol-by-solute/v3-vs-221+elf10/Solute-CCO-45.png
2025-09-16 10:19:39.362 | INFO     | __main__:main:225 - Plotting Solute: CCOC(C)=O with 2 items
2025-09-16 10:19:39.442 | INFO     | __main__:main:241 - Saved plot to images/mnsol-by-solute/v3-vs-221+elf10/Solute-CCOC(C)=O-46.png
2025-09-16 10:19:39.442 | INFO     | __main__:main:225 - Plotting Solute: CCOP(=O)(OCC)OCC with 5 items
2025-09-16 10:19:39.530 | INFO     | __main__:main:241 - Saved plot to images/mnsol-by-solute/v3-vs-221+elf10/Solute-CCOP(=O)(OCC)OCC-47.png
2025-09-16 10:19:39.530 | INFO     | __main__:main:225 - Plotting Solute: CCS with 1 items
2025-09-16 10:19:39.594 | INFO     | __main__:main:241 - Saved plot to images/mnsol-by-solute/v3-vs-221+elf10/Solute-CCS-48.png
2025-09-16 10:19:39.595 | INFO     | __main__:main:225 - Plotting Solute: CCc1cnccn1 with 2 items
2025-09-16 10:19:39.665 | INFO     | __main__:main:241 - Saved plot to images/mnsol-by-solute/v3-vs-221+elf10/Solute-CCc1cnccn1-49.png
2025-09-16 10:19:39.665 | INFO     | __main__:main:225 - Plotting Solute: CN with 6 items
2025-09-16 10:19:39.761 | INFO     | __main__:main:241 - Saved plot to images/mnsol-by-solute/v3-vs-221+elf10/Solute-CN-50.png
2025-09-16 10:19:39.761 | INFO     | __main__:main:225 - Plotting Solute: CN(C)C with 8 items
2025-09-16 10:19:39.879 | INFO     | __main__:main:241 - Saved plot to images/mnsol-by-solute/v3-vs-221+elf10/Solute-CN(C)C-51.png
2025-09-16 10:19:39.879 | INFO     | __main__:main:225 - Plotting Solute: CN(C)C=O with 2 items
2025-09-16 10:19:39.950 | INFO     | __main__:main:241 - Saved plot to images/mnsol-by-solute/v3-vs-221+elf10/Solute-CN(C)C=O-52.png
2025-09-16 10:19:39.950 | INFO     | __main__:main:225 - Plotting Solute: CN1CCCC1=O with 1 items
2025-09-16 10:19:40.025 | INFO     | __main__:main:241 - Saved plot to images/mnsol-by-solute/v3-vs-221+elf10/Solute-CN1CCCC1=O-53.png
2025-09-16 10:19:40.025 | INFO     | __main__:main:225 - Plotting Solute: CNC with 5 items
2025-09-16 10:19:40.111 | INFO     | __main__:main:241 - Saved plot to images/mnsol-by-solute/v3-vs-221+elf10/Solute-CNC-54.png
2025-09-16 10:19:40.111 | INFO     | __main__:main:225 - Plotting Solute: CNc1ccccc1 with 1 items
2025-09-16 10:19:40.178 | INFO     | __main__:main:241 - Saved plot to images/mnsol-by-solute/v3-vs-221+elf10/Solute-CNc1ccccc1-55.png
2025-09-16 10:19:40.178 | INFO     | __main__:main:225 - Plotting Solute: CO with 11 items
2025-09-16 10:19:40.326 | INFO     | __main__:main:241 - Saved plot to images/mnsol-by-solute/v3-vs-221+elf10/Solute-CO-56.png
2025-09-16 10:19:40.326 | INFO     | __main__:main:225 - Plotting Solute: COC(=O)c1ccccc1 with 3 items
2025-09-16 10:19:40.404 | INFO     | __main__:main:241 - Saved plot to images/mnsol-by-solute/v3-vs-221+elf10/Solute-COC(=O)c1ccccc1-57.png
2025-09-16 10:19:40.404 | INFO     | __main__:main:225 - Plotting Solute: COC(C)=O with 11 items
2025-09-16 10:19:40.583 | INFO     | __main__:main:241 - Saved plot to images/mnsol-by-solute/v3-vs-221+elf10/Solute-COC(C)=O-58.png
2025-09-16 10:19:40.583 | INFO     | __main__:main:225 - Plotting Solute: COCCO with 1 items
2025-09-16 10:19:40.649 | INFO     | __main__:main:241 - Saved plot to images/mnsol-by-solute/v3-vs-221+elf10/Solute-COCCO-59.png
2025-09-16 10:19:40.649 | INFO     | __main__:main:225 - Plotting Solute: COP(=O)(OC)OC with 4 items
2025-09-16 10:19:40.732 | INFO     | __main__:main:241 - Saved plot to images/mnsol-by-solute/v3-vs-221+elf10/Solute-COP(=O)(OC)OC-60.png
2025-09-16 10:19:40.732 | INFO     | __main__:main:225 - Plotting Solute: COP(=O)(OC)OC=C(Cl)Cl with 1 items
2025-09-16 10:19:40.798 | INFO     | __main__:main:241 - Saved plot to images/mnsol-by-solute/v3-vs-221+elf10/Solute-COP(=O)(OC)OC=C(Cl)Cl-61.png
2025-09-16 10:19:40.799 | INFO     | __main__:main:225 - Plotting Solute: COc1ccccc1 with 3 items
2025-09-16 10:19:40.883 | INFO     | __main__:main:241 - Saved plot to images/mnsol-by-solute/v3-vs-221+elf10/Solute-COc1ccccc1-62.png
2025-09-16 10:19:40.884 | INFO     | __main__:main:225 - Plotting Solute: CSc1ccccc1 with 1 items
2025-09-16 10:19:40.953 | INFO     | __main__:main:241 - Saved plot to images/mnsol-by-solute/v3-vs-221+elf10/Solute-CSc1ccccc1-63.png
2025-09-16 10:19:40.953 | INFO     | __main__:main:225 - Plotting Solute: Cc1ccc(N)cc1 with 2 items
2025-09-16 10:19:41.029 | INFO     | __main__:main:241 - Saved plot to images/mnsol-by-solute/v3-vs-221+elf10/Solute-Cc1ccc(N)cc1-64.png
2025-09-16 10:19:41.029 | INFO     | __main__:main:225 - Plotting Solute: Cc1ccc(O)cc1 with 1 items
2025-09-16 10:19:41.095 | INFO     | __main__:main:241 - Saved plot to images/mnsol-by-solute/v3-vs-221+elf10/Solute-Cc1ccc(O)cc1-65.png
2025-09-16 10:19:41.095 | INFO     | __main__:main:225 - Plotting Solute: Cc1cccc(C)n1 with 2 items
2025-09-16 10:19:41.166 | INFO     | __main__:main:241 - Saved plot to images/mnsol-by-solute/v3-vs-221+elf10/Solute-Cc1cccc(C)n1-66.png
2025-09-16 10:19:41.166 | INFO     | __main__:main:225 - Plotting Solute: Cc1ccccc1 with 16 items
2025-09-16 10:19:41.362 | INFO     | __main__:main:241 - Saved plot to images/mnsol-by-solute/v3-vs-221+elf10/Solute-Cc1ccccc1-67.png
2025-09-16 10:19:41.362 | INFO     | __main__:main:225 - Plotting Solute: Cc1ccccc1N with 4 items
2025-09-16 10:19:41.442 | INFO     | __main__:main:241 - Saved plot to images/mnsol-by-solute/v3-vs-221+elf10/Solute-Cc1ccccc1N-68.png
2025-09-16 10:19:41.443 | INFO     | __main__:main:225 - Plotting Solute: Cc1ccccc1O with 4 items
2025-09-16 10:19:41.524 | INFO     | __main__:main:241 - Saved plot to images/mnsol-by-solute/v3-vs-221+elf10/Solute-Cc1ccccc1O-69.png
2025-09-16 10:19:41.524 | INFO     | __main__:main:225 - Plotting Solute: Cc1ccccn1 with 1 items
2025-09-16 10:19:41.588 | INFO     | __main__:main:241 - Saved plot to images/mnsol-by-solute/v3-vs-221+elf10/Solute-Cc1ccccn1-70.png
2025-09-16 10:19:41.588 | INFO     | __main__:main:225 - Plotting Solute: Cc1cncc(C)c1 with 1 items
2025-09-16 10:19:41.654 | INFO     | __main__:main:241 - Saved plot to images/mnsol-by-solute/v3-vs-221+elf10/Solute-Cc1cncc(C)c1-71.png
2025-09-16 10:19:41.655 | INFO     | __main__:main:225 - Plotting Solute: Cc1cnccn1 with 2 items
2025-09-16 10:19:41.726 | INFO     | __main__:main:241 - Saved plot to images/mnsol-by-solute/v3-vs-221+elf10/Solute-Cc1cnccn1-72.png
2025-09-16 10:19:41.727 | INFO     | __main__:main:225 - Plotting Solute: Clc1ccc(Cl)cc1 with 4 items
2025-09-16 10:19:41.813 | INFO     | __main__:main:241 - Saved plot to images/mnsol-by-solute/v3-vs-221+elf10/Solute-Clc1ccc(Cl)cc1-73.png
2025-09-16 10:19:41.813 | INFO     | __main__:main:225 - Plotting Solute: Clc1ccccc1 with 4 items
2025-09-16 10:19:41.899 | INFO     | __main__:main:241 - Saved plot to images/mnsol-by-solute/v3-vs-221+elf10/Solute-Clc1ccccc1-74.png
2025-09-16 10:19:41.899 | INFO     | __main__:main:225 - Plotting Solute: Clc1ccccc1-c1ccccc1Cl with 1 items
2025-09-16 10:19:41.971 | INFO     | __main__:main:241 - Saved plot to images/mnsol-by-solute/v3-vs-221+elf10/Solute-Clc1ccccc1-c1ccccc1Cl-75.png
2025-09-16 10:19:41.972 | INFO     | __main__:main:225 - Plotting Solute: N#Cc1cc(Br)c(O)c(Br)c1 with 2 items
2025-09-16 10:19:42.080 | INFO     | __main__:main:241 - Saved plot to images/mnsol-by-solute/v3-vs-221+elf10/Solute-N#Cc1cc(Br)c(O)c(Br)c1-76.png
2025-09-16 10:19:42.081 | INFO     | __main__:main:225 - Plotting Solute: NC(=O)c1ccccc1 with 5 items
2025-09-16 10:19:42.170 | INFO     | __main__:main:241 - Saved plot to images/mnsol-by-solute/v3-vs-221+elf10/Solute-NC(=O)c1ccccc1-77.png
2025-09-16 10:19:42.170 | INFO     | __main__:main:225 - Plotting Solute: NC=O with 1 items
2025-09-16 10:19:42.241 | INFO     | __main__:main:241 - Saved plot to images/mnsol-by-solute/v3-vs-221+elf10/Solute-NC=O-78.png
2025-09-16 10:19:42.242 | INFO     | __main__:main:225 - Plotting Solute: Nc1ccccc1 with 7 items
2025-09-16 10:19:42.355 | INFO     | __main__:main:241 - Saved plot to images/mnsol-by-solute/v3-vs-221+elf10/Solute-Nc1ccccc1-79.png
2025-09-16 10:19:42.356 | INFO     | __main__:main:225 - Plotting Solute: O=C1CCCO1 with 2 items
2025-09-16 10:19:42.427 | INFO     | __main__:main:241 - Saved plot to images/mnsol-by-solute/v3-vs-221+elf10/Solute-O=C1CCCO1-80.png
2025-09-16 10:19:42.428 | INFO     | __main__:main:225 - Plotting Solute: O=Cc1ccc(O)cc1 with 4 items
2025-09-16 10:19:42.510 | INFO     | __main__:main:241 - Saved plot to images/mnsol-by-solute/v3-vs-221+elf10/Solute-O=Cc1ccc(O)cc1-81.png
2025-09-16 10:19:42.510 | INFO     | __main__:main:225 - Plotting Solute: O=Cc1cccc(O)c1 with 4 items
2025-09-16 10:19:42.593 | INFO     | __main__:main:241 - Saved plot to images/mnsol-by-solute/v3-vs-221+elf10/Solute-O=Cc1cccc(O)c1-82.png
2025-09-16 10:19:42.593 | INFO     | __main__:main:225 - Plotting Solute: O=Cc1ccccc1 with 3 items
2025-09-16 10:19:42.669 | INFO     | __main__:main:241 - Saved plot to images/mnsol-by-solute/v3-vs-221+elf10/Solute-O=Cc1ccccc1-83.png
2025-09-16 10:19:42.669 | INFO     | __main__:main:225 - Plotting Solute: O=[N+]([O-])c1ccccc1 with 1 items
2025-09-16 10:19:42.736 | INFO     | __main__:main:241 - Saved plot to images/mnsol-by-solute/v3-vs-221+elf10/Solute-O=[N+]([O-])c1ccccc1-84.png
2025-09-16 10:19:42.736 | INFO     | __main__:main:225 - Plotting Solute: O=c1[nH]cc(Br)c(=O)[nH]1 with 2 items
2025-09-16 10:19:42.809 | INFO     | __main__:main:241 - Saved plot to images/mnsol-by-solute/v3-vs-221+elf10/Solute-O=c1[nH]cc(Br)c(=O)[nH]1-85.png
2025-09-16 10:19:42.809 | INFO     | __main__:main:225 - Plotting Solute: O=c1cc[nH]c(=O)[nH]1 with 2 items
2025-09-16 10:19:42.880 | INFO     | __main__:main:241 - Saved plot to images/mnsol-by-solute/v3-vs-221+elf10/Solute-O=c1cc[nH]c(=O)[nH]1-86.png
2025-09-16 10:19:42.880 | INFO     | __main__:main:225 - Plotting Solute: OCCO with 1 items
2025-09-16 10:19:42.945 | INFO     | __main__:main:241 - Saved plot to images/mnsol-by-solute/v3-vs-221+elf10/Solute-OCCO-87.png
2025-09-16 10:19:42.946 | INFO     | __main__:main:225 - Plotting Solute: Oc1ccc(Br)cc1 with 10 items
2025-09-16 10:19:43.084 | INFO     | __main__:main:241 - Saved plot to images/mnsol-by-solute/v3-vs-221+elf10/Solute-Oc1ccc(Br)cc1-88.png
2025-09-16 10:19:43.084 | INFO     | __main__:main:225 - Plotting Solute: Oc1ccccc1 with 4 items
2025-09-16 10:19:43.166 | INFO     | __main__:main:241 - Saved plot to images/mnsol-by-solute/v3-vs-221+elf10/Solute-Oc1ccccc1-89.png
2025-09-16 10:19:43.166 | INFO     | __main__:main:225 - Plotting Solute: S with 1 items
2025-09-16 10:19:43.232 | INFO     | __main__:main:241 - Saved plot to images/mnsol-by-solute/v3-vs-221+elf10/Solute-S-90.png
2025-09-16 10:19:43.232 | INFO     | __main__:main:225 - Plotting Solute: c1cc[nH]c1 with 1 items
2025-09-16 10:19:43.297 | INFO     | __main__:main:241 - Saved plot to images/mnsol-by-solute/v3-vs-221+elf10/Solute-c1cc[nH]c1-91.png
2025-09-16 10:19:43.298 | INFO     | __main__:main:225 - Plotting Solute: c1ccc2ccccc2c1 with 1 items
2025-09-16 10:19:43.363 | INFO     | __main__:main:241 - Saved plot to images/mnsol-by-solute/v3-vs-221+elf10/Solute-c1ccc2ccccc2c1-92.png
2025-09-16 10:19:43.364 | INFO     | __main__:main:225 - Plotting Solute: c1ccccc1 with 3 items
2025-09-16 10:19:43.481 | INFO     | __main__:main:241 - Saved plot to images/mnsol-by-solute/v3-vs-221+elf10/Solute-c1ccccc1-93.png
2025-09-16 10:19:43.481 | INFO     | __main__:main:225 - Plotting Solute: c1ccncc1 with 11 items
2025-09-16 10:19:43.628 | INFO     | __main__:main:241 - Saved plot to images/mnsol-by-solute/v3-vs-221+elf10/Solute-c1ccncc1-94.png
2025-09-16 10:19:43.628 | INFO     | __main__:main:225 - Plotting Solute: c1ccsc1 with 1 items
2025-09-16 10:19:43.695 | INFO     | __main__:main:241 - Saved plot to images/mnsol-by-solute/v3-vs-221+elf10/Solute-c1ccsc1-95.png
