2025-10-02 15:17:34.092 | INFO     | __main__:main:222 - Saving plots to images/mnsol-by-solute/iter-1-vs-ashgc
2025-10-02 15:17:34.105 | INFO     | __main__:main:225 - Plotting Solute: Brc1ccc(Br)cc1 with 1 items
2025-10-02 15:17:34.261 | INFO     | __main__:main:241 - Saved plot to images/mnsol-by-solute/iter-1-vs-ashgc/Solute-Brc1ccc(Br)cc1-0.png
2025-10-02 15:17:34.262 | INFO     | __main__:main:225 - Plotting Solute: Brc1ccccc1 with 4 items
2025-10-02 15:17:34.353 | INFO     | __main__:main:241 - Saved plot to images/mnsol-by-solute/iter-1-vs-ashgc/Solute-Brc1ccccc1-1.png
2025-10-02 15:17:34.353 | INFO     | __main__:main:225 - Plotting Solute: C1CCCCC1 with 1 items
2025-10-02 15:17:34.425 | INFO     | __main__:main:241 - Saved plot to images/mnsol-by-solute/iter-1-vs-ashgc/Solute-C1CCCCC1-2.png
2025-10-02 15:17:34.425 | INFO     | __main__:main:225 - Plotting Solute: C1CCNCC1 with 4 items
2025-10-02 15:17:34.515 | INFO     | __main__:main:241 - Saved plot to images/mnsol-by-solute/iter-1-vs-ashgc/Solute-C1CCNCC1-3.png
2025-10-02 15:17:34.515 | INFO     | __main__:main:225 - Plotting Solute: C1CCOCC1 with 1 items
2025-10-02 15:17:34.599 | INFO     | __main__:main:241 - Saved plot to images/mnsol-by-solute/iter-1-vs-ashgc/Solute-C1CCOCC1-4.png
2025-10-02 15:17:34.599 | INFO     | __main__:main:225 - Plotting Solute: C1CNCCN1 with 1 items
2025-10-02 15:17:34.671 | INFO     | __main__:main:241 - Saved plot to images/mnsol-by-solute/iter-1-vs-ashgc/Solute-C1CNCCN1-5.png
2025-10-02 15:17:34.671 | INFO     | __main__:main:225 - Plotting Solute: C1COCCO1 with 24 items
2025-10-02 15:17:34.961 | INFO     | __main__:main:241 - Saved plot to images/mnsol-by-solute/iter-1-vs-ashgc/Solute-C1COCCO1-6.png
2025-10-02 15:17:34.962 | INFO     | __main__:main:225 - Plotting Solute: C=CC with 1 items
2025-10-02 15:17:35.031 | INFO     | __main__:main:241 - Saved plot to images/mnsol-by-solute/iter-1-vs-ashgc/Solute-C=CC-7.png
2025-10-02 15:17:35.031 | INFO     | __main__:main:225 - Plotting Solute: C=CCC with 1 items
2025-10-02 15:17:35.103 | INFO     | __main__:main:241 - Saved plot to images/mnsol-by-solute/iter-1-vs-ashgc/Solute-C=CCC-8.png
2025-10-02 15:17:35.104 | INFO     | __main__:main:225 - Plotting Solute: C=CCO with 1 items
2025-10-02 15:17:35.171 | INFO     | __main__:main:241 - Saved plot to images/mnsol-by-solute/iter-1-vs-ashgc/Solute-C=CCO-9.png
2025-10-02 15:17:35.171 | INFO     | __main__:main:225 - Plotting Solute: C=O with 4 items
2025-10-02 15:17:35.256 | INFO     | __main__:main:241 - Saved plot to images/mnsol-by-solute/iter-1-vs-ashgc/Solute-C=O-10.png
2025-10-02 15:17:35.256 | INFO     | __main__:main:225 - Plotting Solute: CC(=O)C(C)(C)C with 12 items
2025-10-02 15:17:35.420 | INFO     | __main__:main:241 - Saved plot to images/mnsol-by-solute/iter-1-vs-ashgc/Solute-CC(=O)C(C)(C)C-11.png
2025-10-02 15:17:35.420 | INFO     | __main__:main:225 - Plotting Solute: CC(=O)N(C)C with 1 items
2025-10-02 15:17:35.517 | INFO     | __main__:main:241 - Saved plot to images/mnsol-by-solute/iter-1-vs-ashgc/Solute-CC(=O)N(C)C-12.png
2025-10-02 15:17:35.518 | INFO     | __main__:main:225 - Plotting Solute: CC(=O)c1ccccc1 with 3 items
2025-10-02 15:17:35.597 | INFO     | __main__:main:241 - Saved plot to images/mnsol-by-solute/iter-1-vs-ashgc/Solute-CC(=O)c1ccccc1-13.png
2025-10-02 15:17:35.597 | INFO     | __main__:main:225 - Plotting Solute: CC(C)(C)O with 3 items
2025-10-02 15:17:35.674 | INFO     | __main__:main:241 - Saved plot to images/mnsol-by-solute/iter-1-vs-ashgc/Solute-CC(C)(C)O-14.png
2025-10-02 15:17:35.675 | INFO     | __main__:main:225 - Plotting Solute: CC(C)=O with 6 items
2025-10-02 15:17:35.772 | INFO     | __main__:main:241 - Saved plot to images/mnsol-by-solute/iter-1-vs-ashgc/Solute-CC(C)=O-15.png
2025-10-02 15:17:35.772 | INFO     | __main__:main:225 - Plotting Solute: CC(C)O with 3 items
2025-10-02 15:17:35.850 | INFO     | __main__:main:241 - Saved plot to images/mnsol-by-solute/iter-1-vs-ashgc/Solute-CC(C)O-16.png
2025-10-02 15:17:35.850 | INFO     | __main__:main:225 - Plotting Solute: CC(N)=O with 1 items
2025-10-02 15:17:35.919 | INFO     | __main__:main:241 - Saved plot to images/mnsol-by-solute/iter-1-vs-ashgc/Solute-CC(N)=O-17.png
2025-10-02 15:17:35.919 | INFO     | __main__:main:225 - Plotting Solute: CC=O with 1 items
2025-10-02 15:17:35.987 | INFO     | __main__:main:241 - Saved plot to images/mnsol-by-solute/iter-1-vs-ashgc/Solute-CC=O-18.png
2025-10-02 15:17:35.987 | INFO     | __main__:main:225 - Plotting Solute: CCC with 1 items
2025-10-02 15:17:36.054 | INFO     | __main__:main:241 - Saved plot to images/mnsol-by-solute/iter-1-vs-ashgc/Solute-CCC-19.png
2025-10-02 15:17:36.054 | INFO     | __main__:main:225 - Plotting Solute: CCC(=O)CC with 1 items
2025-10-02 15:17:36.122 | INFO     | __main__:main:241 - Saved plot to images/mnsol-by-solute/iter-1-vs-ashgc/Solute-CCC(=O)CC-20.png
2025-10-02 15:17:36.123 | INFO     | __main__:main:225 - Plotting Solute: CCC(=O)OC with 2 items
2025-10-02 15:17:36.197 | INFO     | __main__:main:241 - Saved plot to images/mnsol-by-solute/iter-1-vs-ashgc/Solute-CCC(=O)OC-21.png
2025-10-02 15:17:36.198 | INFO     | __main__:main:225 - Plotting Solute: CCC(C)=O with 24 items
2025-10-02 15:17:36.475 | INFO     | __main__:main:241 - Saved plot to images/mnsol-by-solute/iter-1-vs-ashgc/Solute-CCC(C)=O-22.png
2025-10-02 15:17:36.475 | INFO     | __main__:main:225 - Plotting Solute: CCCC with 1 items
2025-10-02 15:17:36.542 | INFO     | __main__:main:241 - Saved plot to images/mnsol-by-solute/iter-1-vs-ashgc/Solute-CCCC-23.png
2025-10-02 15:17:36.542 | INFO     | __main__:main:225 - Plotting Solute: CCCC(C)=O with 2 items
2025-10-02 15:17:36.618 | INFO     | __main__:main:241 - Saved plot to images/mnsol-by-solute/iter-1-vs-ashgc/Solute-CCCC(C)=O-24.png
2025-10-02 15:17:36.618 | INFO     | __main__:main:225 - Plotting Solute: CCCC=O with 2 items
2025-10-02 15:17:36.693 | INFO     | __main__:main:241 - Saved plot to images/mnsol-by-solute/iter-1-vs-ashgc/Solute-CCCC=O-25.png
2025-10-02 15:17:36.694 | INFO     | __main__:main:225 - Plotting Solute: CCCCC with 2 items
2025-10-02 15:17:36.768 | INFO     | __main__:main:241 - Saved plot to images/mnsol-by-solute/iter-1-vs-ashgc/Solute-CCCCC-26.png
2025-10-02 15:17:36.768 | INFO     | __main__:main:225 - Plotting Solute: CCCCC(=O)OC with 7 items
2025-10-02 15:17:36.882 | INFO     | __main__:main:241 - Saved plot to images/mnsol-by-solute/iter-1-vs-ashgc/Solute-CCCCC(=O)OC-27.png
2025-10-02 15:17:36.882 | INFO     | __main__:main:225 - Plotting Solute: CCCCC=O with 1 items
2025-10-02 15:17:36.949 | INFO     | __main__:main:241 - Saved plot to images/mnsol-by-solute/iter-1-vs-ashgc/Solute-CCCCC=O-28.png
2025-10-02 15:17:36.950 | INFO     | __main__:main:225 - Plotting Solute: CCCCCC(=O)OC with 2 items
2025-10-02 15:17:37.061 | INFO     | __main__:main:241 - Saved plot to images/mnsol-by-solute/iter-1-vs-ashgc/Solute-CCCCCC(=O)OC-29.png
2025-10-02 15:17:37.061 | INFO     | __main__:main:225 - Plotting Solute: CCCCCC(C)=O with 1 items
2025-10-02 15:17:37.130 | INFO     | __main__:main:241 - Saved plot to images/mnsol-by-solute/iter-1-vs-ashgc/Solute-CCCCCC(C)=O-30.png
2025-10-02 15:17:37.130 | INFO     | __main__:main:225 - Plotting Solute: CCCCCCCC with 23 items
2025-10-02 15:17:37.398 | INFO     | __main__:main:241 - Saved plot to images/mnsol-by-solute/iter-1-vs-ashgc/Solute-CCCCCCCC-31.png
2025-10-02 15:17:37.398 | INFO     | __main__:main:225 - Plotting Solute: CCCCCCCO with 1 items
2025-10-02 15:17:37.467 | INFO     | __main__:main:241 - Saved plot to images/mnsol-by-solute/iter-1-vs-ashgc/Solute-CCCCCCCO-32.png
2025-10-02 15:17:37.467 | INFO     | __main__:main:225 - Plotting Solute: CCCCCCO with 1 items
2025-10-02 15:17:37.537 | INFO     | __main__:main:241 - Saved plot to images/mnsol-by-solute/iter-1-vs-ashgc/Solute-CCCCCCO-33.png
2025-10-02 15:17:37.537 | INFO     | __main__:main:225 - Plotting Solute: CCCCCO with 4 items
2025-10-02 15:17:37.624 | INFO     | __main__:main:241 - Saved plot to images/mnsol-by-solute/iter-1-vs-ashgc/Solute-CCCCCO-34.png
2025-10-02 15:17:37.624 | INFO     | __main__:main:225 - Plotting Solute: CCCCCOC(C)=O with 2 items
2025-10-02 15:17:37.699 | INFO     | __main__:main:241 - Saved plot to images/mnsol-by-solute/iter-1-vs-ashgc/Solute-CCCCCOC(C)=O-35.png
2025-10-02 15:17:37.699 | INFO     | __main__:main:225 - Plotting Solute: CCCCN with 6 items
2025-10-02 15:17:37.801 | INFO     | __main__:main:241 - Saved plot to images/mnsol-by-solute/iter-1-vs-ashgc/Solute-CCCCN-36.png
2025-10-02 15:17:37.802 | INFO     | __main__:main:225 - Plotting Solute: CCCCO with 1 items
2025-10-02 15:17:37.869 | INFO     | __main__:main:241 - Saved plot to images/mnsol-by-solute/iter-1-vs-ashgc/Solute-CCCCO-37.png
2025-10-02 15:17:37.869 | INFO     | __main__:main:225 - Plotting Solute: CCCCOC(C)=O with 2 items
2025-10-02 15:17:37.958 | INFO     | __main__:main:241 - Saved plot to images/mnsol-by-solute/iter-1-vs-ashgc/Solute-CCCCOC(C)=O-38.png
2025-10-02 15:17:37.958 | INFO     | __main__:main:225 - Plotting Solute: CCCN with 5 items
2025-10-02 15:17:38.048 | INFO     | __main__:main:241 - Saved plot to images/mnsol-by-solute/iter-1-vs-ashgc/Solute-CCCN-39.png
2025-10-02 15:17:38.049 | INFO     | __main__:main:225 - Plotting Solute: CCCNCCC with 1 items
2025-10-02 15:17:38.119 | INFO     | __main__:main:241 - Saved plot to images/mnsol-by-solute/iter-1-vs-ashgc/Solute-CCCNCCC-40.png
2025-10-02 15:17:38.120 | INFO     | __main__:main:225 - Plotting Solute: CCCO with 1 items
2025-10-02 15:17:38.190 | INFO     | __main__:main:241 - Saved plot to images/mnsol-by-solute/iter-1-vs-ashgc/Solute-CCCO-41.png
2025-10-02 15:17:38.190 | INFO     | __main__:main:225 - Plotting Solute: CCCS with 2 items
2025-10-02 15:17:38.266 | INFO     | __main__:main:241 - Saved plot to images/mnsol-by-solute/iter-1-vs-ashgc/Solute-CCCS-42.png
2025-10-02 15:17:38.267 | INFO     | __main__:main:225 - Plotting Solute: CCN with 10 items
2025-10-02 15:17:38.408 | INFO     | __main__:main:241 - Saved plot to images/mnsol-by-solute/iter-1-vs-ashgc/Solute-CCN-43.png
2025-10-02 15:17:38.409 | INFO     | __main__:main:225 - Plotting Solute: CCNCC with 7 items
2025-10-02 15:17:38.555 | INFO     | __main__:main:241 - Saved plot to images/mnsol-by-solute/iter-1-vs-ashgc/Solute-CCNCC-44.png
2025-10-02 15:17:38.555 | INFO     | __main__:main:225 - Plotting Solute: CCO with 21 items
2025-10-02 15:17:38.811 | INFO     | __main__:main:241 - Saved plot to images/mnsol-by-solute/iter-1-vs-ashgc/Solute-CCO-45.png
2025-10-02 15:17:38.811 | INFO     | __main__:main:225 - Plotting Solute: CCOC(C)=O with 2 items
2025-10-02 15:17:38.894 | INFO     | __main__:main:241 - Saved plot to images/mnsol-by-solute/iter-1-vs-ashgc/Solute-CCOC(C)=O-46.png
2025-10-02 15:17:38.894 | INFO     | __main__:main:225 - Plotting Solute: CCOP(=O)(OCC)OCC with 5 items
2025-10-02 15:17:39.023 | INFO     | __main__:main:241 - Saved plot to images/mnsol-by-solute/iter-1-vs-ashgc/Solute-CCOP(=O)(OCC)OCC-47.png
2025-10-02 15:17:39.023 | INFO     | __main__:main:225 - Plotting Solute: CCS with 1 items
2025-10-02 15:17:39.094 | INFO     | __main__:main:241 - Saved plot to images/mnsol-by-solute/iter-1-vs-ashgc/Solute-CCS-48.png
2025-10-02 15:17:39.094 | INFO     | __main__:main:225 - Plotting Solute: CCc1cnccn1 with 2 items
2025-10-02 15:17:39.169 | INFO     | __main__:main:241 - Saved plot to images/mnsol-by-solute/iter-1-vs-ashgc/Solute-CCc1cnccn1-49.png
2025-10-02 15:17:39.170 | INFO     | __main__:main:225 - Plotting Solute: CN with 6 items
2025-10-02 15:17:39.274 | INFO     | __main__:main:241 - Saved plot to images/mnsol-by-solute/iter-1-vs-ashgc/Solute-CN-50.png
2025-10-02 15:17:39.274 | INFO     | __main__:main:225 - Plotting Solute: CN(C)C with 8 items
2025-10-02 15:17:39.396 | INFO     | __main__:main:241 - Saved plot to images/mnsol-by-solute/iter-1-vs-ashgc/Solute-CN(C)C-51.png
2025-10-02 15:17:39.397 | INFO     | __main__:main:225 - Plotting Solute: CN(C)C=O with 2 items
2025-10-02 15:17:39.470 | INFO     | __main__:main:241 - Saved plot to images/mnsol-by-solute/iter-1-vs-ashgc/Solute-CN(C)C=O-52.png
2025-10-02 15:17:39.471 | INFO     | __main__:main:225 - Plotting Solute: CN1CCCC1=O with 1 items
2025-10-02 15:17:39.538 | INFO     | __main__:main:241 - Saved plot to images/mnsol-by-solute/iter-1-vs-ashgc/Solute-CN1CCCC1=O-53.png
2025-10-02 15:17:39.538 | INFO     | __main__:main:225 - Plotting Solute: CNC with 5 items
2025-10-02 15:17:39.631 | INFO     | __main__:main:241 - Saved plot to images/mnsol-by-solute/iter-1-vs-ashgc/Solute-CNC-54.png
2025-10-02 15:17:39.631 | INFO     | __main__:main:225 - Plotting Solute: CNc1ccccc1 with 1 items
2025-10-02 15:17:39.701 | INFO     | __main__:main:241 - Saved plot to images/mnsol-by-solute/iter-1-vs-ashgc/Solute-CNc1ccccc1-55.png
2025-10-02 15:17:39.701 | INFO     | __main__:main:225 - Plotting Solute: CO with 11 items
2025-10-02 15:17:39.856 | INFO     | __main__:main:241 - Saved plot to images/mnsol-by-solute/iter-1-vs-ashgc/Solute-CO-56.png
2025-10-02 15:17:39.856 | INFO     | __main__:main:225 - Plotting Solute: COC(=O)c1ccccc1 with 3 items
2025-10-02 15:17:39.936 | INFO     | __main__:main:241 - Saved plot to images/mnsol-by-solute/iter-1-vs-ashgc/Solute-COC(=O)c1ccccc1-57.png
2025-10-02 15:17:39.936 | INFO     | __main__:main:225 - Plotting Solute: COC(C)=O with 11 items
2025-10-02 15:17:40.126 | INFO     | __main__:main:241 - Saved plot to images/mnsol-by-solute/iter-1-vs-ashgc/Solute-COC(C)=O-58.png
2025-10-02 15:17:40.127 | INFO     | __main__:main:225 - Plotting Solute: COCCO with 1 items
2025-10-02 15:17:40.197 | INFO     | __main__:main:241 - Saved plot to images/mnsol-by-solute/iter-1-vs-ashgc/Solute-COCCO-59.png
2025-10-02 15:17:40.197 | INFO     | __main__:main:225 - Plotting Solute: COP(=O)(OC)OC with 4 items
2025-10-02 15:17:40.280 | INFO     | __main__:main:241 - Saved plot to images/mnsol-by-solute/iter-1-vs-ashgc/Solute-COP(=O)(OC)OC-60.png
2025-10-02 15:17:40.280 | INFO     | __main__:main:225 - Plotting Solute: COP(=O)(OC)OC=C(Cl)Cl with 1 items
2025-10-02 15:17:40.348 | INFO     | __main__:main:241 - Saved plot to images/mnsol-by-solute/iter-1-vs-ashgc/Solute-COP(=O)(OC)OC=C(Cl)Cl-61.png
2025-10-02 15:17:40.348 | INFO     | __main__:main:225 - Plotting Solute: COc1ccccc1 with 3 items
2025-10-02 15:17:40.427 | INFO     | __main__:main:241 - Saved plot to images/mnsol-by-solute/iter-1-vs-ashgc/Solute-COc1ccccc1-62.png
2025-10-02 15:17:40.427 | INFO     | __main__:main:225 - Plotting Solute: CSc1ccccc1 with 1 items
2025-10-02 15:17:40.496 | INFO     | __main__:main:241 - Saved plot to images/mnsol-by-solute/iter-1-vs-ashgc/Solute-CSc1ccccc1-63.png
2025-10-02 15:17:40.497 | INFO     | __main__:main:225 - Plotting Solute: Cc1ccc(N)cc1 with 2 items
2025-10-02 15:17:40.571 | INFO     | __main__:main:241 - Saved plot to images/mnsol-by-solute/iter-1-vs-ashgc/Solute-Cc1ccc(N)cc1-64.png
2025-10-02 15:17:40.571 | INFO     | __main__:main:225 - Plotting Solute: Cc1ccc(O)cc1 with 1 items
2025-10-02 15:17:40.640 | INFO     | __main__:main:241 - Saved plot to images/mnsol-by-solute/iter-1-vs-ashgc/Solute-Cc1ccc(O)cc1-65.png
2025-10-02 15:17:40.640 | INFO     | __main__:main:225 - Plotting Solute: Cc1cccc(C)n1 with 2 items
2025-10-02 15:17:40.715 | INFO     | __main__:main:241 - Saved plot to images/mnsol-by-solute/iter-1-vs-ashgc/Solute-Cc1cccc(C)n1-66.png
2025-10-02 15:17:40.715 | INFO     | __main__:main:225 - Plotting Solute: Cc1ccccc1 with 16 items
2025-10-02 15:17:40.915 | INFO     | __main__:main:241 - Saved plot to images/mnsol-by-solute/iter-1-vs-ashgc/Solute-Cc1ccccc1-67.png
2025-10-02 15:17:40.916 | INFO     | __main__:main:225 - Plotting Solute: Cc1ccccc1N with 4 items
2025-10-02 15:17:41.000 | INFO     | __main__:main:241 - Saved plot to images/mnsol-by-solute/iter-1-vs-ashgc/Solute-Cc1ccccc1N-68.png
2025-10-02 15:17:41.000 | INFO     | __main__:main:225 - Plotting Solute: Cc1ccccc1O with 4 items
2025-10-02 15:17:41.082 | INFO     | __main__:main:241 - Saved plot to images/mnsol-by-solute/iter-1-vs-ashgc/Solute-Cc1ccccc1O-69.png
2025-10-02 15:17:41.083 | INFO     | __main__:main:225 - Plotting Solute: Cc1ccccn1 with 1 items
2025-10-02 15:17:41.150 | INFO     | __main__:main:241 - Saved plot to images/mnsol-by-solute/iter-1-vs-ashgc/Solute-Cc1ccccn1-70.png
2025-10-02 15:17:41.150 | INFO     | __main__:main:225 - Plotting Solute: Cc1cncc(C)c1 with 1 items
2025-10-02 15:17:41.218 | INFO     | __main__:main:241 - Saved plot to images/mnsol-by-solute/iter-1-vs-ashgc/Solute-Cc1cncc(C)c1-71.png
2025-10-02 15:17:41.218 | INFO     | __main__:main:225 - Plotting Solute: Cc1cnccn1 with 2 items
2025-10-02 15:17:41.291 | INFO     | __main__:main:241 - Saved plot to images/mnsol-by-solute/iter-1-vs-ashgc/Solute-Cc1cnccn1-72.png
2025-10-02 15:17:41.291 | INFO     | __main__:main:225 - Plotting Solute: Clc1ccc(Cl)cc1 with 4 items
2025-10-02 15:17:41.376 | INFO     | __main__:main:241 - Saved plot to images/mnsol-by-solute/iter-1-vs-ashgc/Solute-Clc1ccc(Cl)cc1-73.png
2025-10-02 15:17:41.376 | INFO     | __main__:main:225 - Plotting Solute: Clc1ccccc1 with 4 items
2025-10-02 15:17:41.458 | INFO     | __main__:main:241 - Saved plot to images/mnsol-by-solute/iter-1-vs-ashgc/Solute-Clc1ccccc1-74.png
2025-10-02 15:17:41.458 | INFO     | __main__:main:225 - Plotting Solute: Clc1ccccc1-c1ccccc1Cl with 1 items
2025-10-02 15:17:41.526 | INFO     | __main__:main:241 - Saved plot to images/mnsol-by-solute/iter-1-vs-ashgc/Solute-Clc1ccccc1-c1ccccc1Cl-75.png
2025-10-02 15:17:41.527 | INFO     | __main__:main:225 - Plotting Solute: N#Cc1cc(Br)c(O)c(Br)c1 with 2 items
2025-10-02 15:17:41.639 | INFO     | __main__:main:241 - Saved plot to images/mnsol-by-solute/iter-1-vs-ashgc/Solute-N#Cc1cc(Br)c(O)c(Br)c1-76.png
2025-10-02 15:17:41.639 | INFO     | __main__:main:225 - Plotting Solute: NC(=O)c1ccccc1 with 5 items
2025-10-02 15:17:41.732 | INFO     | __main__:main:241 - Saved plot to images/mnsol-by-solute/iter-1-vs-ashgc/Solute-NC(=O)c1ccccc1-77.png
2025-10-02 15:17:41.732 | INFO     | __main__:main:225 - Plotting Solute: NC=O with 1 items
2025-10-02 15:17:41.801 | INFO     | __main__:main:241 - Saved plot to images/mnsol-by-solute/iter-1-vs-ashgc/Solute-NC=O-78.png
2025-10-02 15:17:41.802 | INFO     | __main__:main:225 - Plotting Solute: Nc1ccccc1 with 7 items
2025-10-02 15:17:41.913 | INFO     | __main__:main:241 - Saved plot to images/mnsol-by-solute/iter-1-vs-ashgc/Solute-Nc1ccccc1-79.png
2025-10-02 15:17:41.913 | INFO     | __main__:main:225 - Plotting Solute: O=C1CCCO1 with 2 items
2025-10-02 15:17:41.989 | INFO     | __main__:main:241 - Saved plot to images/mnsol-by-solute/iter-1-vs-ashgc/Solute-O=C1CCCO1-80.png
2025-10-02 15:17:41.989 | INFO     | __main__:main:225 - Plotting Solute: O=Cc1ccc(O)cc1 with 4 items
2025-10-02 15:17:42.071 | INFO     | __main__:main:241 - Saved plot to images/mnsol-by-solute/iter-1-vs-ashgc/Solute-O=Cc1ccc(O)cc1-81.png
2025-10-02 15:17:42.072 | INFO     | __main__:main:225 - Plotting Solute: O=Cc1cccc(O)c1 with 4 items
2025-10-02 15:17:42.156 | INFO     | __main__:main:241 - Saved plot to images/mnsol-by-solute/iter-1-vs-ashgc/Solute-O=Cc1cccc(O)c1-82.png
2025-10-02 15:17:42.157 | INFO     | __main__:main:225 - Plotting Solute: O=Cc1ccccc1 with 3 items
2025-10-02 15:17:42.236 | INFO     | __main__:main:241 - Saved plot to images/mnsol-by-solute/iter-1-vs-ashgc/Solute-O=Cc1ccccc1-83.png
2025-10-02 15:17:42.236 | INFO     | __main__:main:225 - Plotting Solute: O=[N+]([O-])c1ccccc1 with 1 items
2025-10-02 15:17:42.305 | INFO     | __main__:main:241 - Saved plot to images/mnsol-by-solute/iter-1-vs-ashgc/Solute-O=[N+]([O-])c1ccccc1-84.png
2025-10-02 15:17:42.306 | INFO     | __main__:main:225 - Plotting Solute: O=c1[nH]cc(Br)c(=O)[nH]1 with 2 items
2025-10-02 15:17:42.383 | INFO     | __main__:main:241 - Saved plot to images/mnsol-by-solute/iter-1-vs-ashgc/Solute-O=c1[nH]cc(Br)c(=O)[nH]1-85.png
2025-10-02 15:17:42.383 | INFO     | __main__:main:225 - Plotting Solute: O=c1cc[nH]c(=O)[nH]1 with 2 items
2025-10-02 15:17:42.458 | INFO     | __main__:main:241 - Saved plot to images/mnsol-by-solute/iter-1-vs-ashgc/Solute-O=c1cc[nH]c(=O)[nH]1-86.png
2025-10-02 15:17:42.458 | INFO     | __main__:main:225 - Plotting Solute: OCCO with 1 items
2025-10-02 15:17:42.527 | INFO     | __main__:main:241 - Saved plot to images/mnsol-by-solute/iter-1-vs-ashgc/Solute-OCCO-87.png
2025-10-02 15:17:42.527 | INFO     | __main__:main:225 - Plotting Solute: Oc1ccc(Br)cc1 with 10 items
2025-10-02 15:17:42.678 | INFO     | __main__:main:241 - Saved plot to images/mnsol-by-solute/iter-1-vs-ashgc/Solute-Oc1ccc(Br)cc1-88.png
2025-10-02 15:17:42.678 | INFO     | __main__:main:225 - Plotting Solute: Oc1ccccc1 with 4 items
2025-10-02 15:17:42.766 | INFO     | __main__:main:241 - Saved plot to images/mnsol-by-solute/iter-1-vs-ashgc/Solute-Oc1ccccc1-89.png
2025-10-02 15:17:42.766 | INFO     | __main__:main:225 - Plotting Solute: S with 1 items
2025-10-02 15:17:42.834 | INFO     | __main__:main:241 - Saved plot to images/mnsol-by-solute/iter-1-vs-ashgc/Solute-S-90.png
2025-10-02 15:17:42.834 | INFO     | __main__:main:225 - Plotting Solute: c1cc[nH]c1 with 1 items
2025-10-02 15:17:42.905 | INFO     | __main__:main:241 - Saved plot to images/mnsol-by-solute/iter-1-vs-ashgc/Solute-c1cc[nH]c1-91.png
2025-10-02 15:17:42.905 | INFO     | __main__:main:225 - Plotting Solute: c1ccc2ccccc2c1 with 1 items
2025-10-02 15:17:42.978 | INFO     | __main__:main:241 - Saved plot to images/mnsol-by-solute/iter-1-vs-ashgc/Solute-c1ccc2ccccc2c1-92.png
2025-10-02 15:17:42.978 | INFO     | __main__:main:225 - Plotting Solute: c1ccccc1 with 3 items
2025-10-02 15:17:43.092 | INFO     | __main__:main:241 - Saved plot to images/mnsol-by-solute/iter-1-vs-ashgc/Solute-c1ccccc1-93.png
2025-10-02 15:17:43.092 | INFO     | __main__:main:225 - Plotting Solute: c1ccncc1 with 11 items
2025-10-02 15:17:43.248 | INFO     | __main__:main:241 - Saved plot to images/mnsol-by-solute/iter-1-vs-ashgc/Solute-c1ccncc1-94.png
2025-10-02 15:17:43.248 | INFO     | __main__:main:225 - Plotting Solute: c1ccsc1 with 1 items
2025-10-02 15:17:43.316 | INFO     | __main__:main:241 - Saved plot to images/mnsol-by-solute/iter-1-vs-ashgc/Solute-c1ccsc1-95.png
