2025-09-16 10:20:06.275 | INFO     | __main__:main:222 - Saving plots to images/mnsol-by-solute/221+ashgc-vs-221+elf10
2025-09-16 10:20:06.285 | INFO     | __main__:main:225 - Plotting Solute: Brc1ccc(Br)cc1 with 1 items
2025-09-16 10:20:06.449 | INFO     | __main__:main:241 - Saved plot to images/mnsol-by-solute/221+ashgc-vs-221+elf10/Solute-Brc1ccc(Br)cc1-0.png
2025-09-16 10:20:06.449 | INFO     | __main__:main:225 - Plotting Solute: Brc1ccccc1 with 4 items
2025-09-16 10:20:06.535 | INFO     | __main__:main:241 - Saved plot to images/mnsol-by-solute/221+ashgc-vs-221+elf10/Solute-Brc1ccccc1-1.png
2025-09-16 10:20:06.535 | INFO     | __main__:main:225 - Plotting Solute: C1CCCCC1 with 1 items
2025-09-16 10:20:06.606 | INFO     | __main__:main:241 - Saved plot to images/mnsol-by-solute/221+ashgc-vs-221+elf10/Solute-C1CCCCC1-2.png
2025-09-16 10:20:06.606 | INFO     | __main__:main:225 - Plotting Solute: C1CCNCC1 with 4 items
2025-09-16 10:20:06.692 | INFO     | __main__:main:241 - Saved plot to images/mnsol-by-solute/221+ashgc-vs-221+elf10/Solute-C1CCNCC1-3.png
2025-09-16 10:20:06.692 | INFO     | __main__:main:225 - Plotting Solute: C1CCOCC1 with 1 items
2025-09-16 10:20:06.761 | INFO     | __main__:main:241 - Saved plot to images/mnsol-by-solute/221+ashgc-vs-221+elf10/Solute-C1CCOCC1-4.png
2025-09-16 10:20:06.761 | INFO     | __main__:main:225 - Plotting Solute: C1CNCCN1 with 1 items
2025-09-16 10:20:06.828 | INFO     | __main__:main:241 - Saved plot to images/mnsol-by-solute/221+ashgc-vs-221+elf10/Solute-C1CNCCN1-5.png
2025-09-16 10:20:06.828 | INFO     | __main__:main:225 - Plotting Solute: C1COCCO1 with 24 items
2025-09-16 10:20:07.106 | INFO     | __main__:main:241 - Saved plot to images/mnsol-by-solute/221+ashgc-vs-221+elf10/Solute-C1COCCO1-6.png
2025-09-16 10:20:07.106 | INFO     | __main__:main:225 - Plotting Solute: C=CC with 1 items
2025-09-16 10:20:07.175 | INFO     | __main__:main:241 - Saved plot to images/mnsol-by-solute/221+ashgc-vs-221+elf10/Solute-C=CC-7.png
2025-09-16 10:20:07.176 | INFO     | __main__:main:225 - Plotting Solute: C=CCC with 1 items
2025-09-16 10:20:07.243 | INFO     | __main__:main:241 - Saved plot to images/mnsol-by-solute/221+ashgc-vs-221+elf10/Solute-C=CCC-8.png
2025-09-16 10:20:07.243 | INFO     | __main__:main:225 - Plotting Solute: C=CCO with 1 items
2025-09-16 10:20:07.312 | INFO     | __main__:main:241 - Saved plot to images/mnsol-by-solute/221+ashgc-vs-221+elf10/Solute-C=CCO-9.png
2025-09-16 10:20:07.312 | INFO     | __main__:main:225 - Plotting Solute: C=O with 4 items
2025-09-16 10:20:07.396 | INFO     | __main__:main:241 - Saved plot to images/mnsol-by-solute/221+ashgc-vs-221+elf10/Solute-C=O-10.png
2025-09-16 10:20:07.396 | INFO     | __main__:main:225 - Plotting Solute: CC(=O)C(C)(C)C with 12 items
2025-09-16 10:20:07.557 | INFO     | __main__:main:241 - Saved plot to images/mnsol-by-solute/221+ashgc-vs-221+elf10/Solute-CC(=O)C(C)(C)C-11.png
2025-09-16 10:20:07.557 | INFO     | __main__:main:225 - Plotting Solute: CC(=O)N(C)C with 1 items
2025-09-16 10:20:07.650 | INFO     | __main__:main:241 - Saved plot to images/mnsol-by-solute/221+ashgc-vs-221+elf10/Solute-CC(=O)N(C)C-12.png
2025-09-16 10:20:07.650 | INFO     | __main__:main:225 - Plotting Solute: CC(=O)c1ccccc1 with 3 items
2025-09-16 10:20:07.730 | INFO     | __main__:main:241 - Saved plot to images/mnsol-by-solute/221+ashgc-vs-221+elf10/Solute-CC(=O)c1ccccc1-13.png
2025-09-16 10:20:07.730 | INFO     | __main__:main:225 - Plotting Solute: CC(C)(C)O with 3 items
2025-09-16 10:20:07.809 | INFO     | __main__:main:241 - Saved plot to images/mnsol-by-solute/221+ashgc-vs-221+elf10/Solute-CC(C)(C)O-14.png
2025-09-16 10:20:07.809 | INFO     | __main__:main:225 - Plotting Solute: CC(C)=O with 6 items
2025-09-16 10:20:07.910 | INFO     | __main__:main:241 - Saved plot to images/mnsol-by-solute/221+ashgc-vs-221+elf10/Solute-CC(C)=O-15.png
2025-09-16 10:20:07.910 | INFO     | __main__:main:225 - Plotting Solute: CC(C)O with 3 items
2025-09-16 10:20:07.988 | INFO     | __main__:main:241 - Saved plot to images/mnsol-by-solute/221+ashgc-vs-221+elf10/Solute-CC(C)O-16.png
2025-09-16 10:20:07.988 | INFO     | __main__:main:225 - Plotting Solute: CC(N)=O with 1 items
2025-09-16 10:20:08.057 | INFO     | __main__:main:241 - Saved plot to images/mnsol-by-solute/221+ashgc-vs-221+elf10/Solute-CC(N)=O-17.png
2025-09-16 10:20:08.057 | INFO     | __main__:main:225 - Plotting Solute: CC=O with 1 items
2025-09-16 10:20:08.123 | INFO     | __main__:main:241 - Saved plot to images/mnsol-by-solute/221+ashgc-vs-221+elf10/Solute-CC=O-18.png
2025-09-16 10:20:08.123 | INFO     | __main__:main:225 - Plotting Solute: CCC with 1 items
2025-09-16 10:20:08.190 | INFO     | __main__:main:241 - Saved plot to images/mnsol-by-solute/221+ashgc-vs-221+elf10/Solute-CCC-19.png
2025-09-16 10:20:08.191 | INFO     | __main__:main:225 - Plotting Solute: CCC(=O)CC with 1 items
2025-09-16 10:20:08.258 | INFO     | __main__:main:241 - Saved plot to images/mnsol-by-solute/221+ashgc-vs-221+elf10/Solute-CCC(=O)CC-20.png
2025-09-16 10:20:08.258 | INFO     | __main__:main:225 - Plotting Solute: CCC(=O)OC with 2 items
2025-09-16 10:20:08.339 | INFO     | __main__:main:241 - Saved plot to images/mnsol-by-solute/221+ashgc-vs-221+elf10/Solute-CCC(=O)OC-21.png
2025-09-16 10:20:08.339 | INFO     | __main__:main:225 - Plotting Solute: CCC(C)=O with 24 items
2025-09-16 10:20:08.633 | INFO     | __main__:main:241 - Saved plot to images/mnsol-by-solute/221+ashgc-vs-221+elf10/Solute-CCC(C)=O-22.png
2025-09-16 10:20:08.633 | INFO     | __main__:main:225 - Plotting Solute: CCCC with 1 items
2025-09-16 10:20:08.704 | INFO     | __main__:main:241 - Saved plot to images/mnsol-by-solute/221+ashgc-vs-221+elf10/Solute-CCCC-23.png
2025-09-16 10:20:08.704 | INFO     | __main__:main:225 - Plotting Solute: CCCC(C)=O with 2 items
2025-09-16 10:20:08.782 | INFO     | __main__:main:241 - Saved plot to images/mnsol-by-solute/221+ashgc-vs-221+elf10/Solute-CCCC(C)=O-24.png
2025-09-16 10:20:08.782 | INFO     | __main__:main:225 - Plotting Solute: CCCC=O with 2 items
2025-09-16 10:20:08.859 | INFO     | __main__:main:241 - Saved plot to images/mnsol-by-solute/221+ashgc-vs-221+elf10/Solute-CCCC=O-25.png
2025-09-16 10:20:08.859 | INFO     | __main__:main:225 - Plotting Solute: CCCCC with 2 items
2025-09-16 10:20:08.935 | INFO     | __main__:main:241 - Saved plot to images/mnsol-by-solute/221+ashgc-vs-221+elf10/Solute-CCCCC-26.png
2025-09-16 10:20:08.935 | INFO     | __main__:main:225 - Plotting Solute: CCCCC(=O)OC with 7 items
2025-09-16 10:20:09.047 | INFO     | __main__:main:241 - Saved plot to images/mnsol-by-solute/221+ashgc-vs-221+elf10/Solute-CCCCC(=O)OC-27.png
2025-09-16 10:20:09.047 | INFO     | __main__:main:225 - Plotting Solute: CCCCC=O with 1 items
2025-09-16 10:20:09.122 | INFO     | __main__:main:241 - Saved plot to images/mnsol-by-solute/221+ashgc-vs-221+elf10/Solute-CCCCC=O-28.png
2025-09-16 10:20:09.122 | INFO     | __main__:main:225 - Plotting Solute: CCCCCC(=O)OC with 2 items
2025-09-16 10:20:09.234 | INFO     | __main__:main:241 - Saved plot to images/mnsol-by-solute/221+ashgc-vs-221+elf10/Solute-CCCCCC(=O)OC-29.png
2025-09-16 10:20:09.234 | INFO     | __main__:main:225 - Plotting Solute: CCCCCC(C)=O with 1 items
2025-09-16 10:20:09.304 | INFO     | __main__:main:241 - Saved plot to images/mnsol-by-solute/221+ashgc-vs-221+elf10/Solute-CCCCCC(C)=O-30.png
2025-09-16 10:20:09.304 | INFO     | __main__:main:225 - Plotting Solute: CCCCCCCC with 23 items
2025-09-16 10:20:09.571 | INFO     | __main__:main:241 - Saved plot to images/mnsol-by-solute/221+ashgc-vs-221+elf10/Solute-CCCCCCCC-31.png
2025-09-16 10:20:09.571 | INFO     | __main__:main:225 - Plotting Solute: CCCCCCCO with 1 items
2025-09-16 10:20:09.641 | INFO     | __main__:main:241 - Saved plot to images/mnsol-by-solute/221+ashgc-vs-221+elf10/Solute-CCCCCCCO-32.png
2025-09-16 10:20:09.641 | INFO     | __main__:main:225 - Plotting Solute: CCCCCCO with 1 items
2025-09-16 10:20:09.707 | INFO     | __main__:main:241 - Saved plot to images/mnsol-by-solute/221+ashgc-vs-221+elf10/Solute-CCCCCCO-33.png
2025-09-16 10:20:09.708 | INFO     | __main__:main:225 - Plotting Solute: CCCCCO with 4 items
2025-09-16 10:20:09.790 | INFO     | __main__:main:241 - Saved plot to images/mnsol-by-solute/221+ashgc-vs-221+elf10/Solute-CCCCCO-34.png
2025-09-16 10:20:09.790 | INFO     | __main__:main:225 - Plotting Solute: CCCCCOC(C)=O with 2 items
2025-09-16 10:20:09.868 | INFO     | __main__:main:241 - Saved plot to images/mnsol-by-solute/221+ashgc-vs-221+elf10/Solute-CCCCCOC(C)=O-35.png
2025-09-16 10:20:09.868 | INFO     | __main__:main:225 - Plotting Solute: CCCCN with 6 items
2025-09-16 10:20:09.974 | INFO     | __main__:main:241 - Saved plot to images/mnsol-by-solute/221+ashgc-vs-221+elf10/Solute-CCCCN-36.png
2025-09-16 10:20:09.974 | INFO     | __main__:main:225 - Plotting Solute: CCCCO with 1 items
2025-09-16 10:20:10.049 | INFO     | __main__:main:241 - Saved plot to images/mnsol-by-solute/221+ashgc-vs-221+elf10/Solute-CCCCO-37.png
2025-09-16 10:20:10.050 | INFO     | __main__:main:225 - Plotting Solute: CCCCOC(C)=O with 2 items
2025-09-16 10:20:10.124 | INFO     | __main__:main:241 - Saved plot to images/mnsol-by-solute/221+ashgc-vs-221+elf10/Solute-CCCCOC(C)=O-38.png
2025-09-16 10:20:10.124 | INFO     | __main__:main:225 - Plotting Solute: CCCN with 5 items
2025-09-16 10:20:10.213 | INFO     | __main__:main:241 - Saved plot to images/mnsol-by-solute/221+ashgc-vs-221+elf10/Solute-CCCN-39.png
2025-09-16 10:20:10.214 | INFO     | __main__:main:225 - Plotting Solute: CCCNCCC with 1 items
2025-09-16 10:20:10.286 | INFO     | __main__:main:241 - Saved plot to images/mnsol-by-solute/221+ashgc-vs-221+elf10/Solute-CCCNCCC-40.png
2025-09-16 10:20:10.286 | INFO     | __main__:main:225 - Plotting Solute: CCCO with 1 items
2025-09-16 10:20:10.354 | INFO     | __main__:main:241 - Saved plot to images/mnsol-by-solute/221+ashgc-vs-221+elf10/Solute-CCCO-41.png
2025-09-16 10:20:10.354 | INFO     | __main__:main:225 - Plotting Solute: CCCS with 2 items
2025-09-16 10:20:10.429 | INFO     | __main__:main:241 - Saved plot to images/mnsol-by-solute/221+ashgc-vs-221+elf10/Solute-CCCS-42.png
2025-09-16 10:20:10.429 | INFO     | __main__:main:225 - Plotting Solute: CCN with 10 items
2025-09-16 10:20:10.571 | INFO     | __main__:main:241 - Saved plot to images/mnsol-by-solute/221+ashgc-vs-221+elf10/Solute-CCN-43.png
2025-09-16 10:20:10.571 | INFO     | __main__:main:225 - Plotting Solute: CCNCC with 7 items
2025-09-16 10:20:10.712 | INFO     | __main__:main:241 - Saved plot to images/mnsol-by-solute/221+ashgc-vs-221+elf10/Solute-CCNCC-44.png
2025-09-16 10:20:10.712 | INFO     | __main__:main:225 - Plotting Solute: CCO with 21 items
2025-09-16 10:20:10.969 | INFO     | __main__:main:241 - Saved plot to images/mnsol-by-solute/221+ashgc-vs-221+elf10/Solute-CCO-45.png
2025-09-16 10:20:10.969 | INFO     | __main__:main:225 - Plotting Solute: CCOC(C)=O with 2 items
2025-09-16 10:20:11.047 | INFO     | __main__:main:241 - Saved plot to images/mnsol-by-solute/221+ashgc-vs-221+elf10/Solute-CCOC(C)=O-46.png
2025-09-16 10:20:11.047 | INFO     | __main__:main:225 - Plotting Solute: CCOP(=O)(OCC)OCC with 5 items
2025-09-16 10:20:11.144 | INFO     | __main__:main:241 - Saved plot to images/mnsol-by-solute/221+ashgc-vs-221+elf10/Solute-CCOP(=O)(OCC)OCC-47.png
2025-09-16 10:20:11.144 | INFO     | __main__:main:225 - Plotting Solute: CCS with 1 items
2025-09-16 10:20:11.217 | INFO     | __main__:main:241 - Saved plot to images/mnsol-by-solute/221+ashgc-vs-221+elf10/Solute-CCS-48.png
2025-09-16 10:20:11.217 | INFO     | __main__:main:225 - Plotting Solute: CCc1cnccn1 with 2 items
2025-09-16 10:20:11.302 | INFO     | __main__:main:241 - Saved plot to images/mnsol-by-solute/221+ashgc-vs-221+elf10/Solute-CCc1cnccn1-49.png
2025-09-16 10:20:11.303 | INFO     | __main__:main:225 - Plotting Solute: CN with 6 items
2025-09-16 10:20:11.407 | INFO     | __main__:main:241 - Saved plot to images/mnsol-by-solute/221+ashgc-vs-221+elf10/Solute-CN-50.png
2025-09-16 10:20:11.408 | INFO     | __main__:main:225 - Plotting Solute: CN(C)C with 8 items
2025-09-16 10:20:11.533 | INFO     | __main__:main:241 - Saved plot to images/mnsol-by-solute/221+ashgc-vs-221+elf10/Solute-CN(C)C-51.png
2025-09-16 10:20:11.533 | INFO     | __main__:main:225 - Plotting Solute: CN(C)C=O with 2 items
2025-09-16 10:20:11.609 | INFO     | __main__:main:241 - Saved plot to images/mnsol-by-solute/221+ashgc-vs-221+elf10/Solute-CN(C)C=O-52.png
2025-09-16 10:20:11.609 | INFO     | __main__:main:225 - Plotting Solute: CN1CCCC1=O with 1 items
2025-09-16 10:20:11.687 | INFO     | __main__:main:241 - Saved plot to images/mnsol-by-solute/221+ashgc-vs-221+elf10/Solute-CN1CCCC1=O-53.png
2025-09-16 10:20:11.687 | INFO     | __main__:main:225 - Plotting Solute: CNC with 5 items
2025-09-16 10:20:11.779 | INFO     | __main__:main:241 - Saved plot to images/mnsol-by-solute/221+ashgc-vs-221+elf10/Solute-CNC-54.png
2025-09-16 10:20:11.779 | INFO     | __main__:main:225 - Plotting Solute: CNc1ccccc1 with 1 items
2025-09-16 10:20:11.849 | INFO     | __main__:main:241 - Saved plot to images/mnsol-by-solute/221+ashgc-vs-221+elf10/Solute-CNc1ccccc1-55.png
2025-09-16 10:20:11.849 | INFO     | __main__:main:225 - Plotting Solute: CO with 11 items
2025-09-16 10:20:11.998 | INFO     | __main__:main:241 - Saved plot to images/mnsol-by-solute/221+ashgc-vs-221+elf10/Solute-CO-56.png
2025-09-16 10:20:11.998 | INFO     | __main__:main:225 - Plotting Solute: COC(=O)c1ccccc1 with 3 items
2025-09-16 10:20:12.084 | INFO     | __main__:main:241 - Saved plot to images/mnsol-by-solute/221+ashgc-vs-221+elf10/Solute-COC(=O)c1ccccc1-57.png
2025-09-16 10:20:12.084 | INFO     | __main__:main:225 - Plotting Solute: COC(C)=O with 11 items
2025-09-16 10:20:12.265 | INFO     | __main__:main:241 - Saved plot to images/mnsol-by-solute/221+ashgc-vs-221+elf10/Solute-COC(C)=O-58.png
2025-09-16 10:20:12.265 | INFO     | __main__:main:225 - Plotting Solute: COCCO with 1 items
2025-09-16 10:20:12.333 | INFO     | __main__:main:241 - Saved plot to images/mnsol-by-solute/221+ashgc-vs-221+elf10/Solute-COCCO-59.png
2025-09-16 10:20:12.334 | INFO     | __main__:main:225 - Plotting Solute: COP(=O)(OC)OC with 4 items
2025-09-16 10:20:12.416 | INFO     | __main__:main:241 - Saved plot to images/mnsol-by-solute/221+ashgc-vs-221+elf10/Solute-COP(=O)(OC)OC-60.png
2025-09-16 10:20:12.417 | INFO     | __main__:main:225 - Plotting Solute: COP(=O)(OC)OC=C(Cl)Cl with 1 items
2025-09-16 10:20:12.485 | INFO     | __main__:main:241 - Saved plot to images/mnsol-by-solute/221+ashgc-vs-221+elf10/Solute-COP(=O)(OC)OC=C(Cl)Cl-61.png
2025-09-16 10:20:12.485 | INFO     | __main__:main:225 - Plotting Solute: COc1ccccc1 with 3 items
2025-09-16 10:20:12.562 | INFO     | __main__:main:241 - Saved plot to images/mnsol-by-solute/221+ashgc-vs-221+elf10/Solute-COc1ccccc1-62.png
2025-09-16 10:20:12.562 | INFO     | __main__:main:225 - Plotting Solute: CSc1ccccc1 with 1 items
2025-09-16 10:20:12.630 | INFO     | __main__:main:241 - Saved plot to images/mnsol-by-solute/221+ashgc-vs-221+elf10/Solute-CSc1ccccc1-63.png
2025-09-16 10:20:12.630 | INFO     | __main__:main:225 - Plotting Solute: Cc1ccc(N)cc1 with 2 items
2025-09-16 10:20:12.702 | INFO     | __main__:main:241 - Saved plot to images/mnsol-by-solute/221+ashgc-vs-221+elf10/Solute-Cc1ccc(N)cc1-64.png
2025-09-16 10:20:12.703 | INFO     | __main__:main:225 - Plotting Solute: Cc1ccc(O)cc1 with 1 items
2025-09-16 10:20:12.770 | INFO     | __main__:main:241 - Saved plot to images/mnsol-by-solute/221+ashgc-vs-221+elf10/Solute-Cc1ccc(O)cc1-65.png
2025-09-16 10:20:12.770 | INFO     | __main__:main:225 - Plotting Solute: Cc1cccc(C)n1 with 2 items
2025-09-16 10:20:12.843 | INFO     | __main__:main:241 - Saved plot to images/mnsol-by-solute/221+ashgc-vs-221+elf10/Solute-Cc1cccc(C)n1-66.png
2025-09-16 10:20:12.843 | INFO     | __main__:main:225 - Plotting Solute: Cc1ccccc1 with 16 items
2025-09-16 10:20:13.042 | INFO     | __main__:main:241 - Saved plot to images/mnsol-by-solute/221+ashgc-vs-221+elf10/Solute-Cc1ccccc1-67.png
2025-09-16 10:20:13.042 | INFO     | __main__:main:225 - Plotting Solute: Cc1ccccc1N with 4 items
2025-09-16 10:20:13.125 | INFO     | __main__:main:241 - Saved plot to images/mnsol-by-solute/221+ashgc-vs-221+elf10/Solute-Cc1ccccc1N-68.png
2025-09-16 10:20:13.125 | INFO     | __main__:main:225 - Plotting Solute: Cc1ccccc1O with 4 items
2025-09-16 10:20:13.209 | INFO     | __main__:main:241 - Saved plot to images/mnsol-by-solute/221+ashgc-vs-221+elf10/Solute-Cc1ccccc1O-69.png
2025-09-16 10:20:13.210 | INFO     | __main__:main:225 - Plotting Solute: Cc1ccccn1 with 1 items
2025-09-16 10:20:13.277 | INFO     | __main__:main:241 - Saved plot to images/mnsol-by-solute/221+ashgc-vs-221+elf10/Solute-Cc1ccccn1-70.png
2025-09-16 10:20:13.277 | INFO     | __main__:main:225 - Plotting Solute: Cc1cncc(C)c1 with 1 items
2025-09-16 10:20:13.345 | INFO     | __main__:main:241 - Saved plot to images/mnsol-by-solute/221+ashgc-vs-221+elf10/Solute-Cc1cncc(C)c1-71.png
2025-09-16 10:20:13.345 | INFO     | __main__:main:225 - Plotting Solute: Cc1cnccn1 with 2 items
2025-09-16 10:20:13.417 | INFO     | __main__:main:241 - Saved plot to images/mnsol-by-solute/221+ashgc-vs-221+elf10/Solute-Cc1cnccn1-72.png
2025-09-16 10:20:13.417 | INFO     | __main__:main:225 - Plotting Solute: Clc1ccc(Cl)cc1 with 4 items
2025-09-16 10:20:13.500 | INFO     | __main__:main:241 - Saved plot to images/mnsol-by-solute/221+ashgc-vs-221+elf10/Solute-Clc1ccc(Cl)cc1-73.png
2025-09-16 10:20:13.500 | INFO     | __main__:main:225 - Plotting Solute: Clc1ccccc1 with 4 items
2025-09-16 10:20:13.583 | INFO     | __main__:main:241 - Saved plot to images/mnsol-by-solute/221+ashgc-vs-221+elf10/Solute-Clc1ccccc1-74.png
2025-09-16 10:20:13.583 | INFO     | __main__:main:225 - Plotting Solute: Clc1ccccc1-c1ccccc1Cl with 1 items
2025-09-16 10:20:13.651 | INFO     | __main__:main:241 - Saved plot to images/mnsol-by-solute/221+ashgc-vs-221+elf10/Solute-Clc1ccccc1-c1ccccc1Cl-75.png
2025-09-16 10:20:13.651 | INFO     | __main__:main:225 - Plotting Solute: N#Cc1cc(Br)c(O)c(Br)c1 with 2 items
2025-09-16 10:20:13.769 | INFO     | __main__:main:241 - Saved plot to images/mnsol-by-solute/221+ashgc-vs-221+elf10/Solute-N#Cc1cc(Br)c(O)c(Br)c1-76.png
2025-09-16 10:20:13.769 | INFO     | __main__:main:225 - Plotting Solute: NC(=O)c1ccccc1 with 5 items
2025-09-16 10:20:13.867 | INFO     | __main__:main:241 - Saved plot to images/mnsol-by-solute/221+ashgc-vs-221+elf10/Solute-NC(=O)c1ccccc1-77.png
2025-09-16 10:20:13.867 | INFO     | __main__:main:225 - Plotting Solute: NC=O with 1 items
2025-09-16 10:20:13.939 | INFO     | __main__:main:241 - Saved plot to images/mnsol-by-solute/221+ashgc-vs-221+elf10/Solute-NC=O-78.png
2025-09-16 10:20:13.939 | INFO     | __main__:main:225 - Plotting Solute: Nc1ccccc1 with 7 items
2025-09-16 10:20:14.052 | INFO     | __main__:main:241 - Saved plot to images/mnsol-by-solute/221+ashgc-vs-221+elf10/Solute-Nc1ccccc1-79.png
2025-09-16 10:20:14.053 | INFO     | __main__:main:225 - Plotting Solute: O=C1CCCO1 with 2 items
2025-09-16 10:20:14.126 | INFO     | __main__:main:241 - Saved plot to images/mnsol-by-solute/221+ashgc-vs-221+elf10/Solute-O=C1CCCO1-80.png
2025-09-16 10:20:14.126 | INFO     | __main__:main:225 - Plotting Solute: O=Cc1ccc(O)cc1 with 4 items
2025-09-16 10:20:14.211 | INFO     | __main__:main:241 - Saved plot to images/mnsol-by-solute/221+ashgc-vs-221+elf10/Solute-O=Cc1ccc(O)cc1-81.png
2025-09-16 10:20:14.211 | INFO     | __main__:main:225 - Plotting Solute: O=Cc1cccc(O)c1 with 4 items
2025-09-16 10:20:14.294 | INFO     | __main__:main:241 - Saved plot to images/mnsol-by-solute/221+ashgc-vs-221+elf10/Solute-O=Cc1cccc(O)c1-82.png
2025-09-16 10:20:14.294 | INFO     | __main__:main:225 - Plotting Solute: O=Cc1ccccc1 with 3 items
2025-09-16 10:20:14.372 | INFO     | __main__:main:241 - Saved plot to images/mnsol-by-solute/221+ashgc-vs-221+elf10/Solute-O=Cc1ccccc1-83.png
2025-09-16 10:20:14.372 | INFO     | __main__:main:225 - Plotting Solute: O=[N+]([O-])c1ccccc1 with 1 items
2025-09-16 10:20:14.441 | INFO     | __main__:main:241 - Saved plot to images/mnsol-by-solute/221+ashgc-vs-221+elf10/Solute-O=[N+]([O-])c1ccccc1-84.png
2025-09-16 10:20:14.441 | INFO     | __main__:main:225 - Plotting Solute: O=c1[nH]cc(Br)c(=O)[nH]1 with 2 items
2025-09-16 10:20:14.515 | INFO     | __main__:main:241 - Saved plot to images/mnsol-by-solute/221+ashgc-vs-221+elf10/Solute-O=c1[nH]cc(Br)c(=O)[nH]1-85.png
2025-09-16 10:20:14.515 | INFO     | __main__:main:225 - Plotting Solute: O=c1cc[nH]c(=O)[nH]1 with 2 items
2025-09-16 10:20:14.587 | INFO     | __main__:main:241 - Saved plot to images/mnsol-by-solute/221+ashgc-vs-221+elf10/Solute-O=c1cc[nH]c(=O)[nH]1-86.png
2025-09-16 10:20:14.587 | INFO     | __main__:main:225 - Plotting Solute: OCCO with 1 items
2025-09-16 10:20:14.655 | INFO     | __main__:main:241 - Saved plot to images/mnsol-by-solute/221+ashgc-vs-221+elf10/Solute-OCCO-87.png
2025-09-16 10:20:14.655 | INFO     | __main__:main:225 - Plotting Solute: Oc1ccc(Br)cc1 with 10 items
2025-09-16 10:20:14.796 | INFO     | __main__:main:241 - Saved plot to images/mnsol-by-solute/221+ashgc-vs-221+elf10/Solute-Oc1ccc(Br)cc1-88.png
2025-09-16 10:20:14.796 | INFO     | __main__:main:225 - Plotting Solute: Oc1ccccc1 with 4 items
2025-09-16 10:20:14.879 | INFO     | __main__:main:241 - Saved plot to images/mnsol-by-solute/221+ashgc-vs-221+elf10/Solute-Oc1ccccc1-89.png
2025-09-16 10:20:14.879 | INFO     | __main__:main:225 - Plotting Solute: S with 1 items
2025-09-16 10:20:14.949 | INFO     | __main__:main:241 - Saved plot to images/mnsol-by-solute/221+ashgc-vs-221+elf10/Solute-S-90.png
2025-09-16 10:20:14.950 | INFO     | __main__:main:225 - Plotting Solute: c1cc[nH]c1 with 1 items
2025-09-16 10:20:15.018 | INFO     | __main__:main:241 - Saved plot to images/mnsol-by-solute/221+ashgc-vs-221+elf10/Solute-c1cc[nH]c1-91.png
2025-09-16 10:20:15.018 | INFO     | __main__:main:225 - Plotting Solute: c1ccc2ccccc2c1 with 1 items
2025-09-16 10:20:15.086 | INFO     | __main__:main:241 - Saved plot to images/mnsol-by-solute/221+ashgc-vs-221+elf10/Solute-c1ccc2ccccc2c1-92.png
2025-09-16 10:20:15.086 | INFO     | __main__:main:225 - Plotting Solute: c1ccccc1 with 3 items
2025-09-16 10:20:15.164 | INFO     | __main__:main:241 - Saved plot to images/mnsol-by-solute/221+ashgc-vs-221+elf10/Solute-c1ccccc1-93.png
2025-09-16 10:20:15.164 | INFO     | __main__:main:225 - Plotting Solute: c1ccncc1 with 11 items
2025-09-16 10:20:15.346 | INFO     | __main__:main:241 - Saved plot to images/mnsol-by-solute/221+ashgc-vs-221+elf10/Solute-c1ccncc1-94.png
2025-09-16 10:20:15.346 | INFO     | __main__:main:225 - Plotting Solute: c1ccsc1 with 1 items
2025-09-16 10:20:15.414 | INFO     | __main__:main:241 - Saved plot to images/mnsol-by-solute/221+ashgc-vs-221+elf10/Solute-c1ccsc1-95.png
