2025-09-16 10:19:59.909 | INFO     | __main__:main:222 - Saving plots to images/mnsol-by-solvent/221+ashgc-vs-221+elf10
2025-09-16 10:19:59.919 | INFO     | __main__:main:225 - Plotting Solvent: C1CCCCC1 with 31 items
2025-09-16 10:20:00.378 | INFO     | __main__:main:241 - Saved plot to images/mnsol-by-solvent/221+ashgc-vs-221+elf10/Solvent-C1CCCCC1-0.png
2025-09-16 10:20:00.378 | INFO     | __main__:main:225 - Plotting Solvent: C1CCOC1 with 5 items
2025-09-16 10:20:00.469 | INFO     | __main__:main:241 - Saved plot to images/mnsol-by-solvent/221+ashgc-vs-221+elf10/Solvent-C1CCOC1-1.png
2025-09-16 10:20:00.469 | INFO     | __main__:main:225 - Plotting Solvent: CC(=O)N(C)C with 5 items
2025-09-16 10:20:00.558 | INFO     | __main__:main:241 - Saved plot to images/mnsol-by-solvent/221+ashgc-vs-221+elf10/Solvent-CC(=O)N(C)C-2.png
2025-09-16 10:20:00.558 | INFO     | __main__:main:225 - Plotting Solvent: CC(=O)c1ccccc1 with 5 items
2025-09-16 10:20:00.646 | INFO     | __main__:main:241 - Saved plot to images/mnsol-by-solvent/221+ashgc-vs-221+elf10/Solvent-CC(=O)c1ccccc1-3.png
2025-09-16 10:20:00.646 | INFO     | __main__:main:225 - Plotting Solvent: CC(Br)Br with 4 items
2025-09-16 10:20:00.734 | INFO     | __main__:main:241 - Saved plot to images/mnsol-by-solvent/221+ashgc-vs-221+elf10/Solvent-CC(Br)Br-4.png
2025-09-16 10:20:00.734 | INFO     | __main__:main:225 - Plotting Solvent: CC(C)CO with 8 items
2025-09-16 10:20:00.851 | INFO     | __main__:main:241 - Saved plot to images/mnsol-by-solvent/221+ashgc-vs-221+elf10/Solvent-CC(C)CO-5.png
2025-09-16 10:20:00.852 | INFO     | __main__:main:225 - Plotting Solvent: CC(C)O with 5 items
2025-09-16 10:20:00.939 | INFO     | __main__:main:241 - Saved plot to images/mnsol-by-solvent/221+ashgc-vs-221+elf10/Solvent-CC(C)O-6.png
2025-09-16 10:20:00.939 | INFO     | __main__:main:225 - Plotting Solvent: CC(C)OC(C)C with 11 items
2025-09-16 10:20:01.087 | INFO     | __main__:main:241 - Saved plot to images/mnsol-by-solvent/221+ashgc-vs-221+elf10/Solvent-CC(C)OC(C)C-7.png
2025-09-16 10:20:01.088 | INFO     | __main__:main:225 - Plotting Solvent: CC(C)c1ccccc1 with 6 items
2025-09-16 10:20:01.187 | INFO     | __main__:main:241 - Saved plot to images/mnsol-by-solvent/221+ashgc-vs-221+elf10/Solvent-CC(C)c1ccccc1-8.png
2025-09-16 10:20:01.187 | INFO     | __main__:main:225 - Plotting Solvent: CC(Cl)Cl with 16 items
2025-09-16 10:20:01.417 | INFO     | __main__:main:241 - Saved plot to images/mnsol-by-solvent/221+ashgc-vs-221+elf10/Solvent-CC(Cl)Cl-9.png
2025-09-16 10:20:01.418 | INFO     | __main__:main:225 - Plotting Solvent: CCBr with 4 items
2025-09-16 10:20:01.505 | INFO     | __main__:main:241 - Saved plot to images/mnsol-by-solvent/221+ashgc-vs-221+elf10/Solvent-CCBr-10.png
2025-09-16 10:20:01.505 | INFO     | __main__:main:225 - Plotting Solvent: CCCCC with 10 items
2025-09-16 10:20:01.652 | INFO     | __main__:main:241 - Saved plot to images/mnsol-by-solvent/221+ashgc-vs-221+elf10/Solvent-CCCCC-11.png
2025-09-16 10:20:01.653 | INFO     | __main__:main:225 - Plotting Solvent: CCCCCC with 21 items
2025-09-16 10:20:01.910 | INFO     | __main__:main:241 - Saved plot to images/mnsol-by-solvent/221+ashgc-vs-221+elf10/Solvent-CCCCCC-12.png
2025-09-16 10:20:01.910 | INFO     | __main__:main:225 - Plotting Solvent: CCCCCC(C)C with 18 items
2025-09-16 10:20:02.140 | INFO     | __main__:main:241 - Saved plot to images/mnsol-by-solvent/221+ashgc-vs-221+elf10/Solvent-CCCCCC(C)C-13.png
2025-09-16 10:20:02.140 | INFO     | __main__:main:225 - Plotting Solvent: CCCCCCC with 22 items
2025-09-16 10:20:02.416 | INFO     | __main__:main:241 - Saved plot to images/mnsol-by-solvent/221+ashgc-vs-221+elf10/Solvent-CCCCCCC-14.png
2025-09-16 10:20:02.416 | INFO     | __main__:main:225 - Plotting Solvent: CCCCCCCC with 12 items
2025-09-16 10:20:02.593 | INFO     | __main__:main:241 - Saved plot to images/mnsol-by-solvent/221+ashgc-vs-221+elf10/Solvent-CCCCCCCC-15.png
2025-09-16 10:20:02.593 | INFO     | __main__:main:225 - Plotting Solvent: CCCCCCCCBr with 2 items
2025-09-16 10:20:02.672 | INFO     | __main__:main:241 - Saved plot to images/mnsol-by-solvent/221+ashgc-vs-221+elf10/Solvent-CCCCCCCCBr-16.png
2025-09-16 10:20:02.672 | INFO     | __main__:main:225 - Plotting Solvent: CCCCCCCl with 4 items
2025-09-16 10:20:02.761 | INFO     | __main__:main:241 - Saved plot to images/mnsol-by-solvent/221+ashgc-vs-221+elf10/Solvent-CCCCCCCl-17.png
2025-09-16 10:20:02.761 | INFO     | __main__:main:225 - Plotting Solvent: CCCCCCO with 5 items
2025-09-16 10:20:02.884 | INFO     | __main__:main:241 - Saved plot to images/mnsol-by-solvent/221+ashgc-vs-221+elf10/Solvent-CCCCCCO-18.png
2025-09-16 10:20:02.885 | INFO     | __main__:main:225 - Plotting Solvent: CCCCCO with 7 items
2025-09-16 10:20:02.998 | INFO     | __main__:main:241 - Saved plot to images/mnsol-by-solvent/221+ashgc-vs-221+elf10/Solvent-CCCCCO-19.png
2025-09-16 10:20:02.999 | INFO     | __main__:main:225 - Plotting Solvent: CCCCO with 10 items
2025-09-16 10:20:03.140 | INFO     | __main__:main:241 - Saved plot to images/mnsol-by-solvent/221+ashgc-vs-221+elf10/Solvent-CCCCO-20.png
2025-09-16 10:20:03.140 | INFO     | __main__:main:225 - Plotting Solvent: CCCCOCCCC with 9 items
2025-09-16 10:20:03.280 | INFO     | __main__:main:241 - Saved plot to images/mnsol-by-solvent/221+ashgc-vs-221+elf10/Solvent-CCCCOCCCC-21.png
2025-09-16 10:20:03.280 | INFO     | __main__:main:225 - Plotting Solvent: CCCCOP(=O)(OCCCC)OCCCC with 6 items
2025-09-16 10:20:03.381 | INFO     | __main__:main:241 - Saved plot to images/mnsol-by-solvent/221+ashgc-vs-221+elf10/Solvent-CCCCOP(=O)(OCCCC)OCCCC-22.png
2025-09-16 10:20:03.381 | INFO     | __main__:main:225 - Plotting Solvent: CCCCc1ccccc1 with 5 items
2025-09-16 10:20:03.476 | INFO     | __main__:main:241 - Saved plot to images/mnsol-by-solvent/221+ashgc-vs-221+elf10/Solvent-CCCCc1ccccc1-23.png
2025-09-16 10:20:03.476 | INFO     | __main__:main:225 - Plotting Solvent: CCCO with 5 items
2025-09-16 10:20:03.568 | INFO     | __main__:main:241 - Saved plot to images/mnsol-by-solvent/221+ashgc-vs-221+elf10/Solvent-CCCO-24.png
2025-09-16 10:20:03.569 | INFO     | __main__:main:225 - Plotting Solvent: CCN(CC)CC with 5 items
2025-09-16 10:20:03.658 | INFO     | __main__:main:241 - Saved plot to images/mnsol-by-solvent/221+ashgc-vs-221+elf10/Solvent-CCN(CC)CC-25.png
2025-09-16 10:20:03.658 | INFO     | __main__:main:225 - Plotting Solvent: CCO with 6 items
2025-09-16 10:20:03.756 | INFO     | __main__:main:241 - Saved plot to images/mnsol-by-solvent/221+ashgc-vs-221+elf10/Solvent-CCO-26.png
2025-09-16 10:20:03.757 | INFO     | __main__:main:225 - Plotting Solvent: CCOCC with 25 items
2025-09-16 10:20:04.048 | INFO     | __main__:main:241 - Saved plot to images/mnsol-by-solvent/221+ashgc-vs-221+elf10/Solvent-CCOCC-27.png
2025-09-16 10:20:04.048 | INFO     | __main__:main:225 - Plotting Solvent: CCOc1ccccc1 with 5 items
2025-09-16 10:20:04.137 | INFO     | __main__:main:241 - Saved plot to images/mnsol-by-solvent/221+ashgc-vs-221+elf10/Solvent-CCOc1ccccc1-28.png
2025-09-16 10:20:04.137 | INFO     | __main__:main:225 - Plotting Solvent: CCc1ccccc1 with 11 items
2025-09-16 10:20:04.287 | INFO     | __main__:main:241 - Saved plot to images/mnsol-by-solvent/221+ashgc-vs-221+elf10/Solvent-CCc1ccccc1-29.png
2025-09-16 10:20:04.288 | INFO     | __main__:main:225 - Plotting Solvent: CN(C)C=O with 5 items
2025-09-16 10:20:04.407 | INFO     | __main__:main:241 - Saved plot to images/mnsol-by-solvent/221+ashgc-vs-221+elf10/Solvent-CN(C)C=O-30.png
2025-09-16 10:20:04.407 | INFO     | __main__:main:225 - Plotting Solvent: CNC=O with 5 items
2025-09-16 10:20:04.497 | INFO     | __main__:main:241 - Saved plot to images/mnsol-by-solvent/221+ashgc-vs-221+elf10/Solvent-CNC=O-31.png
2025-09-16 10:20:04.497 | INFO     | __main__:main:225 - Plotting Solvent: COc1ccccc1 with 6 items
2025-09-16 10:20:04.595 | INFO     | __main__:main:241 - Saved plot to images/mnsol-by-solvent/221+ashgc-vs-221+elf10/Solvent-COc1ccccc1-32.png
2025-09-16 10:20:04.595 | INFO     | __main__:main:225 - Plotting Solvent: Cc1ccccc1 with 16 items
2025-09-16 10:20:04.803 | INFO     | __main__:main:241 - Saved plot to images/mnsol-by-solvent/221+ashgc-vs-221+elf10/Solvent-Cc1ccccc1-33.png
2025-09-16 10:20:04.803 | INFO     | __main__:main:225 - Plotting Solvent: Cc1ccccc1C with 16 items
2025-09-16 10:20:05.008 | INFO     | __main__:main:241 - Saved plot to images/mnsol-by-solvent/221+ashgc-vs-221+elf10/Solvent-Cc1ccccc1C-34.png
2025-09-16 10:20:05.008 | INFO     | __main__:main:225 - Plotting Solvent: Cc1ccccc1C(C)C with 3 items
2025-09-16 10:20:05.088 | INFO     | __main__:main:241 - Saved plot to images/mnsol-by-solvent/221+ashgc-vs-221+elf10/Solvent-Cc1ccccc1C(C)C-35.png
2025-09-16 10:20:05.088 | INFO     | __main__:main:225 - Plotting Solvent: Cc1ccccn1 with 5 items
2025-09-16 10:20:05.175 | INFO     | __main__:main:241 - Saved plot to images/mnsol-by-solvent/221+ashgc-vs-221+elf10/Solvent-Cc1ccccn1-36.png
2025-09-16 10:20:05.175 | INFO     | __main__:main:225 - Plotting Solvent: Cc1cccnc1C with 6 items
2025-09-16 10:20:05.273 | INFO     | __main__:main:241 - Saved plot to images/mnsol-by-solvent/221+ashgc-vs-221+elf10/Solvent-Cc1cccnc1C-37.png
2025-09-16 10:20:05.273 | INFO     | __main__:main:225 - Plotting Solvent: c1ccc2c(c1)CCCC2 with 3 items
2025-09-16 10:20:05.351 | INFO     | __main__:main:241 - Saved plot to images/mnsol-by-solvent/221+ashgc-vs-221+elf10/Solvent-c1ccc2c(c1)CCCC2-38.png
2025-09-16 10:20:05.352 | INFO     | __main__:main:225 - Plotting Solvent: c1ccccc1 with 24 items
2025-09-16 10:20:05.632 | INFO     | __main__:main:241 - Saved plot to images/mnsol-by-solvent/221+ashgc-vs-221+elf10/Solvent-c1ccccc1-39.png
2025-09-16 10:20:05.633 | INFO     | __main__:main:225 - Plotting Solvent: c1ccncc1 with 5 items
2025-09-16 10:20:05.721 | INFO     | __main__:main:241 - Saved plot to images/mnsol-by-solvent/221+ashgc-vs-221+elf10/Solvent-c1ccncc1-40.png
