2025-09-25 16:37:06.702 | INFO     | __main__:main:222 - Saving plots to images/mnsol-by-solute/v3-vs-rc1
2025-09-25 16:37:06.714 | INFO     | __main__:main:225 - Plotting Solute: Brc1ccc(Br)cc1 with 1 items
2025-09-25 16:37:06.895 | INFO     | __main__:main:241 - Saved plot to images/mnsol-by-solute/v3-vs-rc1/Solute-Brc1ccc(Br)cc1-0.png
2025-09-25 16:37:06.895 | INFO     | __main__:main:225 - Plotting Solute: Brc1ccccc1 with 4 items
2025-09-25 16:37:06.987 | INFO     | __main__:main:241 - Saved plot to images/mnsol-by-solute/v3-vs-rc1/Solute-Brc1ccccc1-1.png
2025-09-25 16:37:06.987 | INFO     | __main__:main:225 - Plotting Solute: C1CCCCC1 with 1 items
2025-09-25 16:37:07.060 | INFO     | __main__:main:241 - Saved plot to images/mnsol-by-solute/v3-vs-rc1/Solute-C1CCCCC1-2.png
2025-09-25 16:37:07.061 | INFO     | __main__:main:225 - Plotting Solute: C1CCNCC1 with 4 items
2025-09-25 16:37:07.147 | INFO     | __main__:main:241 - Saved plot to images/mnsol-by-solute/v3-vs-rc1/Solute-C1CCNCC1-3.png
2025-09-25 16:37:07.148 | INFO     | __main__:main:225 - Plotting Solute: C1CCOCC1 with 1 items
2025-09-25 16:37:07.222 | INFO     | __main__:main:241 - Saved plot to images/mnsol-by-solute/v3-vs-rc1/Solute-C1CCOCC1-4.png
2025-09-25 16:37:07.223 | INFO     | __main__:main:225 - Plotting Solute: C1CNCCN1 with 1 items
2025-09-25 16:37:07.295 | INFO     | __main__:main:241 - Saved plot to images/mnsol-by-solute/v3-vs-rc1/Solute-C1CNCCN1-5.png
2025-09-25 16:37:07.295 | INFO     | __main__:main:225 - Plotting Solute: C1COCCO1 with 24 items
2025-09-25 16:37:07.584 | INFO     | __main__:main:241 - Saved plot to images/mnsol-by-solute/v3-vs-rc1/Solute-C1COCCO1-6.png
2025-09-25 16:37:07.585 | INFO     | __main__:main:225 - Plotting Solute: C=CC with 1 items
2025-09-25 16:37:07.655 | INFO     | __main__:main:241 - Saved plot to images/mnsol-by-solute/v3-vs-rc1/Solute-C=CC-7.png
2025-09-25 16:37:07.656 | INFO     | __main__:main:225 - Plotting Solute: C=CCC with 1 items
2025-09-25 16:37:07.728 | INFO     | __main__:main:241 - Saved plot to images/mnsol-by-solute/v3-vs-rc1/Solute-C=CCC-8.png
2025-09-25 16:37:07.728 | INFO     | __main__:main:225 - Plotting Solute: C=CCO with 1 items
2025-09-25 16:37:07.798 | INFO     | __main__:main:241 - Saved plot to images/mnsol-by-solute/v3-vs-rc1/Solute-C=CCO-9.png
2025-09-25 16:37:07.799 | INFO     | __main__:main:225 - Plotting Solute: C=O with 4 items
2025-09-25 16:37:07.882 | INFO     | __main__:main:241 - Saved plot to images/mnsol-by-solute/v3-vs-rc1/Solute-C=O-10.png
2025-09-25 16:37:07.882 | INFO     | __main__:main:225 - Plotting Solute: CC(=O)C(C)(C)C with 12 items
2025-09-25 16:37:08.048 | INFO     | __main__:main:241 - Saved plot to images/mnsol-by-solute/v3-vs-rc1/Solute-CC(=O)C(C)(C)C-11.png
2025-09-25 16:37:08.048 | INFO     | __main__:main:225 - Plotting Solute: CC(=O)N(C)C with 1 items
2025-09-25 16:37:08.144 | INFO     | __main__:main:241 - Saved plot to images/mnsol-by-solute/v3-vs-rc1/Solute-CC(=O)N(C)C-12.png
2025-09-25 16:37:08.145 | INFO     | __main__:main:225 - Plotting Solute: CC(=O)c1ccccc1 with 3 items
2025-09-25 16:37:08.230 | INFO     | __main__:main:241 - Saved plot to images/mnsol-by-solute/v3-vs-rc1/Solute-CC(=O)c1ccccc1-13.png
2025-09-25 16:37:08.230 | INFO     | __main__:main:225 - Plotting Solute: CC(C)(C)O with 3 items
2025-09-25 16:37:08.310 | INFO     | __main__:main:241 - Saved plot to images/mnsol-by-solute/v3-vs-rc1/Solute-CC(C)(C)O-14.png
2025-09-25 16:37:08.310 | INFO     | __main__:main:225 - Plotting Solute: CC(C)=O with 6 items
2025-09-25 16:37:08.423 | INFO     | __main__:main:241 - Saved plot to images/mnsol-by-solute/v3-vs-rc1/Solute-CC(C)=O-15.png
2025-09-25 16:37:08.424 | INFO     | __main__:main:225 - Plotting Solute: CC(C)O with 3 items
2025-09-25 16:37:08.512 | INFO     | __main__:main:241 - Saved plot to images/mnsol-by-solute/v3-vs-rc1/Solute-CC(C)O-16.png
2025-09-25 16:37:08.512 | INFO     | __main__:main:225 - Plotting Solute: CC(N)=O with 1 items
2025-09-25 16:37:08.586 | INFO     | __main__:main:241 - Saved plot to images/mnsol-by-solute/v3-vs-rc1/Solute-CC(N)=O-17.png
2025-09-25 16:37:08.586 | INFO     | __main__:main:225 - Plotting Solute: CC=O with 1 items
2025-09-25 16:37:08.658 | INFO     | __main__:main:241 - Saved plot to images/mnsol-by-solute/v3-vs-rc1/Solute-CC=O-18.png
2025-09-25 16:37:08.658 | INFO     | __main__:main:225 - Plotting Solute: CCC with 1 items
2025-09-25 16:37:08.732 | INFO     | __main__:main:241 - Saved plot to images/mnsol-by-solute/v3-vs-rc1/Solute-CCC-19.png
2025-09-25 16:37:08.732 | INFO     | __main__:main:225 - Plotting Solute: CCC(=O)CC with 1 items
2025-09-25 16:37:08.803 | INFO     | __main__:main:241 - Saved plot to images/mnsol-by-solute/v3-vs-rc1/Solute-CCC(=O)CC-20.png
2025-09-25 16:37:08.803 | INFO     | __main__:main:225 - Plotting Solute: CCC(=O)OC with 2 items
2025-09-25 16:37:08.881 | INFO     | __main__:main:241 - Saved plot to images/mnsol-by-solute/v3-vs-rc1/Solute-CCC(=O)OC-21.png
2025-09-25 16:37:08.881 | INFO     | __main__:main:225 - Plotting Solute: CCC(C)=O with 24 items
2025-09-25 16:37:09.176 | INFO     | __main__:main:241 - Saved plot to images/mnsol-by-solute/v3-vs-rc1/Solute-CCC(C)=O-22.png
2025-09-25 16:37:09.177 | INFO     | __main__:main:225 - Plotting Solute: CCCC with 1 items
2025-09-25 16:37:09.252 | INFO     | __main__:main:241 - Saved plot to images/mnsol-by-solute/v3-vs-rc1/Solute-CCCC-23.png
2025-09-25 16:37:09.253 | INFO     | __main__:main:225 - Plotting Solute: CCCC(C)=O with 2 items
2025-09-25 16:37:09.329 | INFO     | __main__:main:241 - Saved plot to images/mnsol-by-solute/v3-vs-rc1/Solute-CCCC(C)=O-24.png
2025-09-25 16:37:09.330 | INFO     | __main__:main:225 - Plotting Solute: CCCC=O with 2 items
2025-09-25 16:37:09.406 | INFO     | __main__:main:241 - Saved plot to images/mnsol-by-solute/v3-vs-rc1/Solute-CCCC=O-25.png
2025-09-25 16:37:09.406 | INFO     | __main__:main:225 - Plotting Solute: CCCCC with 2 items
2025-09-25 16:37:09.483 | INFO     | __main__:main:241 - Saved plot to images/mnsol-by-solute/v3-vs-rc1/Solute-CCCCC-26.png
2025-09-25 16:37:09.483 | INFO     | __main__:main:225 - Plotting Solute: CCCCC(=O)OC with 7 items
2025-09-25 16:37:09.601 | INFO     | __main__:main:241 - Saved plot to images/mnsol-by-solute/v3-vs-rc1/Solute-CCCCC(=O)OC-27.png
2025-09-25 16:37:09.602 | INFO     | __main__:main:225 - Plotting Solute: CCCCC=O with 1 items
2025-09-25 16:37:09.670 | INFO     | __main__:main:241 - Saved plot to images/mnsol-by-solute/v3-vs-rc1/Solute-CCCCC=O-28.png
2025-09-25 16:37:09.670 | INFO     | __main__:main:225 - Plotting Solute: CCCCCC(=O)OC with 2 items
2025-09-25 16:37:09.779 | INFO     | __main__:main:241 - Saved plot to images/mnsol-by-solute/v3-vs-rc1/Solute-CCCCCC(=O)OC-29.png
2025-09-25 16:37:09.779 | INFO     | __main__:main:225 - Plotting Solute: CCCCCC(C)=O with 1 items
2025-09-25 16:37:09.847 | INFO     | __main__:main:241 - Saved plot to images/mnsol-by-solute/v3-vs-rc1/Solute-CCCCCC(C)=O-30.png
2025-09-25 16:37:09.848 | INFO     | __main__:main:225 - Plotting Solute: CCCCCCCC with 23 items
2025-09-25 16:37:10.122 | INFO     | __main__:main:241 - Saved plot to images/mnsol-by-solute/v3-vs-rc1/Solute-CCCCCCCC-31.png
2025-09-25 16:37:10.122 | INFO     | __main__:main:225 - Plotting Solute: CCCCCCCO with 1 items
2025-09-25 16:37:10.192 | INFO     | __main__:main:241 - Saved plot to images/mnsol-by-solute/v3-vs-rc1/Solute-CCCCCCCO-32.png
2025-09-25 16:37:10.192 | INFO     | __main__:main:225 - Plotting Solute: CCCCCCO with 1 items
2025-09-25 16:37:10.263 | INFO     | __main__:main:241 - Saved plot to images/mnsol-by-solute/v3-vs-rc1/Solute-CCCCCCO-33.png
2025-09-25 16:37:10.263 | INFO     | __main__:main:225 - Plotting Solute: CCCCCO with 4 items
2025-09-25 16:37:10.349 | INFO     | __main__:main:241 - Saved plot to images/mnsol-by-solute/v3-vs-rc1/Solute-CCCCCO-34.png
2025-09-25 16:37:10.349 | INFO     | __main__:main:225 - Plotting Solute: CCCCCOC(C)=O with 2 items
2025-09-25 16:37:10.425 | INFO     | __main__:main:241 - Saved plot to images/mnsol-by-solute/v3-vs-rc1/Solute-CCCCCOC(C)=O-35.png
2025-09-25 16:37:10.425 | INFO     | __main__:main:225 - Plotting Solute: CCCCN with 6 items
2025-09-25 16:37:10.529 | INFO     | __main__:main:241 - Saved plot to images/mnsol-by-solute/v3-vs-rc1/Solute-CCCCN-36.png
2025-09-25 16:37:10.529 | INFO     | __main__:main:225 - Plotting Solute: CCCCO with 1 items
2025-09-25 16:37:10.603 | INFO     | __main__:main:241 - Saved plot to images/mnsol-by-solute/v3-vs-rc1/Solute-CCCCO-37.png
2025-09-25 16:37:10.603 | INFO     | __main__:main:225 - Plotting Solute: CCCCOC(C)=O with 2 items
2025-09-25 16:37:10.680 | INFO     | __main__:main:241 - Saved plot to images/mnsol-by-solute/v3-vs-rc1/Solute-CCCCOC(C)=O-38.png
2025-09-25 16:37:10.680 | INFO     | __main__:main:225 - Plotting Solute: CCCN with 5 items
2025-09-25 16:37:10.769 | INFO     | __main__:main:241 - Saved plot to images/mnsol-by-solute/v3-vs-rc1/Solute-CCCN-39.png
2025-09-25 16:37:10.769 | INFO     | __main__:main:225 - Plotting Solute: CCCNCCC with 1 items
2025-09-25 16:37:10.837 | INFO     | __main__:main:241 - Saved plot to images/mnsol-by-solute/v3-vs-rc1/Solute-CCCNCCC-40.png
2025-09-25 16:37:10.837 | INFO     | __main__:main:225 - Plotting Solute: CCCO with 1 items
2025-09-25 16:37:10.908 | INFO     | __main__:main:241 - Saved plot to images/mnsol-by-solute/v3-vs-rc1/Solute-CCCO-41.png
2025-09-25 16:37:10.908 | INFO     | __main__:main:225 - Plotting Solute: CCCS with 2 items
2025-09-25 16:37:10.987 | INFO     | __main__:main:241 - Saved plot to images/mnsol-by-solute/v3-vs-rc1/Solute-CCCS-42.png
2025-09-25 16:37:10.987 | INFO     | __main__:main:225 - Plotting Solute: CCN with 10 items
2025-09-25 16:37:11.130 | INFO     | __main__:main:241 - Saved plot to images/mnsol-by-solute/v3-vs-rc1/Solute-CCN-43.png
2025-09-25 16:37:11.131 | INFO     | __main__:main:225 - Plotting Solute: CCNCC with 7 items
2025-09-25 16:37:11.271 | INFO     | __main__:main:241 - Saved plot to images/mnsol-by-solute/v3-vs-rc1/Solute-CCNCC-44.png
2025-09-25 16:37:11.271 | INFO     | __main__:main:225 - Plotting Solute: CCO with 21 items
2025-09-25 16:37:11.535 | INFO     | __main__:main:241 - Saved plot to images/mnsol-by-solute/v3-vs-rc1/Solute-CCO-45.png
2025-09-25 16:37:11.536 | INFO     | __main__:main:225 - Plotting Solute: CCOC(C)=O with 2 items
2025-09-25 16:37:11.615 | INFO     | __main__:main:241 - Saved plot to images/mnsol-by-solute/v3-vs-rc1/Solute-CCOC(C)=O-46.png
2025-09-25 16:37:11.616 | INFO     | __main__:main:225 - Plotting Solute: CCOP(=O)(OCC)OCC with 5 items
2025-09-25 16:37:11.727 | INFO     | __main__:main:241 - Saved plot to images/mnsol-by-solute/v3-vs-rc1/Solute-CCOP(=O)(OCC)OCC-47.png
2025-09-25 16:37:11.728 | INFO     | __main__:main:225 - Plotting Solute: CCS with 1 items
2025-09-25 16:37:11.803 | INFO     | __main__:main:241 - Saved plot to images/mnsol-by-solute/v3-vs-rc1/Solute-CCS-48.png
2025-09-25 16:37:11.803 | INFO     | __main__:main:225 - Plotting Solute: CCc1cnccn1 with 2 items
2025-09-25 16:37:11.882 | INFO     | __main__:main:241 - Saved plot to images/mnsol-by-solute/v3-vs-rc1/Solute-CCc1cnccn1-49.png
2025-09-25 16:37:11.882 | INFO     | __main__:main:225 - Plotting Solute: CN with 6 items
2025-09-25 16:37:11.988 | INFO     | __main__:main:241 - Saved plot to images/mnsol-by-solute/v3-vs-rc1/Solute-CN-50.png
2025-09-25 16:37:11.989 | INFO     | __main__:main:225 - Plotting Solute: CN(C)C with 8 items
2025-09-25 16:37:12.122 | INFO     | __main__:main:241 - Saved plot to images/mnsol-by-solute/v3-vs-rc1/Solute-CN(C)C-51.png
2025-09-25 16:37:12.122 | INFO     | __main__:main:225 - Plotting Solute: CN(C)C=O with 2 items
2025-09-25 16:37:12.200 | INFO     | __main__:main:241 - Saved plot to images/mnsol-by-solute/v3-vs-rc1/Solute-CN(C)C=O-52.png
2025-09-25 16:37:12.200 | INFO     | __main__:main:225 - Plotting Solute: CN1CCCC1=O with 1 items
2025-09-25 16:37:12.281 | INFO     | __main__:main:241 - Saved plot to images/mnsol-by-solute/v3-vs-rc1/Solute-CN1CCCC1=O-53.png
2025-09-25 16:37:12.282 | INFO     | __main__:main:225 - Plotting Solute: CNC with 5 items
2025-09-25 16:37:12.379 | INFO     | __main__:main:241 - Saved plot to images/mnsol-by-solute/v3-vs-rc1/Solute-CNC-54.png
2025-09-25 16:37:12.380 | INFO     | __main__:main:225 - Plotting Solute: CNc1ccccc1 with 1 items
2025-09-25 16:37:12.455 | INFO     | __main__:main:241 - Saved plot to images/mnsol-by-solute/v3-vs-rc1/Solute-CNc1ccccc1-55.png
2025-09-25 16:37:12.455 | INFO     | __main__:main:225 - Plotting Solute: CO with 11 items
2025-09-25 16:37:12.619 | INFO     | __main__:main:241 - Saved plot to images/mnsol-by-solute/v3-vs-rc1/Solute-CO-56.png
2025-09-25 16:37:12.619 | INFO     | __main__:main:225 - Plotting Solute: COC(=O)c1ccccc1 with 3 items
2025-09-25 16:37:12.702 | INFO     | __main__:main:241 - Saved plot to images/mnsol-by-solute/v3-vs-rc1/Solute-COC(=O)c1ccccc1-57.png
2025-09-25 16:37:12.703 | INFO     | __main__:main:225 - Plotting Solute: COC(C)=O with 11 items
2025-09-25 16:37:12.894 | INFO     | __main__:main:241 - Saved plot to images/mnsol-by-solute/v3-vs-rc1/Solute-COC(C)=O-58.png
2025-09-25 16:37:12.894 | INFO     | __main__:main:225 - Plotting Solute: COCCO with 1 items
2025-09-25 16:37:12.963 | INFO     | __main__:main:241 - Saved plot to images/mnsol-by-solute/v3-vs-rc1/Solute-COCCO-59.png
2025-09-25 16:37:12.963 | INFO     | __main__:main:225 - Plotting Solute: COP(=O)(OC)OC with 4 items
2025-09-25 16:37:13.053 | INFO     | __main__:main:241 - Saved plot to images/mnsol-by-solute/v3-vs-rc1/Solute-COP(=O)(OC)OC-60.png
2025-09-25 16:37:13.053 | INFO     | __main__:main:225 - Plotting Solute: COP(=O)(OC)OC=C(Cl)Cl with 1 items
2025-09-25 16:37:13.122 | INFO     | __main__:main:241 - Saved plot to images/mnsol-by-solute/v3-vs-rc1/Solute-COP(=O)(OC)OC=C(Cl)Cl-61.png
2025-09-25 16:37:13.122 | INFO     | __main__:main:225 - Plotting Solute: COc1ccccc1 with 3 items
2025-09-25 16:37:13.201 | INFO     | __main__:main:241 - Saved plot to images/mnsol-by-solute/v3-vs-rc1/Solute-COc1ccccc1-62.png
2025-09-25 16:37:13.201 | INFO     | __main__:main:225 - Plotting Solute: CSc1ccccc1 with 1 items
2025-09-25 16:37:13.271 | INFO     | __main__:main:241 - Saved plot to images/mnsol-by-solute/v3-vs-rc1/Solute-CSc1ccccc1-63.png
2025-09-25 16:37:13.272 | INFO     | __main__:main:225 - Plotting Solute: Cc1ccc(N)cc1 with 2 items
2025-09-25 16:37:13.347 | INFO     | __main__:main:241 - Saved plot to images/mnsol-by-solute/v3-vs-rc1/Solute-Cc1ccc(N)cc1-64.png
2025-09-25 16:37:13.347 | INFO     | __main__:main:225 - Plotting Solute: Cc1ccc(O)cc1 with 1 items
2025-09-25 16:37:13.418 | INFO     | __main__:main:241 - Saved plot to images/mnsol-by-solute/v3-vs-rc1/Solute-Cc1ccc(O)cc1-65.png
2025-09-25 16:37:13.418 | INFO     | __main__:main:225 - Plotting Solute: Cc1cccc(C)n1 with 2 items
2025-09-25 16:37:13.493 | INFO     | __main__:main:241 - Saved plot to images/mnsol-by-solute/v3-vs-rc1/Solute-Cc1cccc(C)n1-66.png
2025-09-25 16:37:13.493 | INFO     | __main__:main:225 - Plotting Solute: Cc1ccccc1 with 16 items
2025-09-25 16:37:13.696 | INFO     | __main__:main:241 - Saved plot to images/mnsol-by-solute/v3-vs-rc1/Solute-Cc1ccccc1-67.png
2025-09-25 16:37:13.696 | INFO     | __main__:main:225 - Plotting Solute: Cc1ccccc1N with 4 items
2025-09-25 16:37:13.782 | INFO     | __main__:main:241 - Saved plot to images/mnsol-by-solute/v3-vs-rc1/Solute-Cc1ccccc1N-68.png
2025-09-25 16:37:13.782 | INFO     | __main__:main:225 - Plotting Solute: Cc1ccccc1O with 4 items
2025-09-25 16:37:13.877 | INFO     | __main__:main:241 - Saved plot to images/mnsol-by-solute/v3-vs-rc1/Solute-Cc1ccccc1O-69.png
2025-09-25 16:37:13.877 | INFO     | __main__:main:225 - Plotting Solute: Cc1ccccn1 with 1 items
2025-09-25 16:37:13.951 | INFO     | __main__:main:241 - Saved plot to images/mnsol-by-solute/v3-vs-rc1/Solute-Cc1ccccn1-70.png
2025-09-25 16:37:13.951 | INFO     | __main__:main:225 - Plotting Solute: Cc1cncc(C)c1 with 1 items
2025-09-25 16:37:14.024 | INFO     | __main__:main:241 - Saved plot to images/mnsol-by-solute/v3-vs-rc1/Solute-Cc1cncc(C)c1-71.png
2025-09-25 16:37:14.025 | INFO     | __main__:main:225 - Plotting Solute: Cc1cnccn1 with 2 items
2025-09-25 16:37:14.101 | INFO     | __main__:main:241 - Saved plot to images/mnsol-by-solute/v3-vs-rc1/Solute-Cc1cnccn1-72.png
2025-09-25 16:37:14.101 | INFO     | __main__:main:225 - Plotting Solute: Clc1ccc(Cl)cc1 with 4 items
2025-09-25 16:37:14.208 | INFO     | __main__:main:241 - Saved plot to images/mnsol-by-solute/v3-vs-rc1/Solute-Clc1ccc(Cl)cc1-73.png
2025-09-25 16:37:14.209 | INFO     | __main__:main:225 - Plotting Solute: Clc1ccccc1 with 4 items
2025-09-25 16:37:14.298 | INFO     | __main__:main:241 - Saved plot to images/mnsol-by-solute/v3-vs-rc1/Solute-Clc1ccccc1-74.png
2025-09-25 16:37:14.298 | INFO     | __main__:main:225 - Plotting Solute: Clc1ccccc1-c1ccccc1Cl with 1 items
2025-09-25 16:37:14.369 | INFO     | __main__:main:241 - Saved plot to images/mnsol-by-solute/v3-vs-rc1/Solute-Clc1ccccc1-c1ccccc1Cl-75.png
2025-09-25 16:37:14.369 | INFO     | __main__:main:225 - Plotting Solute: N#Cc1cc(Br)c(O)c(Br)c1 with 2 items
2025-09-25 16:37:14.492 | INFO     | __main__:main:241 - Saved plot to images/mnsol-by-solute/v3-vs-rc1/Solute-N#Cc1cc(Br)c(O)c(Br)c1-76.png
2025-09-25 16:37:14.492 | INFO     | __main__:main:225 - Plotting Solute: NC(=O)c1ccccc1 with 5 items
2025-09-25 16:37:14.596 | INFO     | __main__:main:241 - Saved plot to images/mnsol-by-solute/v3-vs-rc1/Solute-NC(=O)c1ccccc1-77.png
2025-09-25 16:37:14.596 | INFO     | __main__:main:225 - Plotting Solute: NC=O with 1 items
2025-09-25 16:37:14.672 | INFO     | __main__:main:241 - Saved plot to images/mnsol-by-solute/v3-vs-rc1/Solute-NC=O-78.png
2025-09-25 16:37:14.672 | INFO     | __main__:main:225 - Plotting Solute: Nc1ccccc1 with 7 items
2025-09-25 16:37:14.789 | INFO     | __main__:main:241 - Saved plot to images/mnsol-by-solute/v3-vs-rc1/Solute-Nc1ccccc1-79.png
2025-09-25 16:37:14.789 | INFO     | __main__:main:225 - Plotting Solute: O=C1CCCO1 with 2 items
2025-09-25 16:37:14.868 | INFO     | __main__:main:241 - Saved plot to images/mnsol-by-solute/v3-vs-rc1/Solute-O=C1CCCO1-80.png
2025-09-25 16:37:14.868 | INFO     | __main__:main:225 - Plotting Solute: O=Cc1ccc(O)cc1 with 4 items
2025-09-25 16:37:14.957 | INFO     | __main__:main:241 - Saved plot to images/mnsol-by-solute/v3-vs-rc1/Solute-O=Cc1ccc(O)cc1-81.png
2025-09-25 16:37:14.957 | INFO     | __main__:main:225 - Plotting Solute: O=Cc1cccc(O)c1 with 4 items
2025-09-25 16:37:15.051 | INFO     | __main__:main:241 - Saved plot to images/mnsol-by-solute/v3-vs-rc1/Solute-O=Cc1cccc(O)c1-82.png
2025-09-25 16:37:15.051 | INFO     | __main__:main:225 - Plotting Solute: O=Cc1ccccc1 with 3 items
2025-09-25 16:37:15.135 | INFO     | __main__:main:241 - Saved plot to images/mnsol-by-solute/v3-vs-rc1/Solute-O=Cc1ccccc1-83.png
2025-09-25 16:37:15.136 | INFO     | __main__:main:225 - Plotting Solute: O=[N+]([O-])c1ccccc1 with 1 items
2025-09-25 16:37:15.208 | INFO     | __main__:main:241 - Saved plot to images/mnsol-by-solute/v3-vs-rc1/Solute-O=[N+]([O-])c1ccccc1-84.png
2025-09-25 16:37:15.209 | INFO     | __main__:main:225 - Plotting Solute: O=c1[nH]cc(Br)c(=O)[nH]1 with 2 items
2025-09-25 16:37:15.293 | INFO     | __main__:main:241 - Saved plot to images/mnsol-by-solute/v3-vs-rc1/Solute-O=c1[nH]cc(Br)c(=O)[nH]1-85.png
2025-09-25 16:37:15.293 | INFO     | __main__:main:225 - Plotting Solute: O=c1cc[nH]c(=O)[nH]1 with 2 items
2025-09-25 16:37:15.370 | INFO     | __main__:main:241 - Saved plot to images/mnsol-by-solute/v3-vs-rc1/Solute-O=c1cc[nH]c(=O)[nH]1-86.png
2025-09-25 16:37:15.371 | INFO     | __main__:main:225 - Plotting Solute: OCCO with 1 items
2025-09-25 16:37:15.439 | INFO     | __main__:main:241 - Saved plot to images/mnsol-by-solute/v3-vs-rc1/Solute-OCCO-87.png
2025-09-25 16:37:15.439 | INFO     | __main__:main:225 - Plotting Solute: Oc1ccc(Br)cc1 with 10 items
2025-09-25 16:37:15.590 | INFO     | __main__:main:241 - Saved plot to images/mnsol-by-solute/v3-vs-rc1/Solute-Oc1ccc(Br)cc1-88.png
2025-09-25 16:37:15.590 | INFO     | __main__:main:225 - Plotting Solute: Oc1ccccc1 with 4 items
2025-09-25 16:37:15.686 | INFO     | __main__:main:241 - Saved plot to images/mnsol-by-solute/v3-vs-rc1/Solute-Oc1ccccc1-89.png
2025-09-25 16:37:15.687 | INFO     | __main__:main:225 - Plotting Solute: S with 1 items
2025-09-25 16:37:15.755 | INFO     | __main__:main:241 - Saved plot to images/mnsol-by-solute/v3-vs-rc1/Solute-S-90.png
2025-09-25 16:37:15.755 | INFO     | __main__:main:225 - Plotting Solute: c1cc[nH]c1 with 1 items
2025-09-25 16:37:15.826 | INFO     | __main__:main:241 - Saved plot to images/mnsol-by-solute/v3-vs-rc1/Solute-c1cc[nH]c1-91.png
2025-09-25 16:37:15.827 | INFO     | __main__:main:225 - Plotting Solute: c1ccc2ccccc2c1 with 1 items
2025-09-25 16:37:15.899 | INFO     | __main__:main:241 - Saved plot to images/mnsol-by-solute/v3-vs-rc1/Solute-c1ccc2ccccc2c1-92.png
2025-09-25 16:37:15.899 | INFO     | __main__:main:225 - Plotting Solute: c1ccccc1 with 3 items
2025-09-25 16:37:16.014 | INFO     | __main__:main:241 - Saved plot to images/mnsol-by-solute/v3-vs-rc1/Solute-c1ccccc1-93.png
2025-09-25 16:37:16.014 | INFO     | __main__:main:225 - Plotting Solute: c1ccncc1 with 11 items
2025-09-25 16:37:16.167 | INFO     | __main__:main:241 - Saved plot to images/mnsol-by-solute/v3-vs-rc1/Solute-c1ccncc1-94.png
2025-09-25 16:37:16.167 | INFO     | __main__:main:225 - Plotting Solute: c1ccsc1 with 1 items
2025-09-25 16:37:16.237 | INFO     | __main__:main:241 - Saved plot to images/mnsol-by-solute/v3-vs-rc1/Solute-c1ccsc1-95.png
