2025-10-07 15:11:02.551 | INFO     | __main__:main:213 - 7 input files specified
2025-10-07 15:11:02.555 | INFO     | __main__:main:223 - Read 780 rows from output/phys-prop/density-all/stats/Sage-2.0.0.csv
2025-10-07 15:11:02.557 | INFO     | __main__:main:223 - Read 780 rows from output/phys-prop/density-all/stats/Sage-2.2.1.csv
2025-10-07 15:11:02.558 | INFO     | __main__:main:223 - Read 780 rows from output/phys-prop/density-all/stats/Sage-2.2.1-+-AshGC.csv
2025-10-07 15:11:02.560 | INFO     | __main__:main:223 - Read 780 rows from output/phys-prop/density-all/stats/Sage-2.3.0rc1.csv
2025-10-07 15:11:02.561 | INFO     | __main__:main:223 - Read 780 rows from output/phys-prop/density-all/stats/v0-k20.csv
2025-10-07 15:11:02.562 | INFO     | __main__:main:223 - Read 780 rows from output/phys-prop/density-all/stats/v1-k100.csv
2025-10-07 15:11:02.563 | INFO     | __main__:main:223 - Read 780 rows from output/phys-prop/density-all/stats/v3-k100.csv
2025-10-07 15:11:02.564 | INFO     | __main__:main:228 - Filtered to 3120 rows with given force fields
2025-10-07 15:11:02.996 | INFO     | __main__:main:249 - Saved plot to images/compare-refit/density-all/stats-1,2 Aminoalcohol.png
2025-10-07 15:11:03.267 | INFO     | __main__:main:249 - Saved plot to images/compare-refit/density-all/stats-1,2 Diol.png
2025-10-07 15:11:03.536 | INFO     | __main__:main:249 - Saved plot to images/compare-refit/density-all/stats-Acetal.png
2025-10-07 15:11:03.807 | INFO     | __main__:main:249 - Saved plot to images/compare-refit/density-all/stats-Alcohol.png
2025-10-07 15:11:04.071 | INFO     | __main__:main:249 - Saved plot to images/compare-refit/density-all/stats-Alkane.png
2025-10-07 15:11:04.330 | INFO     | __main__:main:249 - Saved plot to images/compare-refit/density-all/stats-Alkene.png
2025-10-07 15:11:04.636 | INFO     | __main__:main:249 - Saved plot to images/compare-refit/density-all/stats-Alkyl Bromide.png
2025-10-07 15:11:04.902 | INFO     | __main__:main:249 - Saved plot to images/compare-refit/density-all/stats-Alkyl Chloride.png
2025-10-07 15:11:05.158 | INFO     | __main__:main:249 - Saved plot to images/compare-refit/density-all/stats-Alkyl Fluoride.png
2025-10-07 15:11:05.416 | INFO     | __main__:main:249 - Saved plot to images/compare-refit/density-all/stats-Alkylarylether.png
2025-10-07 15:11:05.675 | INFO     | __main__:main:249 - Saved plot to images/compare-refit/density-all/stats-All.png
2025-10-07 15:11:05.988 | INFO     | __main__:main:249 - Saved plot to images/compare-refit/density-all/stats-Amine.png
2025-10-07 15:11:06.252 | INFO     | __main__:main:249 - Saved plot to images/compare-refit/density-all/stats-Aqueous.png
2025-10-07 15:11:06.511 | INFO     | __main__:main:249 - Saved plot to images/compare-refit/density-all/stats-Aromatic.png
2025-10-07 15:11:06.770 | INFO     | __main__:main:249 - Saved plot to images/compare-refit/density-all/stats-Aryl Chloride.png
2025-10-07 15:11:07.034 | INFO     | __main__:main:249 - Saved plot to images/compare-refit/density-all/stats-Carbonyl.png
2025-10-07 15:11:07.297 | INFO     | __main__:main:249 - Saved plot to images/compare-refit/density-all/stats-Carboxylic Acid Amide.png
2025-10-07 15:11:07.628 | INFO     | __main__:main:249 - Saved plot to images/compare-refit/density-all/stats-Carboxylic Acid Derivative.png
2025-10-07 15:11:07.892 | INFO     | __main__:main:249 - Saved plot to images/compare-refit/density-all/stats-Carboxylic Acid Ester.png
2025-10-07 15:11:08.150 | INFO     | __main__:main:249 - Saved plot to images/compare-refit/density-all/stats-Carboxylic Acid Tertiary Amide.png
2025-10-07 15:11:08.407 | INFO     | __main__:main:249 - Saved plot to images/compare-refit/density-all/stats-Dialkylether.png
2025-10-07 15:11:08.668 | INFO     | __main__:main:249 - Saved plot to images/compare-refit/density-all/stats-Ether.png
2025-10-07 15:11:08.972 | INFO     | __main__:main:249 - Saved plot to images/compare-refit/density-all/stats-Halogen Derivative.png
2025-10-07 15:11:09.235 | INFO     | __main__:main:249 - Saved plot to images/compare-refit/density-all/stats-Heterocycle.png
2025-10-07 15:11:09.498 | INFO     | __main__:main:249 - Saved plot to images/compare-refit/density-all/stats-Hydroxy.png
2025-10-07 15:11:09.750 | INFO     | __main__:main:249 - Saved plot to images/compare-refit/density-all/stats-Ketone.png
2025-10-07 15:11:10.007 | INFO     | __main__:main:249 - Saved plot to images/compare-refit/density-all/stats-Lactam.png
2025-10-07 15:11:10.277 | INFO     | __main__:main:249 - Saved plot to images/compare-refit/density-all/stats-Nitrile.png
2025-10-07 15:11:10.606 | INFO     | __main__:main:249 - Saved plot to images/compare-refit/density-all/stats-Orthocarboxylic Acid Derivative.png
2025-10-07 15:11:10.857 | INFO     | __main__:main:249 - Saved plot to images/compare-refit/density-all/stats-Primary Alcohol.png
2025-10-07 15:11:11.131 | INFO     | __main__:main:249 - Saved plot to images/compare-refit/density-all/stats-Primary Aliphatic Amine.png
2025-10-07 15:11:11.389 | INFO     | __main__:main:249 - Saved plot to images/compare-refit/density-all/stats-Primary Amine.png
2025-10-07 15:11:11.664 | INFO     | __main__:main:249 - Saved plot to images/compare-refit/density-all/stats-Primary Aromatic Amine.png
2025-10-07 15:11:12.002 | INFO     | __main__:main:249 - Saved plot to images/compare-refit/density-all/stats-Secondary Alcohol.png
2025-10-07 15:11:12.261 | INFO     | __main__:main:249 - Saved plot to images/compare-refit/density-all/stats-Secondary Aliphatic Amine.png
2025-10-07 15:11:12.535 | INFO     | __main__:main:249 - Saved plot to images/compare-refit/density-all/stats-Secondary Amine.png
2025-10-07 15:11:12.800 | INFO     | __main__:main:249 - Saved plot to images/compare-refit/density-all/stats-Secondary Mixed Amine.png
2025-10-07 15:11:13.058 | INFO     | __main__:main:249 - Saved plot to images/compare-refit/density-all/stats-Tertiary Alcohol.png
2025-10-07 15:11:13.318 | INFO     | __main__:main:249 - Saved plot to images/compare-refit/density-all/stats-Tertiary Aliphatic Amine.png
2025-10-07 15:11:13.633 | INFO     | __main__:main:249 - Saved plot to images/compare-refit/density-all/stats-Tertiary Amine.png
2025-10-07 15:11:13.894 | INFO     | __main__:main:249 - Saved plot to images/compare-refit/density-all/stats-a1.png
2025-10-07 15:11:14.154 | INFO     | __main__:main:249 - Saved plot to images/compare-refit/density-all/stats-a10.png
2025-10-07 15:11:14.414 | INFO     | __main__:main:249 - Saved plot to images/compare-refit/density-all/stats-a10a.png
2025-10-07 15:11:14.665 | INFO     | __main__:main:249 - Saved plot to images/compare-refit/density-all/stats-a11.png
2025-10-07 15:11:14.996 | INFO     | __main__:main:249 - Saved plot to images/compare-refit/density-all/stats-a11a.png
2025-10-07 15:11:15.265 | INFO     | __main__:main:249 - Saved plot to images/compare-refit/density-all/stats-a12.png
2025-10-07 15:11:15.526 | INFO     | __main__:main:249 - Saved plot to images/compare-refit/density-all/stats-a14.png
2025-10-07 15:11:15.789 | INFO     | __main__:main:249 - Saved plot to images/compare-refit/density-all/stats-a15.png
2025-10-07 15:11:16.054 | INFO     | __main__:main:249 - Saved plot to images/compare-refit/density-all/stats-a16.png
2025-10-07 15:11:16.312 | INFO     | __main__:main:249 - Saved plot to images/compare-refit/density-all/stats-a18.png
2025-10-07 15:11:16.663 | INFO     | __main__:main:249 - Saved plot to images/compare-refit/density-all/stats-a18a.png
2025-10-07 15:11:16.915 | INFO     | __main__:main:249 - Saved plot to images/compare-refit/density-all/stats-a19.png
2025-10-07 15:11:17.181 | INFO     | __main__:main:249 - Saved plot to images/compare-refit/density-all/stats-a2.png
2025-10-07 15:11:17.438 | INFO     | __main__:main:249 - Saved plot to images/compare-refit/density-all/stats-a20.png
2025-10-07 15:11:17.685 | INFO     | __main__:main:249 - Saved plot to images/compare-refit/density-all/stats-a21.png
2025-10-07 15:11:17.951 | INFO     | __main__:main:249 - Saved plot to images/compare-refit/density-all/stats-a22.png
2025-10-07 15:11:18.302 | INFO     | __main__:main:249 - Saved plot to images/compare-refit/density-all/stats-a28.png
2025-10-07 15:11:18.571 | INFO     | __main__:main:249 - Saved plot to images/compare-refit/density-all/stats-a28a.png
2025-10-07 15:11:18.836 | INFO     | __main__:main:249 - Saved plot to images/compare-refit/density-all/stats-a41.png
2025-10-07 15:11:19.114 | INFO     | __main__:main:249 - Saved plot to images/compare-refit/density-all/stats-b1.png
2025-10-07 15:11:19.375 | INFO     | __main__:main:249 - Saved plot to images/compare-refit/density-all/stats-b10.png
2025-10-07 15:11:19.689 | INFO     | __main__:main:249 - Saved plot to images/compare-refit/density-all/stats-b12.png
2025-10-07 15:11:19.952 | INFO     | __main__:main:249 - Saved plot to images/compare-refit/density-all/stats-b13.png
2025-10-07 15:11:20.224 | INFO     | __main__:main:249 - Saved plot to images/compare-refit/density-all/stats-b14.png
2025-10-07 15:11:20.498 | INFO     | __main__:main:249 - Saved plot to images/compare-refit/density-all/stats-b16.png
2025-10-07 15:11:20.758 | INFO     | __main__:main:249 - Saved plot to images/compare-refit/density-all/stats-b18.png
2025-10-07 15:11:21.016 | INFO     | __main__:main:249 - Saved plot to images/compare-refit/density-all/stats-b19.png
2025-10-07 15:11:21.339 | INFO     | __main__:main:249 - Saved plot to images/compare-refit/density-all/stats-b2.png
2025-10-07 15:11:21.602 | INFO     | __main__:main:249 - Saved plot to images/compare-refit/density-all/stats-b20.png
2025-10-07 15:11:21.864 | INFO     | __main__:main:249 - Saved plot to images/compare-refit/density-all/stats-b21.png
2025-10-07 15:11:22.133 | INFO     | __main__:main:249 - Saved plot to images/compare-refit/density-all/stats-b25.png
2025-10-07 15:11:22.404 | INFO     | __main__:main:249 - Saved plot to images/compare-refit/density-all/stats-b27.png
2025-10-07 15:11:22.725 | INFO     | __main__:main:249 - Saved plot to images/compare-refit/density-all/stats-b3.png
2025-10-07 15:11:22.999 | INFO     | __main__:main:249 - Saved plot to images/compare-refit/density-all/stats-b4.png
2025-10-07 15:11:23.640 | INFO     | __main__:main:249 - Saved plot to images/compare-refit/density-all/stats-b5.png
2025-10-07 15:11:24.064 | INFO     | __main__:main:249 - Saved plot to images/compare-refit/density-all/stats-b6.png
2025-10-07 15:11:24.388 | INFO     | __main__:main:249 - Saved plot to images/compare-refit/density-all/stats-b69.png
2025-10-07 15:11:24.718 | INFO     | __main__:main:249 - Saved plot to images/compare-refit/density-all/stats-b7.png
2025-10-07 15:11:25.115 | INFO     | __main__:main:249 - Saved plot to images/compare-refit/density-all/stats-b70.png
2025-10-07 15:11:25.394 | INFO     | __main__:main:249 - Saved plot to images/compare-refit/density-all/stats-b71.png
2025-10-07 15:11:25.654 | INFO     | __main__:main:249 - Saved plot to images/compare-refit/density-all/stats-b73.png
2025-10-07 15:11:25.926 | INFO     | __main__:main:249 - Saved plot to images/compare-refit/density-all/stats-b8.png
2025-10-07 15:11:26.206 | INFO     | __main__:main:249 - Saved plot to images/compare-refit/density-all/stats-b84.png
2025-10-07 15:11:26.534 | INFO     | __main__:main:249 - Saved plot to images/compare-refit/density-all/stats-b85.png
2025-10-07 15:11:26.797 | INFO     | __main__:main:249 - Saved plot to images/compare-refit/density-all/stats-b87.png
2025-10-07 15:11:27.055 | INFO     | __main__:main:249 - Saved plot to images/compare-refit/density-all/stats-b88.png
2025-10-07 15:11:27.323 | INFO     | __main__:main:249 - Saved plot to images/compare-refit/density-all/stats-b9.png
2025-10-07 15:11:27.592 | INFO     | __main__:main:249 - Saved plot to images/compare-refit/density-all/stats-i1.png
2025-10-07 15:11:27.860 | INFO     | __main__:main:249 - Saved plot to images/compare-refit/density-all/stats-i2.png
2025-10-07 15:11:28.208 | INFO     | __main__:main:249 - Saved plot to images/compare-refit/density-all/stats-i4.png
2025-10-07 15:11:28.472 | INFO     | __main__:main:249 - Saved plot to images/compare-refit/density-all/stats-i6.png
2025-10-07 15:11:28.736 | INFO     | __main__:main:249 - Saved plot to images/compare-refit/density-all/stats-n-tip3p-H.png
2025-10-07 15:11:28.995 | INFO     | __main__:main:249 - Saved plot to images/compare-refit/density-all/stats-n-tip3p-O.png
2025-10-07 15:11:29.263 | INFO     | __main__:main:249 - Saved plot to images/compare-refit/density-all/stats-n11.png
2025-10-07 15:11:29.540 | INFO     | __main__:main:249 - Saved plot to images/compare-refit/density-all/stats-n12.png
2025-10-07 15:11:29.876 | INFO     | __main__:main:249 - Saved plot to images/compare-refit/density-all/stats-n14.png
2025-10-07 15:11:30.152 | INFO     | __main__:main:249 - Saved plot to images/compare-refit/density-all/stats-n15.png
2025-10-07 15:11:30.414 | INFO     | __main__:main:249 - Saved plot to images/compare-refit/density-all/stats-n16.png
2025-10-07 15:11:30.676 | INFO     | __main__:main:249 - Saved plot to images/compare-refit/density-all/stats-n17.png
2025-10-07 15:11:30.937 | INFO     | __main__:main:249 - Saved plot to images/compare-refit/density-all/stats-n18.png
2025-10-07 15:11:31.263 | INFO     | __main__:main:249 - Saved plot to images/compare-refit/density-all/stats-n19.png
2025-10-07 15:11:31.534 | INFO     | __main__:main:249 - Saved plot to images/compare-refit/density-all/stats-n2.png
2025-10-07 15:11:31.805 | INFO     | __main__:main:249 - Saved plot to images/compare-refit/density-all/stats-n20.png
2025-10-07 15:11:32.086 | INFO     | __main__:main:249 - Saved plot to images/compare-refit/density-all/stats-n23.png
2025-10-07 15:11:32.353 | INFO     | __main__:main:249 - Saved plot to images/compare-refit/density-all/stats-n24.png
2025-10-07 15:11:32.611 | INFO     | __main__:main:249 - Saved plot to images/compare-refit/density-all/stats-n25.png
2025-10-07 15:11:32.955 | INFO     | __main__:main:249 - Saved plot to images/compare-refit/density-all/stats-n3.png
2025-10-07 15:11:33.222 | INFO     | __main__:main:249 - Saved plot to images/compare-refit/density-all/stats-n4.png
2025-10-07 15:11:33.496 | INFO     | __main__:main:249 - Saved plot to images/compare-refit/density-all/stats-n7.png
2025-10-07 15:11:33.768 | INFO     | __main__:main:249 - Saved plot to images/compare-refit/density-all/stats-n8.png
2025-10-07 15:11:34.045 | INFO     | __main__:main:249 - Saved plot to images/compare-refit/density-all/stats-n9.png
2025-10-07 15:11:34.378 | INFO     | __main__:main:249 - Saved plot to images/compare-refit/density-all/stats-t1.png
2025-10-07 15:11:34.636 | INFO     | __main__:main:249 - Saved plot to images/compare-refit/density-all/stats-t10.png
2025-10-07 15:11:34.899 | INFO     | __main__:main:249 - Saved plot to images/compare-refit/density-all/stats-t105.png
2025-10-07 15:11:35.165 | INFO     | __main__:main:249 - Saved plot to images/compare-refit/density-all/stats-t106.png
2025-10-07 15:11:35.429 | INFO     | __main__:main:249 - Saved plot to images/compare-refit/density-all/stats-t107.png
2025-10-07 15:11:35.688 | INFO     | __main__:main:249 - Saved plot to images/compare-refit/density-all/stats-t108.png
2025-10-07 15:11:36.011 | INFO     | __main__:main:249 - Saved plot to images/compare-refit/density-all/stats-t11.png
2025-10-07 15:11:36.273 | INFO     | __main__:main:249 - Saved plot to images/compare-refit/density-all/stats-t110.png
2025-10-07 15:11:36.530 | INFO     | __main__:main:249 - Saved plot to images/compare-refit/density-all/stats-t12.png
2025-10-07 15:11:36.804 | INFO     | __main__:main:249 - Saved plot to images/compare-refit/density-all/stats-t166.png
2025-10-07 15:11:37.075 | INFO     | __main__:main:249 - Saved plot to images/compare-refit/density-all/stats-t17.png
2025-10-07 15:11:37.353 | INFO     | __main__:main:249 - Saved plot to images/compare-refit/density-all/stats-t17a.png
2025-10-07 15:11:37.682 | INFO     | __main__:main:249 - Saved plot to images/compare-refit/density-all/stats-t18.png
2025-10-07 15:11:37.943 | INFO     | __main__:main:249 - Saved plot to images/compare-refit/density-all/stats-t19.png
2025-10-07 15:11:38.206 | INFO     | __main__:main:249 - Saved plot to images/compare-refit/density-all/stats-t2.png
2025-10-07 15:11:38.463 | INFO     | __main__:main:249 - Saved plot to images/compare-refit/density-all/stats-t20.png
2025-10-07 15:11:38.730 | INFO     | __main__:main:249 - Saved plot to images/compare-refit/density-all/stats-t23.png
2025-10-07 15:11:39.051 | INFO     | __main__:main:249 - Saved plot to images/compare-refit/density-all/stats-t3.png
2025-10-07 15:11:39.323 | INFO     | __main__:main:249 - Saved plot to images/compare-refit/density-all/stats-t4.png
2025-10-07 15:11:39.589 | INFO     | __main__:main:249 - Saved plot to images/compare-refit/density-all/stats-t44.png
2025-10-07 15:11:39.866 | INFO     | __main__:main:249 - Saved plot to images/compare-refit/density-all/stats-t45.png
2025-10-07 15:11:40.132 | INFO     | __main__:main:249 - Saved plot to images/compare-refit/density-all/stats-t5.png
2025-10-07 15:11:40.393 | INFO     | __main__:main:249 - Saved plot to images/compare-refit/density-all/stats-t51.png
2025-10-07 15:11:40.718 | INFO     | __main__:main:249 - Saved plot to images/compare-refit/density-all/stats-t58a.png
2025-10-07 15:11:40.982 | INFO     | __main__:main:249 - Saved plot to images/compare-refit/density-all/stats-t6.png
2025-10-07 15:11:41.248 | INFO     | __main__:main:249 - Saved plot to images/compare-refit/density-all/stats-t64.png
2025-10-07 15:11:41.519 | INFO     | __main__:main:249 - Saved plot to images/compare-refit/density-all/stats-t67.png
2025-10-07 15:11:41.794 | INFO     | __main__:main:249 - Saved plot to images/compare-refit/density-all/stats-t7.png
2025-10-07 15:11:42.131 | INFO     | __main__:main:249 - Saved plot to images/compare-refit/density-all/stats-t71.png
2025-10-07 15:11:42.404 | INFO     | __main__:main:249 - Saved plot to images/compare-refit/density-all/stats-t72.png
2025-10-07 15:11:42.670 | INFO     | __main__:main:249 - Saved plot to images/compare-refit/density-all/stats-t74.png
2025-10-07 15:11:42.943 | INFO     | __main__:main:249 - Saved plot to images/compare-refit/density-all/stats-t75.png
2025-10-07 15:11:43.211 | INFO     | __main__:main:249 - Saved plot to images/compare-refit/density-all/stats-t77.png
2025-10-07 15:11:43.478 | INFO     | __main__:main:249 - Saved plot to images/compare-refit/density-all/stats-t8.png
2025-10-07 15:11:43.804 | INFO     | __main__:main:249 - Saved plot to images/compare-refit/density-all/stats-t80.png
2025-10-07 15:11:44.073 | INFO     | __main__:main:249 - Saved plot to images/compare-refit/density-all/stats-t84.png
2025-10-07 15:11:44.349 | INFO     | __main__:main:249 - Saved plot to images/compare-refit/density-all/stats-t85.png
2025-10-07 15:11:44.611 | INFO     | __main__:main:249 - Saved plot to images/compare-refit/density-all/stats-t86.png
2025-10-07 15:11:44.867 | INFO     | __main__:main:249 - Saved plot to images/compare-refit/density-all/stats-t9.png
2025-10-07 15:11:45.123 | INFO     | __main__:main:249 - Saved plot to images/compare-refit/density-all/stats-t93.png
2025-10-07 15:11:45.430 | INFO     | __main__:main:249 - Saved plot to images/compare-refit/density-all/stats-t94.png
2025-10-07 15:11:45.673 | INFO     | __main__:main:249 - Saved plot to images/compare-refit/density-all/stats-t95.png
2025-10-07 15:11:45.925 | INFO     | __main__:main:249 - Saved plot to images/compare-refit/density-all/stats-t96.png
2025-10-07 15:11:46.173 | INFO     | __main__:main:249 - Saved plot to images/compare-refit/density-all/stats-t97.png
2025-10-07 15:11:46.425 | INFO     | __main__:main:249 - Saved plot to images/compare-refit/density-all/stats-t98.png
