2025-09-15 15:10:22.549 | INFO     | __main__:main:325 - Reading statistics from output/sfes/mnsol/stats/Sage-2.2.1-+-ELF10.csv
2025-09-15 15:10:22.551 | INFO     | __main__:main:325 - Reading statistics from output/sfes/mnsol/stats/Sage-2.2.1-+-AshGC.csv
2025-09-15 15:10:22.552 | INFO     | __main__:main:325 - Reading statistics from output/sfes/mnsol/stats/Sage-2.3.0rc1.csv
2025-09-15 15:10:22.553 | INFO     | __main__:main:325 - Reading statistics from output/sfes/mnsol/stats/v1-k100.csv
2025-09-15 15:10:22.554 | INFO     | __main__:main:325 - Reading statistics from output/sfes/mnsol/stats/v3-k100.csv
2025-09-15 15:10:23.397 | INFO     | __main__:main:369 - Saved scatter plot for group All to images/sfe-scatters/mnsol/scatter-All.png
2025-09-15 15:10:23.398 | INFO     | __main__:main:337 - Skipping group 1,2 Diol with 0 entries (< 10)
2025-09-15 15:10:23.945 | INFO     | __main__:main:369 - Saved scatter plot for group Alcohol to images/sfe-scatters/mnsol/scatter-Alcohol.png
2025-09-15 15:10:24.467 | INFO     | __main__:main:369 - Saved scatter plot for group Aldehyde to images/sfe-scatters/mnsol/scatter-Aldehyde.png
2025-09-15 15:10:25.051 | INFO     | __main__:main:369 - Saved scatter plot for group Alkane to images/sfe-scatters/mnsol/scatter-Alkane.png
2025-09-15 15:10:25.052 | INFO     | __main__:main:337 - Skipping group Alkene with 3 entries (< 10)
2025-09-15 15:10:25.554 | INFO     | __main__:main:369 - Saved scatter plot for group Alkyl Bromide to images/sfe-scatters/mnsol/scatter-Alkyl Bromide.png
2025-09-15 15:10:26.061 | INFO     | __main__:main:369 - Saved scatter plot for group Alkyl Chloride to images/sfe-scatters/mnsol/scatter-Alkyl Chloride.png
2025-09-15 15:10:26.619 | INFO     | __main__:main:369 - Saved scatter plot for group Alkylarylether to images/sfe-scatters/mnsol/scatter-Alkylarylether.png
2025-09-15 15:10:26.620 | INFO     | __main__:main:337 - Skipping group Alkylthiol with 3 entries (< 10)
2025-09-15 15:10:27.147 | INFO     | __main__:main:369 - Saved scatter plot for group Amine to images/sfe-scatters/mnsol/scatter-Amine.png
2025-09-15 15:10:27.693 | INFO     | __main__:main:369 - Saved scatter plot for group Aromatic to images/sfe-scatters/mnsol/scatter-Aromatic.png
2025-09-15 15:10:28.207 | INFO     | __main__:main:369 - Saved scatter plot for group Aryl Bromide to images/sfe-scatters/mnsol/scatter-Aryl Bromide.png
2025-09-15 15:10:28.207 | INFO     | __main__:main:337 - Skipping group Aryl Chloride with 9 entries (< 10)
2025-09-15 15:10:28.781 | INFO     | __main__:main:369 - Saved scatter plot for group Carbonyl to images/sfe-scatters/mnsol/scatter-Carbonyl.png
2025-09-15 15:10:29.281 | INFO     | __main__:main:369 - Saved scatter plot for group Carboxylic Acid Amide to images/sfe-scatters/mnsol/scatter-Carboxylic Acid Amide.png
2025-09-15 15:10:29.775 | INFO     | __main__:main:369 - Saved scatter plot for group Carboxylic Acid Derivative to images/sfe-scatters/mnsol/scatter-Carboxylic Acid Derivative.png
2025-09-15 15:10:30.345 | INFO     | __main__:main:369 - Saved scatter plot for group Carboxylic Acid Ester to images/sfe-scatters/mnsol/scatter-Carboxylic Acid Ester.png
2025-09-15 15:10:30.345 | INFO     | __main__:main:337 - Skipping group Carboxylic Acid Primary Amide with 7 entries (< 10)
2025-09-15 15:10:30.345 | INFO     | __main__:main:337 - Skipping group Carboxylic Acid Secondary Amide with 5 entries (< 10)
2025-09-15 15:10:30.842 | INFO     | __main__:main:369 - Saved scatter plot for group Carboxylic Acid Tertiary Amide to images/sfe-scatters/mnsol/scatter-Carboxylic Acid Tertiary Amide.png
2025-09-15 15:10:31.352 | INFO     | __main__:main:369 - Saved scatter plot for group Dialkylether to images/sfe-scatters/mnsol/scatter-Dialkylether.png
2025-09-15 15:10:31.887 | INFO     | __main__:main:369 - Saved scatter plot for group Ether to images/sfe-scatters/mnsol/scatter-Ether.png
2025-09-15 15:10:32.458 | INFO     | __main__:main:369 - Saved scatter plot for group Halogen Derivative to images/sfe-scatters/mnsol/scatter-Halogen Derivative.png
2025-09-15 15:10:32.992 | INFO     | __main__:main:369 - Saved scatter plot for group Heterocycle to images/sfe-scatters/mnsol/scatter-Heterocycle.png
2025-09-15 15:10:33.539 | INFO     | __main__:main:369 - Saved scatter plot for group Hydroxy to images/sfe-scatters/mnsol/scatter-Hydroxy.png
2025-09-15 15:10:34.104 | INFO     | __main__:main:369 - Saved scatter plot for group Ketone to images/sfe-scatters/mnsol/scatter-Ketone.png
2025-09-15 15:10:34.105 | INFO     | __main__:main:337 - Skipping group Lactam with 1 entries (< 10)
2025-09-15 15:10:34.105 | INFO     | __main__:main:337 - Skipping group Lactone with 2 entries (< 10)
2025-09-15 15:10:34.105 | INFO     | __main__:main:337 - Skipping group Nitrile with 2 entries (< 10)
2025-09-15 15:10:34.105 | INFO     | __main__:main:337 - Skipping group Nitro Compound with 0 entries (< 10)
2025-09-15 15:10:34.105 | INFO     | __main__:main:337 - Skipping group Oxohetarene with 4 entries (< 10)
2025-09-15 15:10:34.619 | INFO     | __main__:main:369 - Saved scatter plot for group Phenol to images/sfe-scatters/mnsol/scatter-Phenol.png
2025-09-15 15:10:35.124 | INFO     | __main__:main:369 - Saved scatter plot for group Phosphoric Acid Derivative to images/sfe-scatters/mnsol/scatter-Phosphoric Acid Derivative.png
2025-09-15 15:10:35.635 | INFO     | __main__:main:369 - Saved scatter plot for group Phosphoric Acid Ester to images/sfe-scatters/mnsol/scatter-Phosphoric Acid Ester.png
2025-09-15 15:10:36.231 | INFO     | __main__:main:369 - Saved scatter plot for group Primary Alcohol to images/sfe-scatters/mnsol/scatter-Primary Alcohol.png
2025-09-15 15:10:36.741 | INFO     | __main__:main:369 - Saved scatter plot for group Primary Aliphatic Amine to images/sfe-scatters/mnsol/scatter-Primary Aliphatic Amine.png
2025-09-15 15:10:37.246 | INFO     | __main__:main:369 - Saved scatter plot for group Primary Amine to images/sfe-scatters/mnsol/scatter-Primary Amine.png
2025-09-15 15:10:37.772 | INFO     | __main__:main:369 - Saved scatter plot for group Primary Aromatic Amine to images/sfe-scatters/mnsol/scatter-Primary Aromatic Amine.png
2025-09-15 15:10:37.772 | INFO     | __main__:main:337 - Skipping group Secondary Alcohol with 8 entries (< 10)
2025-09-15 15:10:38.360 | INFO     | __main__:main:369 - Saved scatter plot for group Secondary Aliphatic Amine to images/sfe-scatters/mnsol/scatter-Secondary Aliphatic Amine.png
2025-09-15 15:10:38.897 | INFO     | __main__:main:369 - Saved scatter plot for group Secondary Amine to images/sfe-scatters/mnsol/scatter-Secondary Amine.png
2025-09-15 15:10:38.898 | INFO     | __main__:main:337 - Skipping group Secondary Mixed Amine with 1 entries (< 10)
2025-09-15 15:10:38.898 | INFO     | __main__:main:337 - Skipping group Tertiary Alcohol with 3 entries (< 10)
2025-09-15 15:10:39.419 | INFO     | __main__:main:369 - Saved scatter plot for group Tertiary Aliphatic Amine to images/sfe-scatters/mnsol/scatter-Tertiary Aliphatic Amine.png
2025-09-15 15:10:39.940 | INFO     | __main__:main:369 - Saved scatter plot for group Tertiary Amine to images/sfe-scatters/mnsol/scatter-Tertiary Amine.png
2025-09-15 15:10:39.941 | INFO     | __main__:main:337 - Skipping group Thioether with 1 entries (< 10)
2025-09-15 15:10:39.941 | INFO     | __main__:main:337 - Skipping group Thiol with 3 entries (< 10)
2025-09-15 15:10:40.558 | INFO     | __main__:main:369 - Saved scatter plot for group b1 to images/sfe-scatters/mnsol/scatter-b1.png
2025-09-15 15:10:41.082 | INFO     | __main__:main:369 - Saved scatter plot for group b2 to images/sfe-scatters/mnsol/scatter-b2.png
2025-09-15 15:10:41.625 | INFO     | __main__:main:369 - Saved scatter plot for group b3 to images/sfe-scatters/mnsol/scatter-b3.png
2025-09-15 15:10:42.204 | INFO     | __main__:main:369 - Saved scatter plot for group b4 to images/sfe-scatters/mnsol/scatter-b4.png
2025-09-15 15:10:42.744 | INFO     | __main__:main:369 - Saved scatter plot for group b5 to images/sfe-scatters/mnsol/scatter-b5.png
2025-09-15 15:10:43.255 | INFO     | __main__:main:369 - Saved scatter plot for group b6 to images/sfe-scatters/mnsol/scatter-b6.png
2025-09-15 15:10:43.821 | INFO     | __main__:main:369 - Saved scatter plot for group b7 to images/sfe-scatters/mnsol/scatter-b7.png
2025-09-15 15:10:44.352 | INFO     | __main__:main:369 - Saved scatter plot for group b8 to images/sfe-scatters/mnsol/scatter-b8.png
2025-09-15 15:10:44.353 | INFO     | __main__:main:337 - Skipping group b8a with 0 entries (< 10)
2025-09-15 15:10:44.880 | INFO     | __main__:main:369 - Saved scatter plot for group b9 to images/sfe-scatters/mnsol/scatter-b9.png
2025-09-15 15:10:45.409 | INFO     | __main__:main:369 - Saved scatter plot for group b10 to images/sfe-scatters/mnsol/scatter-b10.png
2025-09-15 15:10:45.966 | INFO     | __main__:main:369 - Saved scatter plot for group b12 to images/sfe-scatters/mnsol/scatter-b12.png
2025-09-15 15:10:46.517 | INFO     | __main__:main:369 - Saved scatter plot for group b14 to images/sfe-scatters/mnsol/scatter-b14.png
2025-09-15 15:10:47.048 | INFO     | __main__:main:369 - Saved scatter plot for group b16 to images/sfe-scatters/mnsol/scatter-b16.png
2025-09-15 15:10:47.049 | INFO     | __main__:main:337 - Skipping group b17 with 1 entries (< 10)
2025-09-15 15:10:47.619 | INFO     | __main__:main:369 - Saved scatter plot for group b18 to images/sfe-scatters/mnsol/scatter-b18.png
2025-09-15 15:10:48.138 | INFO     | __main__:main:369 - Saved scatter plot for group b19 to images/sfe-scatters/mnsol/scatter-b19.png
2025-09-15 15:10:48.659 | INFO     | __main__:main:369 - Saved scatter plot for group b20 to images/sfe-scatters/mnsol/scatter-b20.png
2025-09-15 15:10:49.192 | INFO     | __main__:main:369 - Saved scatter plot for group b21 to images/sfe-scatters/mnsol/scatter-b21.png
2025-09-15 15:10:49.192 | INFO     | __main__:main:337 - Skipping group b24 with 2 entries (< 10)
2025-09-15 15:10:49.192 | INFO     | __main__:main:337 - Skipping group b27 with 2 entries (< 10)
2025-09-15 15:10:49.193 | INFO     | __main__:main:337 - Skipping group b42 with 0 entries (< 10)
2025-09-15 15:10:49.193 | INFO     | __main__:main:337 - Skipping group b45 with 4 entries (< 10)
2025-09-15 15:10:49.193 | INFO     | __main__:main:337 - Skipping group b51 with 4 entries (< 10)
2025-09-15 15:10:49.193 | INFO     | __main__:main:337 - Skipping group b52 with 2 entries (< 10)
2025-09-15 15:10:49.768 | INFO     | __main__:main:369 - Saved scatter plot for group b64 to images/sfe-scatters/mnsol/scatter-b64.png
2025-09-15 15:10:50.281 | INFO     | __main__:main:369 - Saved scatter plot for group b65 to images/sfe-scatters/mnsol/scatter-b65.png
2025-09-15 15:10:50.785 | INFO     | __main__:main:369 - Saved scatter plot for group b70 to images/sfe-scatters/mnsol/scatter-b70.png
2025-09-15 15:10:51.291 | INFO     | __main__:main:369 - Saved scatter plot for group b71 to images/sfe-scatters/mnsol/scatter-b71.png
2025-09-15 15:10:51.858 | INFO     | __main__:main:369 - Saved scatter plot for group b72 to images/sfe-scatters/mnsol/scatter-b72.png
2025-09-15 15:10:52.361 | INFO     | __main__:main:369 - Saved scatter plot for group b73 to images/sfe-scatters/mnsol/scatter-b73.png
2025-09-15 15:10:52.965 | INFO     | __main__:main:369 - Saved scatter plot for group b84 to images/sfe-scatters/mnsol/scatter-b84.png
2025-09-15 15:10:53.586 | INFO     | __main__:main:369 - Saved scatter plot for group b85 to images/sfe-scatters/mnsol/scatter-b85.png
2025-09-15 15:10:54.146 | INFO     | __main__:main:369 - Saved scatter plot for group b87 to images/sfe-scatters/mnsol/scatter-b87.png
2025-09-15 15:10:54.705 | INFO     | __main__:main:369 - Saved scatter plot for group b88 to images/sfe-scatters/mnsol/scatter-b88.png
2025-09-15 15:10:55.342 | INFO     | __main__:main:369 - Saved scatter plot for group a1 to images/sfe-scatters/mnsol/scatter-a1.png
2025-09-15 15:10:55.924 | INFO     | __main__:main:369 - Saved scatter plot for group a2 to images/sfe-scatters/mnsol/scatter-a2.png
2025-09-15 15:10:56.526 | INFO     | __main__:main:369 - Saved scatter plot for group a10 to images/sfe-scatters/mnsol/scatter-a10.png
2025-09-15 15:10:57.050 | INFO     | __main__:main:369 - Saved scatter plot for group a10a to images/sfe-scatters/mnsol/scatter-a10a.png
2025-09-15 15:10:57.600 | INFO     | __main__:main:369 - Saved scatter plot for group a11 to images/sfe-scatters/mnsol/scatter-a11.png
2025-09-15 15:10:58.171 | INFO     | __main__:main:369 - Saved scatter plot for group a11a to images/sfe-scatters/mnsol/scatter-a11a.png
2025-09-15 15:10:58.172 | INFO     | __main__:main:337 - Skipping group a12 with 7 entries (< 10)
2025-09-15 15:10:58.172 | INFO     | __main__:main:337 - Skipping group a14 with 5 entries (< 10)
2025-09-15 15:10:58.708 | INFO     | __main__:main:369 - Saved scatter plot for group a15 to images/sfe-scatters/mnsol/scatter-a15.png
2025-09-15 15:10:58.709 | INFO     | __main__:main:337 - Skipping group a16 with 2 entries (< 10)
2025-09-15 15:10:59.247 | INFO     | __main__:main:369 - Saved scatter plot for group a18 to images/sfe-scatters/mnsol/scatter-a18.png
2025-09-15 15:10:59.746 | INFO     | __main__:main:369 - Saved scatter plot for group a19 to images/sfe-scatters/mnsol/scatter-a19.png
2025-09-15 15:11:00.327 | INFO     | __main__:main:369 - Saved scatter plot for group a20 to images/sfe-scatters/mnsol/scatter-a20.png
2025-09-15 15:11:00.854 | INFO     | __main__:main:369 - Saved scatter plot for group a21 to images/sfe-scatters/mnsol/scatter-a21.png
2025-09-15 15:11:01.366 | INFO     | __main__:main:369 - Saved scatter plot for group a22 to images/sfe-scatters/mnsol/scatter-a22.png
2025-09-15 15:11:01.367 | INFO     | __main__:main:337 - Skipping group a25 with 0 entries (< 10)
2025-09-15 15:11:01.367 | INFO     | __main__:main:337 - Skipping group a26 with 0 entries (< 10)
2025-09-15 15:11:01.959 | INFO     | __main__:main:369 - Saved scatter plot for group a28 to images/sfe-scatters/mnsol/scatter-a28.png
2025-09-15 15:11:02.514 | INFO     | __main__:main:369 - Saved scatter plot for group a28a to images/sfe-scatters/mnsol/scatter-a28a.png
2025-09-15 15:11:02.514 | INFO     | __main__:main:337 - Skipping group a34 with 4 entries (< 10)
2025-09-15 15:11:02.514 | INFO     | __main__:main:337 - Skipping group a38 with 1 entries (< 10)
2025-09-15 15:11:03.044 | INFO     | __main__:main:369 - Saved scatter plot for group a40 to images/sfe-scatters/mnsol/scatter-a40.png
2025-09-15 15:11:03.545 | INFO     | __main__:main:369 - Saved scatter plot for group a41 to images/sfe-scatters/mnsol/scatter-a41.png
2025-09-15 15:11:03.546 | INFO     | __main__:main:337 - Skipping group a41a with 1 entries (< 10)
2025-09-15 15:11:03.546 | INFO     | __main__:main:337 - Skipping group a18a with 2 entries (< 10)
2025-09-15 15:11:04.171 | INFO     | __main__:main:369 - Saved scatter plot for group t1 to images/sfe-scatters/mnsol/scatter-t1.png
2025-09-15 15:11:04.718 | INFO     | __main__:main:369 - Saved scatter plot for group t2 to images/sfe-scatters/mnsol/scatter-t2.png
2025-09-15 15:11:05.335 | INFO     | __main__:main:369 - Saved scatter plot for group t3 to images/sfe-scatters/mnsol/scatter-t3.png
2025-09-15 15:11:05.904 | INFO     | __main__:main:369 - Saved scatter plot for group t4 to images/sfe-scatters/mnsol/scatter-t4.png
2025-09-15 15:11:06.411 | INFO     | __main__:main:369 - Saved scatter plot for group t5 to images/sfe-scatters/mnsol/scatter-t5.png
2025-09-15 15:11:07.021 | INFO     | __main__:main:369 - Saved scatter plot for group t9 to images/sfe-scatters/mnsol/scatter-t9.png
2025-09-15 15:11:07.539 | INFO     | __main__:main:369 - Saved scatter plot for group t11 to images/sfe-scatters/mnsol/scatter-t11.png
2025-09-15 15:11:08.044 | INFO     | __main__:main:369 - Saved scatter plot for group t12 to images/sfe-scatters/mnsol/scatter-t12.png
2025-09-15 15:11:08.556 | INFO     | __main__:main:369 - Saved scatter plot for group t17 to images/sfe-scatters/mnsol/scatter-t17.png
2025-09-15 15:11:09.114 | INFO     | __main__:main:369 - Saved scatter plot for group t17a to images/sfe-scatters/mnsol/scatter-t17a.png
2025-09-15 15:11:09.641 | INFO     | __main__:main:369 - Saved scatter plot for group t18 to images/sfe-scatters/mnsol/scatter-t18.png
2025-09-15 15:11:10.189 | INFO     | __main__:main:369 - Saved scatter plot for group t19 to images/sfe-scatters/mnsol/scatter-t19.png
2025-09-15 15:11:10.190 | INFO     | __main__:main:337 - Skipping group t20 with 3 entries (< 10)
2025-09-15 15:11:10.190 | INFO     | __main__:main:337 - Skipping group t23 with 1 entries (< 10)
2025-09-15 15:11:10.190 | INFO     | __main__:main:337 - Skipping group t43 with 2 entries (< 10)
2025-09-15 15:11:10.190 | INFO     | __main__:main:337 - Skipping group t43a with 1 entries (< 10)
2025-09-15 15:11:10.790 | INFO     | __main__:main:369 - Saved scatter plot for group t44 to images/sfe-scatters/mnsol/scatter-t44.png
2025-09-15 15:11:11.299 | INFO     | __main__:main:369 - Saved scatter plot for group t45 to images/sfe-scatters/mnsol/scatter-t45.png
2025-09-15 15:11:11.836 | INFO     | __main__:main:369 - Saved scatter plot for group t47 to images/sfe-scatters/mnsol/scatter-t47.png
2025-09-15 15:11:11.836 | INFO     | __main__:main:337 - Skipping group t47a with 2 entries (< 10)
2025-09-15 15:11:11.836 | INFO     | __main__:main:337 - Skipping group t48 with 4 entries (< 10)
2025-09-15 15:11:12.343 | INFO     | __main__:main:369 - Saved scatter plot for group t51 to images/sfe-scatters/mnsol/scatter-t51.png
2025-09-15 15:11:12.912 | INFO     | __main__:main:369 - Saved scatter plot for group t58a to images/sfe-scatters/mnsol/scatter-t58a.png
2025-09-15 15:11:13.433 | INFO     | __main__:main:369 - Saved scatter plot for group t64 to images/sfe-scatters/mnsol/scatter-t64.png
2025-09-15 15:11:13.433 | INFO     | __main__:main:337 - Skipping group t67 with 1 entries (< 10)
2025-09-15 15:11:13.433 | INFO     | __main__:main:337 - Skipping group t73 with 4 entries (< 10)
2025-09-15 15:11:13.945 | INFO     | __main__:main:369 - Saved scatter plot for group t74 to images/sfe-scatters/mnsol/scatter-t74.png
2025-09-15 15:11:14.468 | INFO     | __main__:main:369 - Saved scatter plot for group t75 to images/sfe-scatters/mnsol/scatter-t75.png
2025-09-15 15:11:14.469 | INFO     | __main__:main:337 - Skipping group t76 with 4 entries (< 10)
2025-09-15 15:11:15.049 | INFO     | __main__:main:369 - Saved scatter plot for group t77 to images/sfe-scatters/mnsol/scatter-t77.png
2025-09-15 15:11:15.550 | INFO     | __main__:main:369 - Saved scatter plot for group t78 to images/sfe-scatters/mnsol/scatter-t78.png
2025-09-15 15:11:15.551 | INFO     | __main__:main:337 - Skipping group t80 with 2 entries (< 10)
2025-09-15 15:11:15.551 | INFO     | __main__:main:337 - Skipping group t83a with 0 entries (< 10)
2025-09-15 15:11:16.049 | INFO     | __main__:main:369 - Saved scatter plot for group t84 to images/sfe-scatters/mnsol/scatter-t84.png
2025-09-15 15:11:16.575 | INFO     | __main__:main:369 - Saved scatter plot for group t85 to images/sfe-scatters/mnsol/scatter-t85.png
2025-09-15 15:11:17.183 | INFO     | __main__:main:369 - Saved scatter plot for group t93 to images/sfe-scatters/mnsol/scatter-t93.png
2025-09-15 15:11:17.720 | INFO     | __main__:main:369 - Saved scatter plot for group t94 to images/sfe-scatters/mnsol/scatter-t94.png
2025-09-15 15:11:18.259 | INFO     | __main__:main:369 - Saved scatter plot for group t95 to images/sfe-scatters/mnsol/scatter-t95.png
2025-09-15 15:11:18.848 | INFO     | __main__:main:369 - Saved scatter plot for group t96 to images/sfe-scatters/mnsol/scatter-t96.png
2025-09-15 15:11:19.374 | INFO     | __main__:main:369 - Saved scatter plot for group t97 to images/sfe-scatters/mnsol/scatter-t97.png
2025-09-15 15:11:19.891 | INFO     | __main__:main:369 - Saved scatter plot for group t105 to images/sfe-scatters/mnsol/scatter-t105.png
2025-09-15 15:11:20.401 | INFO     | __main__:main:369 - Saved scatter plot for group t106 to images/sfe-scatters/mnsol/scatter-t106.png
2025-09-15 15:11:20.988 | INFO     | __main__:main:369 - Saved scatter plot for group t107 to images/sfe-scatters/mnsol/scatter-t107.png
2025-09-15 15:11:21.509 | INFO     | __main__:main:369 - Saved scatter plot for group t110 to images/sfe-scatters/mnsol/scatter-t110.png
2025-09-15 15:11:21.510 | INFO     | __main__:main:337 - Skipping group t111 with 2 entries (< 10)
2025-09-15 15:11:21.510 | INFO     | __main__:main:337 - Skipping group t115 with 4 entries (< 10)
2025-09-15 15:11:21.510 | INFO     | __main__:main:337 - Skipping group t116 with 5 entries (< 10)
2025-09-15 15:11:21.510 | INFO     | __main__:main:337 - Skipping group t117a with 1 entries (< 10)
2025-09-15 15:11:22.039 | INFO     | __main__:main:369 - Saved scatter plot for group t159 to images/sfe-scatters/mnsol/scatter-t159.png
2025-09-15 15:11:22.559 | INFO     | __main__:main:369 - Saved scatter plot for group t160 to images/sfe-scatters/mnsol/scatter-t160.png
2025-09-15 15:11:22.559 | INFO     | __main__:main:337 - Skipping group t166 with 2 entries (< 10)
2025-09-15 15:11:23.168 | INFO     | __main__:main:369 - Saved scatter plot for group i1 to images/sfe-scatters/mnsol/scatter-i1.png
2025-09-15 15:11:23.701 | INFO     | __main__:main:369 - Saved scatter plot for group i2 to images/sfe-scatters/mnsol/scatter-i2.png
2025-09-15 15:11:24.273 | INFO     | __main__:main:369 - Saved scatter plot for group i4 to images/sfe-scatters/mnsol/scatter-i4.png
2025-09-15 15:11:24.274 | INFO     | __main__:main:337 - Skipping group i6 with 1 entries (< 10)
2025-09-15 15:11:24.915 | INFO     | __main__:main:369 - Saved scatter plot for group n2 to images/sfe-scatters/mnsol/scatter-n2.png
2025-09-15 15:11:25.467 | INFO     | __main__:main:369 - Saved scatter plot for group n3 to images/sfe-scatters/mnsol/scatter-n3.png
2025-09-15 15:11:25.997 | INFO     | __main__:main:369 - Saved scatter plot for group n4 to images/sfe-scatters/mnsol/scatter-n4.png
2025-09-15 15:11:26.593 | INFO     | __main__:main:369 - Saved scatter plot for group n7 to images/sfe-scatters/mnsol/scatter-n7.png
2025-09-15 15:11:27.107 | INFO     | __main__:main:369 - Saved scatter plot for group n8 to images/sfe-scatters/mnsol/scatter-n8.png
2025-09-15 15:11:27.622 | INFO     | __main__:main:369 - Saved scatter plot for group n9 to images/sfe-scatters/mnsol/scatter-n9.png
2025-09-15 15:11:28.220 | INFO     | __main__:main:369 - Saved scatter plot for group n11 to images/sfe-scatters/mnsol/scatter-n11.png
2025-09-15 15:11:28.769 | INFO     | __main__:main:369 - Saved scatter plot for group n12 to images/sfe-scatters/mnsol/scatter-n12.png
2025-09-15 15:11:28.769 | INFO     | __main__:main:337 - Skipping group n13 with 4 entries (< 10)
2025-09-15 15:11:29.312 | INFO     | __main__:main:369 - Saved scatter plot for group n14 to images/sfe-scatters/mnsol/scatter-n14.png
2025-09-15 15:11:29.312 | INFO     | __main__:main:337 - Skipping group n15 with 2 entries (< 10)
2025-09-15 15:11:29.934 | INFO     | __main__:main:369 - Saved scatter plot for group n16 to images/sfe-scatters/mnsol/scatter-n16.png
2025-09-15 15:11:30.462 | INFO     | __main__:main:369 - Saved scatter plot for group n17 to images/sfe-scatters/mnsol/scatter-n17.png
2025-09-15 15:11:31.061 | INFO     | __main__:main:369 - Saved scatter plot for group n18 to images/sfe-scatters/mnsol/scatter-n18.png
2025-09-15 15:11:31.612 | INFO     | __main__:main:369 - Saved scatter plot for group n19 to images/sfe-scatters/mnsol/scatter-n19.png
2025-09-15 15:11:32.166 | INFO     | __main__:main:369 - Saved scatter plot for group n20 to images/sfe-scatters/mnsol/scatter-n20.png
2025-09-15 15:11:32.167 | INFO     | __main__:main:337 - Skipping group n21 with 6 entries (< 10)
2025-09-15 15:11:32.745 | INFO     | __main__:main:369 - Saved scatter plot for group n22 to images/sfe-scatters/mnsol/scatter-n22.png
2025-09-15 15:11:33.268 | INFO     | __main__:main:369 - Saved scatter plot for group n24 to images/sfe-scatters/mnsol/scatter-n24.png
2025-09-15 15:11:33.785 | INFO     | __main__:main:369 - Saved scatter plot for group n25 to images/sfe-scatters/mnsol/scatter-n25.png
